#
# There is insufficient memory for the Java Runtime Environment to continue.
# Native memory allocation (mmap) failed to map 87031808 bytes for committing reserved memory.
# Possible reasons:
#   The system is out of physical RAM or swap space
#   In 32 bit mode, the process size limit was hit
# Possible solutions:
#   Reduce memory load on the system
#   Increase physical memory or swap space
#   Check if swap backing store is full
#   Use 64 bit Java on a 64 bit OS
#   Decrease Java heap size (-Xmx/-Xms)
#   Decrease number of Java threads
#   Decrease Java thread stack sizes (-Xss)
#   Set larger code cache with -XX:ReservedCodeCacheSize=
# This output file may be truncated or incomplete.
#
#  Out of Memory Error (os_linux.cpp:2673), pid=17605, tid=139699612256000
#
# JRE version:  (8.0_40-b25) (build )
# Java VM: Java HotSpot(TM) 64-Bit Server VM (25.40-b25 mixed mode linux-amd64 compressed oops)
# Failed to write core dump. Core dumps have been disabled. To enable core dumping, try "ulimit -c unlimited" before starting Java again
#

---------------  T H R E A D  ---------------

Current thread (0x00007f0e50008800):  JavaThread "Unknown thread" [_thread_in_vm, id=17606, stack(0x00007f0e59b38000,0x00007f0e59c39000)]

Stack: [0x00007f0e59b38000,0x00007f0e59c39000],  sp=0x00007f0e59c373f0,  free space=1020k
Native frames: (J=compiled Java code, j=interpreted, Vv=VM code, C=native code)
V  [libjvm.so+0xaaca9a]  VMError::report_and_die()+0x2ba
V  [libjvm.so+0x4f333b]  report_vm_out_of_memory(char const*, int, unsigned long, VMErrorType, char const*)+0x8b
V  [libjvm.so+0x90e8c3]  os::Linux::commit_memory_impl(char*, unsigned long, bool)+0x103
V  [libjvm.so+0x90ee19]  os::pd_commit_memory(char*, unsigned long, unsigned long, bool)+0x29
V  [libjvm.so+0x90877a]  os::commit_memory(char*, unsigned long, unsigned long, bool)+0x2a
V  [libjvm.so+0x97bbc3]  PSVirtualSpace::expand_by(unsigned long)+0x53
V  [libjvm.so+0x97cb85]  PSYoungGen::initialize_virtual_space(ReservedSpace, unsigned long)+0x75
V  [libjvm.so+0x97d4ee]  PSYoungGen::initialize(ReservedSpace, unsigned long)+0x3e
V  [libjvm.so+0x2d4c85]  AdjoiningGenerations::AdjoiningGenerations(ReservedSpace, GenerationSizer*, unsigned long)+0x345
V  [libjvm.so+0x931816]  ParallelScavengeHeap::initialize()+0x1d6
V  [libjvm.so+0xa75bab]  Universe::initialize_heap()+0xfb
V  [libjvm.so+0xa75f1e]  universe_init()+0x3e
V  [libjvm.so+0x62f665]  init_globals()+0x65
V  [libjvm.so+0xa5a12e]  Threads::create_vm(JavaVMInitArgs*, bool*)+0x23e
V  [libjvm.so+0x6c3274]  JNI_CreateJavaVM+0x74
C  [libjli.so+0x745e]  JavaMain+0x9e
C  [libpthread.so.0+0x752a]  start_thread+0xca


---------------  P R O C E S S  ---------------

Java Threads: ( => current thread )

Other Threads:

=>0x00007f0e50008800 (exited) JavaThread "Unknown thread" [_thread_in_vm, id=17606, stack(0x00007f0e59b38000,0x00007f0e59c39000)]

VM state:not at safepoint (not fully initialized)

VM Mutex/Monitor currently owned by a thread: None

GC Heap History (0 events):
No events

Deoptimization events (0 events):
No events

Internal exceptions (0 events):
No events

Events (0 events):
No events


Dynamic libraries:
00400000-00401000 r-xp 00000000 fd:00 2367673                            /usr/java/jdk1.8.0_40/jre/bin/java
00600000-00601000 rw-p 00000000 fd:00 2367673                            /usr/java/jdk1.8.0_40/jre/bin/java
02591000-025b2000 rw-p 00000000 00:00 0                                  [heap]
6c6400000-76cc00000 ---p 00000000 00:00 0 
771f00000-7c0000000 ---p 00000000 00:00 0 
7f0e41000000-7f0e41270000 rwxp 00000000 00:00 0 
7f0e41270000-7f0e50000000 ---p 00000000 00:00 0 
7f0e50000000-7f0e50031000 rw-p 00000000 00:00 0 
7f0e50031000-7f0e54000000 ---p 00000000 00:00 0 
7f0e56502000-7f0e56786000 rw-p 00000000 00:00 0 
7f0e56786000-7f0e56f54000 ---p 00000000 00:00 0 
7f0e56f54000-7f0e56f5f000 rw-p 00000000 00:00 0 
7f0e56f5f000-7f0e57315000 ---p 00000000 00:00 0 
7f0e57315000-7f0e5732f000 r-xp 00000000 fd:00 2367748                    /usr/java/jdk1.8.0_40/jre/lib/amd64/libzip.so
7f0e5732f000-7f0e5752f000 ---p 0001a000 fd:00 2367748                    /usr/java/jdk1.8.0_40/jre/lib/amd64/libzip.so
7f0e5752f000-7f0e57530000 rw-p 0001a000 fd:00 2367748                    /usr/java/jdk1.8.0_40/jre/lib/amd64/libzip.so
7f0e57530000-7f0e5753c000 r-xp 00000000 fd:00 2235643                    /usr/lib64/libnss_files-2.20.so
7f0e5753c000-7f0e5773b000 ---p 0000c000 fd:00 2235643                    /usr/lib64/libnss_files-2.20.so
7f0e5773b000-7f0e5773c000 r--p 0000b000 fd:00 2235643                    /usr/lib64/libnss_files-2.20.so
7f0e5773c000-7f0e5773d000 rw-p 0000c000 fd:00 2235643                    /usr/lib64/libnss_files-2.20.so
7f0e5773d000-7f0e57767000 r-xp 00000000 fd:00 2367712                    /usr/java/jdk1.8.0_40/jre/lib/amd64/libjava.so
7f0e57767000-7f0e57967000 ---p 0002a000 fd:00 2367712                    /usr/java/jdk1.8.0_40/jre/lib/amd64/libjava.so
7f0e57967000-7f0e57969000 rw-p 0002a000 fd:00 2367712                    /usr/java/jdk1.8.0_40/jre/lib/amd64/libjava.so
7f0e57969000-7f0e57976000 r-xp 00000000 fd:00 2367747                    /usr/java/jdk1.8.0_40/jre/lib/amd64/libverify.so
7f0e57976000-7f0e57b76000 ---p 0000d000 fd:00 2367747                    /usr/java/jdk1.8.0_40/jre/lib/amd64/libverify.so
7f0e57b76000-7f0e57b78000 rw-p 0000d000 fd:00 2367747                    /usr/java/jdk1.8.0_40/jre/lib/amd64/libverify.so
7f0e57b78000-7f0e57b7f000 r-xp 00000000 fd:00 2235758                    /usr/lib64/librt-2.20.so
7f0e57b7f000-7f0e57d7e000 ---p 00007000 fd:00 2235758                    /usr/lib64/librt-2.20.so
7f0e57d7e000-7f0e57d7f000 r--p 00006000 fd:00 2235758                    /usr/lib64/librt-2.20.so
7f0e57d7f000-7f0e57d80000 rw-p 00007000 fd:00 2235758                    /usr/lib64/librt-2.20.so
7f0e57d80000-7f0e57e87000 r-xp 00000000 fd:00 2235248                    /usr/lib64/libm-2.20.so
7f0e57e87000-7f0e58086000 ---p 00107000 fd:00 2235248                    /usr/lib64/libm-2.20.so
7f0e58086000-7f0e58087000 r--p 00106000 fd:00 2235248                    /usr/lib64/libm-2.20.so
7f0e58087000-7f0e58088000 rw-p 00107000 fd:00 2235248                    /usr/lib64/libm-2.20.so
7f0e58088000-7f0e58d36000 r-xp 00000000 fd:00 2367752                    /usr/java/jdk1.8.0_40/jre/lib/amd64/server/libjvm.so
7f0e58d36000-7f0e58f35000 ---p 00cae000 fd:00 2367752                    /usr/java/jdk1.8.0_40/jre/lib/amd64/server/libjvm.so
7f0e58f35000-7f0e5900c000 rw-p 00cad000 fd:00 2367752                    /usr/java/jdk1.8.0_40/jre/lib/amd64/server/libjvm.so
7f0e5900c000-7f0e59050000 rw-p 00000000 00:00 0 
7f0e59050000-7f0e59203000 r-xp 00000000 fd:00 2235115                    /usr/lib64/libc-2.20.so
7f0e59203000-7f0e59403000 ---p 001b3000 fd:00 2235115                    /usr/lib64/libc-2.20.so
7f0e59403000-7f0e59407000 r--p 001b3000 fd:00 2235115                    /usr/lib64/libc-2.20.so
7f0e59407000-7f0e59409000 rw-p 001b7000 fd:00 2235115                    /usr/lib64/libc-2.20.so
7f0e59409000-7f0e5940d000 rw-p 00000000 00:00 0 
7f0e5940d000-7f0e59410000 r-xp 00000000 fd:00 2235225                    /usr/lib64/libdl-2.20.so
7f0e59410000-7f0e5960f000 ---p 00003000 fd:00 2235225                    /usr/lib64/libdl-2.20.so
7f0e5960f000-7f0e59610000 r--p 00002000 fd:00 2235225                    /usr/lib64/libdl-2.20.so
7f0e59610000-7f0e59611000 rw-p 00003000 fd:00 2235225                    /usr/lib64/libdl-2.20.so
7f0e59611000-7f0e59626000 r-xp 00000000 fd:00 2367689                    /usr/java/jdk1.8.0_40/jre/lib/amd64/jli/libjli.so
7f0e59626000-7f0e59826000 ---p 00015000 fd:00 2367689                    /usr/java/jdk1.8.0_40/jre/lib/amd64/jli/libjli.so
7f0e59826000-7f0e59827000 rw-p 00015000 fd:00 2367689                    /usr/java/jdk1.8.0_40/jre/lib/amd64/jli/libjli.so
7f0e59827000-7f0e5983e000 r-xp 00000000 fd:00 2235647                    /usr/lib64/libpthread-2.20.so
7f0e5983e000-7f0e59a3d000 ---p 00017000 fd:00 2235647                    /usr/lib64/libpthread-2.20.so
7f0e59a3d000-7f0e59a3e000 r--p 00016000 fd:00 2235647                    /usr/lib64/libpthread-2.20.so
7f0e59a3e000-7f0e59a3f000 rw-p 00017000 fd:00 2235647                    /usr/lib64/libpthread-2.20.so
7f0e59a3f000-7f0e59a43000 rw-p 00000000 00:00 0 
7f0e59a43000-7f0e59a64000 r-xp 00000000 fd:00 2236710                    /usr/lib64/ld-2.20.so
7f0e59b38000-7f0e59b3b000 ---p 00000000 00:00 0 
7f0e59b3b000-7f0e59c3d000 rw-p 00000000 00:00 0                          [stack:17606]
7f0e59c56000-7f0e59c59000 rw-p 00000000 00:00 0 
7f0e59c59000-7f0e59c61000 rw-s 00000000 00:23 183372                     /tmp/hsperfdata_hdlopesrocha/17605
7f0e59c61000-7f0e59c62000 rw-p 00000000 00:00 0 
7f0e59c62000-7f0e59c63000 r--p 00000000 00:00 0 
7f0e59c63000-7f0e59c64000 rw-p 00000000 00:00 0 
7f0e59c64000-7f0e59c65000 r--p 00021000 fd:00 2236710                    /usr/lib64/ld-2.20.so
7f0e59c65000-7f0e59c66000 rw-p 00022000 fd:00 2236710                    /usr/lib64/ld-2.20.so
7f0e59c66000-7f0e59c67000 rw-p 00000000 00:00 0 
7ffe704b1000-7ffe704d2000 rw-p 00000000 00:00 0                          [stack]
7ffe705e7000-7ffe705e9000 r--p 00000000 00:00 0                          [vvar]
7ffe705e9000-7ffe705eb000 r-xp 00000000 00:00 0                          [vdso]
ffffffffff600000-ffffffffff601000 r-xp 00000000 00:00 0                  [vsyscall]

VM Arguments:
jvm_args: -Dsmartgit.logging=false -Djava.net.preferIPv4Stack=true 
java_command: com.syntevo.smartgit.transport.askpass.SgAskPasswordMain Password for 'https://#@github.com': 
java_class_path (initial): /opt/smartgit/lib/log4j.jar:/opt/smartgit/lib/trilead.jar:/opt/smartgit/lib/smartgit.jar
Launcher Type: SUN_STANDARD

Environment Variables:
PATH=/usr/libexec/git-core:/usr/bin:/opt/smartgit/lib:/usr/lib64/qt-3.3/bin:/usr/local/bin:/usr/local/sbin:/usr/bin:/usr/sbin:/bin:/sbin:/relativePath/to/activator:/home/hdlopesrocha/.local/bin:/home/hdlopesrocha/bin
USERNAME=hdlopesrocha
LD_LIBRARY_PATH=:/usr/lib/gnome-private/lib
SHELL=/bin/bash
DISPLAY=:0

Signal Handlers:
SIGSEGV: [libjvm.so+0xaad2e0], sa_mask[0]=11111111011111111101111111111110, sa_flags=SA_RESTART|SA_SIGINFO
SIGBUS: [libjvm.so+0xaad2e0], sa_mask[0]=11111111011111111101111111111110, sa_flags=SA_RESTART|SA_SIGINFO
SIGFPE: [libjvm.so+0x90b550], sa_mask[0]=11111111011111111101111111111110, sa_flags=SA_RESTART|SA_SIGINFO
SIGPIPE: [libjvm.so+0x90b550], sa_mask[0]=11111111011111111101111111111110, sa_flags=SA_RESTART|SA_SIGINFO
SIGXFSZ: [libjvm.so+0x90b550], sa_mask[0]=11111111011111111101111111111110, sa_flags=SA_RESTART|SA_SIGINFO
SIGILL: [libjvm.so+0x90b550], sa_mask[0]=11111111011111111101111111111110, sa_flags=SA_RESTART|SA_SIGINFO
SIGUSR1: SIG_DFL, sa_mask[0]=00000000000000000000000000000000, sa_flags=none
SIGUSR2: [libjvm.so+0x90cb90], sa_mask[0]=00100000000000000000000000000000, sa_flags=SA_RESTART|SA_SIGINFO
SIGHUP: SIG_DFL, sa_mask[0]=00000000000000000000000000000000, sa_flags=none
SIGINT: SIG_DFL, sa_mask[0]=00000000000000000000000000000000, sa_flags=none
SIGTERM: SIG_DFL, sa_mask[0]=00000000000000000000000000000000, sa_flags=none
SIGQUIT: SIG_DFL, sa_mask[0]=00000000000000000000000000000000, sa_flags=none


---------------  S Y S T E M  ---------------

OS:Fedora release 21 (Twenty One)

uname:Linux 3.18.8-201.fc21.x86_64 #1 SMP Fri Feb 27 18:18:27 UTC 2015 x86_64
libc:glibc 2.20 NPTL 2.20 
rlimit: STACK 8192k, CORE 0k, NPROC 4096, NOFILE 4096, AS infinity
load average:5.40 1.61 0.64

/proc/meminfo:
MemTotal:       16364164 kB
MemFree:          167948 kB
MemAvailable:     120288 kB
Buffers:             560 kB
Cached:         13597056 kB
SwapCached:        14336 kB
Active:          8496368 kB
Inactive:        7364232 kB
Active(anon):    8495508 kB
Inactive(anon):  7356836 kB
Active(file):        860 kB
Inactive(file):     7396 kB
Unevictable:          64 kB
Mlocked:              64 kB
SwapTotal:       1019900 kB
SwapFree:              0 kB
Dirty:                68 kB
Writeback:            20 kB
AnonPages:       2251192 kB
Mapped:          1857680 kB
Shmem:          13586752 kB
Slab:             127332 kB
SReclaimable:      65368 kB
SUnreclaim:        61964 kB
KernelStack:       10160 kB
PageTables:        50252 kB
NFS_Unstable:          0 kB
Bounce:                0 kB
WritebackTmp:          0 kB
CommitLimit:     9201980 kB
Committed_AS:   19500372 kB
VmallocTotal:   34359738367 kB
VmallocUsed:      590008 kB
VmallocChunk:   34359141448 kB
HardwareCorrupted:     0 kB
AnonHugePages:         0 kB
HugePages_Total:       0
HugePages_Free:        0
HugePages_Rsvd:        0
HugePages_Surp:        0
Hugepagesize:       2048 kB
DirectMap4k:      168448 kB
DirectMap2M:     9199616 kB
DirectMap1G:     7340032 kB


CPU:total 8 (4 cores per cpu, 2 threads per core) family 6 model 60 stepping 3, cmov, cx8, fxsr, mmx, sse, sse2, sse3, ssse3, sse4.1, sse4.2, popcnt, avx, avx2, aes, clmul, erms, lzcnt, ht, tsc, tscinvbit, bmi1, bmi2

/proc/cpuinfo:
processor	: 0
vendor_id	: GenuineIntel
cpu family	: 6
model		: 60
model name	: Intel(R) Core(TM) i7-4700MQ CPU @ 2.40GHz
stepping	: 3
microcode	: 0x1c
cpu MHz		: 2719.593
cache size	: 6144 KB
physical id	: 0
siblings	: 8
core id		: 0
cpu cores	: 4
apicid		: 0
initial apicid	: 0
fpu		: yes
fpu_exception	: yes
cpuid level	: 13
wp		: yes
flags		: fpu vme de pse tsc msr pae mce cx8 apic sep mtrr pge mca cmov pat pse36 clflush dts acpi mmx fxsr sse sse2 ss ht tm pbe syscall nx pdpe1gb rdtscp lm constant_tsc arch_perfmon pebs bts rep_good nopl xtopology nonstop_tsc aperfmperf eagerfpu pni pclmulqdq dtes64 monitor ds_cpl vmx est tm2 ssse3 fma cx16 xtpr pdcm pcid sse4_1 sse4_2 movbe popcnt tsc_deadline_timer aes xsave avx f16c rdrand lahf_lm abm ida arat epb pln pts dtherm tpr_shadow vnmi flexpriority ept vpid fsgsbase tsc_adjust bmi1 avx2 smep bmi2 erms invpcid xsaveopt
bugs		:
bogomips	: 4788.42
clflush size	: 64
cache_alignment	: 64
address sizes	: 39 bits physical, 48 bits virtual
power management:

processor	: 1
vendor_id	: GenuineIntel
cpu family	: 6
model		: 60
model name	: Intel(R) Core(TM) i7-4700MQ CPU @ 2.40GHz
stepping	: 3
microcode	: 0x1c
cpu MHz		: 2764.968
cache size	: 6144 KB
physical id	: 0
siblings	: 8
core id		: 0
cpu cores	: 4
apicid		: 1
initial apicid	: 1
fpu		: yes
fpu_exception	: yes
cpuid level	: 13
wp		: yes
flags		: fpu vme de pse tsc msr pae mce cx8 apic sep mtrr pge mca cmov pat pse36 clflush dts acpi mmx fxsr sse sse2 ss ht tm pbe syscall nx pdpe1gb rdtscp lm constant_tsc arch_perfmon pebs bts rep_good nopl xtopology nonstop_tsc aperfmperf eagerfpu pni pclmulqdq dtes64 monitor ds_cpl vmx est tm2 ssse3 fma cx16 xtpr pdcm pcid sse4_1 sse4_2 movbe popcnt tsc_deadline_timer aes xsave avx f16c rdrand lahf_lm abm ida arat epb pln pts dtherm tpr_shadow vnmi flexpriority ept vpid fsgsbase tsc_adjust bmi1 avx2 smep bmi2 erms invpcid xsaveopt
bugs		:
bogomips	: 4788.42
clflush size	: 64
cache_alignment	: 64
address sizes	: 39 bits physical, 48 bits virtual
power management:

processor	: 2
vendor_id	: GenuineIntel
cpu family	: 6
model		: 60
model name	: Intel(R) Core(TM) i7-4700MQ CPU @ 2.40GHz
stepping	: 3
microcode	: 0x1c
cpu MHz		: 2676.000
cache size	: 6144 KB
physical id	: 0
siblings	: 8
core id		: 1
cpu cores	: 4
apicid		: 2
initial apicid	: 2
fpu		: yes
fpu_exception	: yes
cpuid level	: 13
wp		: yes
flags		: fpu vme de pse tsc msr pae mce cx8 apic sep mtrr pge mca cmov pat pse36 clflush dts acpi mmx fxsr sse sse2 ss ht tm pbe syscall nx pdpe1gb rdtscp lm constant_tsc arch_perfmon pebs bts rep_good nopl xtopology nonstop_tsc aperfmperf eagerfpu pni pclmulqdq dtes64 monitor ds_cpl vmx est tm2 ssse3 fma cx16 xtpr pdcm pcid sse4_1 sse4_2 movbe popcnt tsc_deadline_timer aes xsave avx f16c rdrand lahf_lm abm ida arat epb pln pts dtherm tpr_shadow vnmi flexpriority ept vpid fsgsbase tsc_adjust bmi1 avx2 smep bmi2 erms invpcid xsaveopt
bugs		:
bogomips	: 4788.42
clflush size	: 64
cache_alignment	: 64
address sizes	: 39 bits physical, 48 bits virtual
power management:

processor	: 3
vendor_id	: GenuineIntel
cpu family	: 6
model		: 60
model name	: Intel(R) Core(TM) i7-4700MQ CPU @ 2.40GHz
stepping	: 3
microcode	: 0x1c
cpu MHz		: 2655.656
cache size	: 6144 KB
physical id	: 0
siblings	: 8
core id		: 1
cpu cores	: 4
apicid		: 3
initial apicid	: 3
fpu		: yes
fpu_exception	: yes
cpuid level	: 13
wp		: yes
flags		: fpu vme de pse tsc msr pae mce cx8 apic sep mtrr pge mca cmov pat pse36 clflush dts acpi mmx fxsr sse sse2 ss ht tm pbe syscall nx pdpe1gb rdtscp lm constant_tsc arch_perfmon pebs bts rep_good nopl xtopology nonstop_tsc aperfmperf eagerfpu pni pclmulqdq dtes64 monitor ds_cpl vmx est tm2 ssse3 fma cx16 xtpr pdcm pcid sse4_1 sse4_2 movbe popcnt tsc_deadline_timer aes xsave avx f16c rdrand lahf_lm abm ida arat epb pln pts dtherm tpr_shadow vnmi flexpriority ept vpid fsgsbase tsc_adjust bmi1 avx2 smep bmi2 erms invpcid xsaveopt
bugs		:
bogomips	: 4788.42
clflush size	: 64
cache_alignment	: 64
address sizes	: 39 bits physical, 48 bits virtual
power management:

processor	: 4
vendor_id	: GenuineIntel
cpu family	: 6
model		: 60
model name	: Intel(R) Core(TM) i7-4700MQ CPU @ 2.40GHz
stepping	: 3
microcode	: 0x1c
cpu MHz		: 2400.000
cache size	: 6144 KB
physical id	: 0
siblings	: 8
core id		: 2
cpu cores	: 4
apicid		: 4
initial apicid	: 4
fpu		: yes
fpu_exception	: yes
cpuid level	: 13
wp		: yes
flags		: fpu vme de pse tsc msr pae mce cx8 apic sep mtrr pge mca cmov pat pse36 clflush dts acpi mmx fxsr sse sse2 ss ht tm pbe syscall nx pdpe1gb rdtscp lm constant_tsc arch_perfmon pebs bts rep_good nopl xtopology nonstop_tsc aperfmperf eagerfpu pni pclmulqdq dtes64 monitor ds_cpl vmx est tm2 ssse3 fma cx16 xtpr pdcm pcid sse4_1 sse4_2 movbe popcnt tsc_deadline_timer aes xsave avx f16c rdrand lahf_lm abm ida arat epb pln pts dtherm tpr_shadow vnmi flexpriority ept vpid fsgsbase tsc_adjust bmi1 avx2 smep bmi2 erms invpcid xsaveopt
bugs		:
bogomips	: 4788.42
clflush size	: 64
cache_alignment	: 64
address sizes	: 39 bits physical, 48 bits virtual
power management:

processor	: 5
vendor_id	: GenuineIntel
cpu family	: 6
model		: 60
model name	: Intel(R) Core(TM) i7-4700MQ CPU @ 2.40GHz
stepping	: 3
microcode	: 0x1c
cpu MHz		: 2517.843
cache size	: 6144 KB
physical id	: 0
siblings	: 8
core id		: 2
cpu cores	: 4
apicid		: 5
initial apicid	: 5
fpu		: yes
fpu_exception	: yes
cpuid level	: 13
wp		: yes
flags		: fpu vme de pse tsc msr pae mce cx8 apic sep mtrr pge mca cmov pat pse36 clflush dts acpi mmx fxsr sse sse2 ss ht tm pbe syscall nx pdpe1gb rdtscp lm constant_tsc arch_perfmon pebs bts rep_good nopl xtopology nonstop_tsc aperfmperf eagerfpu pni pclmulqdq dtes64 monitor ds_cpl vmx est tm2 ssse3 fma cx16 xtpr pdcm pcid sse4_1 sse4_2 movbe popcnt tsc_deadline_timer aes xsave avx f16c rdrand lahf_lm abm ida arat epb pln pts dtherm tpr_shadow vnmi flexpriority ept vpid fsgsbase tsc_adjust bmi1 avx2 smep bmi2 erms invpcid xsaveopt
bugs		:
bogomips	: 4788.42
clflush size	: 64
cache_alignment	: 64
address sizes	: 39 bits physical, 48 bits virtual
power management:

processor	: 6
vendor_id	: GenuineIntel
cpu family	: 6
model		: 60
model name	: Intel(R) Core(TM) i7-4700MQ CPU @ 2.40GHz
stepping	: 3
microcode	: 0x1c
cpu MHz		: 2222.156
cache size	: 6144 KB
physical id	: 0
siblings	: 8
core id		: 3
cpu cores	: 4
apicid		: 6
initial apicid	: 6
fpu		: yes
fpu_exception	: yes
cpuid level	: 13
wp		: yes
flags		: fpu vme de pse tsc msr pae mce cx8 apic sep mtrr pge mca cmov pat pse36 clflush dts acpi mmx fxsr sse sse2 ss ht tm pbe syscall nx pdpe1gb rdtscp lm constant_tsc arch_perfmon pebs bts rep_good nopl xtopology nonstop_tsc aperfmperf eagerfpu pni pclmulqdq dtes64 monitor ds_cpl vmx est tm2 ssse3 fma cx16 xtpr pdcm pcid sse4_1 sse4_2 movbe popcnt tsc_deadline_timer aes xsave avx f16c rdrand lahf_lm abm ida arat epb pln pts dtherm tpr_shadow vnmi flexpriority ept vpid fsgsbase tsc_adjust bmi1 avx2 smep bmi2 erms invpcid xsaveopt
bugs		:
bogomips	: 4788.42
clflush size	: 64
cache_alignment	: 64
address sizes	: 39 bits physical, 48 bits virtual
power management:

processor	: 7
vendor_id	: GenuineIntel
cpu family	: 6
model		: 60
model name	: Intel(R) Core(TM) i7-4700MQ CPU @ 2.40GHz
stepping	: 3
microcode	: 0x1c
cpu MHz		: 2640.000
cache size	: 6144 KB
physical id	: 0
siblings	: 8
core id		: 3
cpu cores	: 4
apicid		: 7
initial apicid	: 7
fpu		: yes
fpu_exception	: yes
cpuid level	: 13
wp		: yes
flags		: fpu vme de pse tsc msr pae mce cx8 apic sep mtrr pge mca cmov pat pse36 clflush dts acpi mmx fxsr sse sse2 ss ht tm pbe syscall nx pdpe1gb rdtscp lm constant_tsc arch_perfmon pebs bts rep_good nopl xtopology nonstop_tsc aperfmperf eagerfpu pni pclmulqdq dtes64 monitor ds_cpl vmx est tm2 ssse3 fma cx16 xtpr pdcm pcid sse4_1 sse4_2 movbe popcnt tsc_deadline_timer aes xsave avx f16c rdrand lahf_lm abm ida arat epb pln pts dtherm tpr_shadow vnmi flexpriority ept vpid fsgsbase tsc_adjust bmi1 avx2 smep bmi2 erms invpcid xsaveopt
bugs		:
bogomips	: 4788.42
clflush size	: 64
cache_alignment	: 64
address sizes	: 39 bits physical, 48 bits virtual
power management:



Memory: 4k page, physical 16364164k(166584k free), swap 1019900k(0k free)

vm_info: Java HotSpot(TM) 64-Bit Server VM (25.40-b25) for linux-amd64 JRE (1.8.0_40-b25), built on Feb 10 2015 21:29:53 by "java_re" with gcc 4.3.0 20080428 (Red Hat 4.3.0-8)

time: Tue Mar 10 18:42:09 2015
elapsed time: 0 seconds (0d 0h 0m 0s)

