This is pdfTeX, Version 3.1415926-2.5-1.40.14 (TeX Live 2013/Debian) (format=pdflatex 2016.4.16)  25 MAY 2016 15:43
entering extended mode
 restricted \write18 enabled.
 %&-line parsing enabled.
**project.tex
(./project.tex
LaTeX2e <2011/06/27>
Babel <3.9h> and hyphenation patterns for 78 languages loaded.
(/usr/share/texmf/tex/latex/beamer/base/beamer.cls
(/usr/share/texmf/tex/latex/beamer/base/beamerbasercs.sty
Package: beamerbasercs 2012/11/13 (rcs-revision cb16a617839f)
)
Document Class: beamer 2012/10/15 development version 3.24 A class for typesett
ing presentations (rcs-revision 24853e6b98cf)
(/usr/share/texmf/tex/latex/beamer/base/beamerbasemodes.sty
Package: beamerbasemodes 2012/04/15 (rcs-revision cc6557182d97)
\beamer@tempbox=\box26
\beamer@tempcount=\count79
\c@beamerpauses=\count80

(/usr/share/texmf/tex/latex/beamer/base/beamerbasedecode.sty
Package: beamerbasedecode 2010/05/01 (rcs-revision efa082c6111d)
\beamer@slideinframe=\count81
\beamer@minimum=\count82
)
\beamer@commentbox=\box27
\beamer@modecount=\count83
)
(/usr/share/texlive/texmf-dist/tex/generic/oberdiek/ifpdf.sty
Package: ifpdf 2011/01/30 v2.3 Provides the ifpdf switch (HO)
Package ifpdf Info: pdfTeX in PDF mode is detected.
)
\headheight=\dimen102
\headdp=\dimen103
\footheight=\dimen104
\sidebarheight=\dimen105
\beamer@tempdim=\dimen106
\beamer@finalheight=\dimen107
\beamer@animht=\dimen108
\beamer@animdp=\dimen109
\beamer@animwd=\dimen110
\beamer@leftmargin=\dimen111
\beamer@rightmargin=\dimen112
\beamer@leftsidebar=\dimen113
\beamer@rightsidebar=\dimen114
\beamer@boxsize=\dimen115
\beamer@vboxoffset=\dimen116
\beamer@descdefault=\dimen117
\beamer@descriptionwidth=\dimen118
\beamer@lastskip=\skip41
\beamer@areabox=\box28
\beamer@animcurrent=\box29
\beamer@animshowbox=\box30
\beamer@sectionbox=\box31
\beamer@logobox=\box32
\beamer@linebox=\box33
\beamer@sectioncount=\count84
\beamer@subsubsectionmax=\count85
\beamer@subsectionmax=\count86
\beamer@sectionmax=\count87
\beamer@totalheads=\count88
\beamer@headcounter=\count89
\beamer@partstartpage=\count90
\beamer@sectionstartpage=\count91
\beamer@subsectionstartpage=\count92
\beamer@animationtempa=\count93
\beamer@animationtempb=\count94
\beamer@xpos=\count95
\beamer@ypos=\count96
\beamer@showpartnumber=\count97
\beamer@currentsubsection=\count98
\beamer@coveringdepth=\count99
\beamer@sectionadjust=\count100
\beamer@tocsectionnumber=\count101

(/usr/share/texmf/tex/latex/beamer/base/beamerbaseoptions.sty
Package: beamerbaseoptions 2010/04/27 (rcs-revision 982469101dd6)

(/usr/share/texlive/texmf-dist/tex/latex/graphics/keyval.sty
Package: keyval 1999/03/16 v1.13 key=value parser (DPC)
\KV@toks@=\toks14
))
\beamer@paperwidth=\skip42
\beamer@paperheight=\skip43

(/usr/share/texlive/texmf-dist/tex/latex/geometry/geometry.sty
Package: geometry 2010/09/12 v5.6 Page Geometry

(/usr/share/texlive/texmf-dist/tex/generic/oberdiek/ifvtex.sty
Package: ifvtex 2010/03/01 v1.5 Detect VTeX and its facilities (HO)
Package ifvtex Info: VTeX not detected.
)
(/usr/share/texlive/texmf-dist/tex/generic/ifxetex/ifxetex.sty
Package: ifxetex 2010/09/12 v0.6 Provides ifxetex conditional
)
\Gm@cnth=\count102
\Gm@cntv=\count103
\c@Gm@tempcnt=\count104
\Gm@bindingoffset=\dimen119
\Gm@wd@mp=\dimen120
\Gm@odd@mp=\dimen121
\Gm@even@mp=\dimen122
\Gm@layoutwidth=\dimen123
\Gm@layoutheight=\dimen124
\Gm@layouthoffset=\dimen125
\Gm@layoutvoffset=\dimen126
\Gm@dimlist=\toks15
)
(/usr/share/texlive/texmf-dist/tex/latex/base/size11.clo
File: size11.clo 2007/10/19 v1.4h Standard LaTeX file (size option)
)
(/usr/share/texmf/tex/latex/pgf/basiclayer/pgfcore.sty
(/usr/share/texlive/texmf-dist/tex/latex/graphics/graphicx.sty
Package: graphicx 1999/02/16 v1.0f Enhanced LaTeX Graphics (DPC,SPQR)

(/usr/share/texlive/texmf-dist/tex/latex/graphics/graphics.sty
Package: graphics 2009/02/05 v1.0o Standard LaTeX Graphics (DPC,SPQR)

(/usr/share/texlive/texmf-dist/tex/latex/graphics/trig.sty
Package: trig 1999/03/16 v1.09 sin cos tan (DPC)
)
(/usr/share/texlive/texmf-dist/tex/latex/latexconfig/graphics.cfg
File: graphics.cfg 2010/04/23 v1.9 graphics configuration of TeX Live
)
Package graphics Info: Driver file: pdftex.def on input line 91.

(/usr/share/texlive/texmf-dist/tex/latex/pdftex-def/pdftex.def
File: pdftex.def 2011/05/27 v0.06d Graphics/color for pdfTeX

(/usr/share/texlive/texmf-dist/tex/generic/oberdiek/infwarerr.sty
Package: infwarerr 2010/04/08 v1.3 Providing info/warning/error messages (HO)
)
(/usr/share/texlive/texmf-dist/tex/generic/oberdiek/ltxcmds.sty
Package: ltxcmds 2011/11/09 v1.22 LaTeX kernel commands for general use (HO)
)
\Gread@gobject=\count105
))
\Gin@req@height=\dimen127
\Gin@req@width=\dimen128
)
(/usr/share/texmf/tex/latex/pgf/systemlayer/pgfsys.sty
(/usr/share/texmf/tex/latex/pgf/utilities/pgfrcs.sty
(/usr/share/texmf/tex/generic/pgf/utilities/pgfutil-common.tex
\pgfutil@everybye=\toks16
)
(/usr/share/texmf/tex/generic/pgf/utilities/pgfutil-latex.def
\pgfutil@abb=\box34

(/usr/share/texlive/texmf-dist/tex/latex/ms/everyshi.sty
Package: everyshi 2001/05/15 v3.00 EveryShipout Package (MS)
))
(/usr/share/texmf/tex/generic/pgf/utilities/pgfrcs.code.tex
Package: pgfrcs 2010/10/25 v2.10 (rcs-revision 1.24)
))
(/usr/share/texmf/tex/generic/pgf/systemlayer/pgfsys.code.tex
Package: pgfsys 2010/06/30 v2.10 (rcs-revision 1.37)

(/usr/share/texmf/tex/generic/pgf/utilities/pgfkeys.code.tex
\pgfkeys@pathtoks=\toks17
\pgfkeys@temptoks=\toks18

(/usr/share/texmf/tex/generic/pgf/utilities/pgfkeysfiltered.code.tex
\pgfkeys@tmptoks=\toks19
))
\pgf@x=\dimen129
\pgf@y=\dimen130
\pgf@xa=\dimen131
\pgf@ya=\dimen132
\pgf@xb=\dimen133
\pgf@yb=\dimen134
\pgf@xc=\dimen135
\pgf@yc=\dimen136
\w@pgf@writea=\write3
\r@pgf@reada=\read1
\c@pgf@counta=\count106
\c@pgf@countb=\count107
\c@pgf@countc=\count108
\c@pgf@countd=\count109

(/usr/share/texmf/tex/generic/pgf/systemlayer/pgf.cfg
File: pgf.cfg 2008/05/14  (rcs-revision 1.7)
)
Package pgfsys Info: Driver file for pgf: pgfsys-pdftex.def on input line 900.

(/usr/share/texmf/tex/generic/pgf/systemlayer/pgfsys-pdftex.def
File: pgfsys-pdftex.def 2009/05/22  (rcs-revision 1.26)

(/usr/share/texmf/tex/generic/pgf/systemlayer/pgfsys-common-pdf.def
File: pgfsys-common-pdf.def 2008/05/19  (rcs-revision 1.10)
)))
(/usr/share/texmf/tex/generic/pgf/systemlayer/pgfsyssoftpath.code.tex
File: pgfsyssoftpath.code.tex 2008/07/18  (rcs-revision 1.7)
\pgfsyssoftpath@smallbuffer@items=\count110
\pgfsyssoftpath@bigbuffer@items=\count111
)
(/usr/share/texmf/tex/generic/pgf/systemlayer/pgfsysprotocol.code.tex
File: pgfsysprotocol.code.tex 2006/10/16  (rcs-revision 1.4)
))
(/usr/share/texmf/tex/latex/xcolor/xcolor.sty
Package: xcolor 2007/01/21 v2.11 LaTeX color extensions (UK)

(/usr/share/texlive/texmf-dist/tex/latex/latexconfig/color.cfg
File: color.cfg 2007/01/18 v1.5 color configuration of teTeX/TeXLive
)
Package xcolor Info: Driver file: pdftex.def on input line 225.
Package xcolor Info: Model `cmy' substituted by `cmy0' on input line 1337.
Package xcolor Info: Model `hsb' substituted by `rgb' on input line 1341.
Package xcolor Info: Model `RGB' extended on input line 1353.
Package xcolor Info: Model `HTML' substituted by `rgb' on input line 1355.
Package xcolor Info: Model `Hsb' substituted by `hsb' on input line 1356.
Package xcolor Info: Model `tHsb' substituted by `hsb' on input line 1357.
Package xcolor Info: Model `HSB' substituted by `hsb' on input line 1358.
Package xcolor Info: Model `Gray' substituted by `gray' on input line 1359.
Package xcolor Info: Model `wave' substituted by `hsb' on input line 1360.
)
(/usr/share/texmf/tex/generic/pgf/basiclayer/pgfcore.code.tex
Package: pgfcore 2010/04/11 v2.10 (rcs-revision 1.7)

(/usr/share/texmf/tex/generic/pgf/math/pgfmath.code.tex
(/usr/share/texmf/tex/generic/pgf/math/pgfmathcalc.code.tex
(/usr/share/texmf/tex/generic/pgf/math/pgfmathutil.code.tex)
(/usr/share/texmf/tex/generic/pgf/math/pgfmathparser.code.tex
\pgfmath@dimen=\dimen137
\pgfmath@count=\count112
\pgfmath@box=\box35
\pgfmath@toks=\toks20
\pgfmath@stack@operand=\toks21
\pgfmath@stack@operation=\toks22
)
(/usr/share/texmf/tex/generic/pgf/math/pgfmathfunctions.code.tex
(/usr/share/texmf/tex/generic/pgf/math/pgfmathfunctions.basic.code.tex)
(/usr/share/texmf/tex/generic/pgf/math/pgfmathfunctions.trigonometric.code.tex)
(/usr/share/texmf/tex/generic/pgf/math/pgfmathfunctions.random.code.tex)
(/usr/share/texmf/tex/generic/pgf/math/pgfmathfunctions.comparison.code.tex)
(/usr/share/texmf/tex/generic/pgf/math/pgfmathfunctions.base.code.tex)
(/usr/share/texmf/tex/generic/pgf/math/pgfmathfunctions.round.code.tex)
(/usr/share/texmf/tex/generic/pgf/math/pgfmathfunctions.misc.code.tex)))
(/usr/share/texmf/tex/generic/pgf/math/pgfmathfloat.code.tex
\c@pgfmathroundto@lastzeros=\count113
))
(/usr/share/texmf/tex/generic/pgf/basiclayer/pgfcorepoints.code.tex
File: pgfcorepoints.code.tex 2010/04/09  (rcs-revision 1.20)
\pgf@picminx=\dimen138
\pgf@picmaxx=\dimen139
\pgf@picminy=\dimen140
\pgf@picmaxy=\dimen141
\pgf@pathminx=\dimen142
\pgf@pathmaxx=\dimen143
\pgf@pathminy=\dimen144
\pgf@pathmaxy=\dimen145
\pgf@xx=\dimen146
\pgf@xy=\dimen147
\pgf@yx=\dimen148
\pgf@yy=\dimen149
\pgf@zx=\dimen150
\pgf@zy=\dimen151
)
(/usr/share/texmf/tex/generic/pgf/basiclayer/pgfcorepathconstruct.code.tex
File: pgfcorepathconstruct.code.tex 2010/08/03  (rcs-revision 1.24)
\pgf@path@lastx=\dimen152
\pgf@path@lasty=\dimen153
)
(/usr/share/texmf/tex/generic/pgf/basiclayer/pgfcorepathusage.code.tex
File: pgfcorepathusage.code.tex 2008/04/22  (rcs-revision 1.12)
\pgf@shorten@end@additional=\dimen154
\pgf@shorten@start@additional=\dimen155
)
(/usr/share/texmf/tex/generic/pgf/basiclayer/pgfcorescopes.code.tex
File: pgfcorescopes.code.tex 2010/09/08  (rcs-revision 1.34)
\pgfpic=\box36
\pgf@hbox=\box37
\pgf@layerbox@main=\box38
\pgf@picture@serial@count=\count114
)
(/usr/share/texmf/tex/generic/pgf/basiclayer/pgfcoregraphicstate.code.tex
File: pgfcoregraphicstate.code.tex 2008/04/22  (rcs-revision 1.9)
\pgflinewidth=\dimen156
)
(/usr/share/texmf/tex/generic/pgf/basiclayer/pgfcoretransformations.code.tex
File: pgfcoretransformations.code.tex 2009/06/10  (rcs-revision 1.11)
\pgf@pt@x=\dimen157
\pgf@pt@y=\dimen158
\pgf@pt@temp=\dimen159
)
(/usr/share/texmf/tex/generic/pgf/basiclayer/pgfcorequick.code.tex
File: pgfcorequick.code.tex 2008/10/09  (rcs-revision 1.3)
)
(/usr/share/texmf/tex/generic/pgf/basiclayer/pgfcoreobjects.code.tex
File: pgfcoreobjects.code.tex 2006/10/11  (rcs-revision 1.2)
)
(/usr/share/texmf/tex/generic/pgf/basiclayer/pgfcorepathprocessing.code.tex
File: pgfcorepathprocessing.code.tex 2008/10/09  (rcs-revision 1.8)
)
(/usr/share/texmf/tex/generic/pgf/basiclayer/pgfcorearrows.code.tex
File: pgfcorearrows.code.tex 2008/04/23  (rcs-revision 1.11)
)
(/usr/share/texmf/tex/generic/pgf/basiclayer/pgfcoreshade.code.tex
File: pgfcoreshade.code.tex 2008/11/23  (rcs-revision 1.13)
\pgf@max=\dimen160
\pgf@sys@shading@range@num=\count115
)
(/usr/share/texmf/tex/generic/pgf/basiclayer/pgfcoreimage.code.tex
File: pgfcoreimage.code.tex 2010/03/25  (rcs-revision 1.16)

(/usr/share/texmf/tex/generic/pgf/basiclayer/pgfcoreexternal.code.tex
File: pgfcoreexternal.code.tex 2010/09/01  (rcs-revision 1.17)
\pgfexternal@startupbox=\box39
))
(/usr/share/texmf/tex/generic/pgf/basiclayer/pgfcorelayers.code.tex
File: pgfcorelayers.code.tex 2010/08/27  (rcs-revision 1.2)
)
(/usr/share/texmf/tex/generic/pgf/basiclayer/pgfcoretransparency.code.tex
File: pgfcoretransparency.code.tex 2008/01/17  (rcs-revision 1.2)
)
(/usr/share/texmf/tex/generic/pgf/basiclayer/pgfcorepatterns.code.tex
File: pgfcorepatterns.code.tex 2009/07/02  (rcs-revision 1.3)
)))
(/usr/share/texmf/tex/latex/pgf/utilities/xxcolor.sty
Package: xxcolor 2003/10/24 ver 0.1
\XC@nummixins=\count116
\XC@countmixins=\count117
)
(/usr/share/texlive/texmf-dist/tex/latex/hyperref/hyperref.sty
Package: hyperref 2012/11/06 v6.83m Hypertext links for LaTeX

(/usr/share/texlive/texmf-dist/tex/generic/oberdiek/hobsub-hyperref.sty
Package: hobsub-hyperref 2012/05/28 v1.13 Bundle oberdiek, subset hyperref (HO)


(/usr/share/texlive/texmf-dist/tex/generic/oberdiek/hobsub-generic.sty
Package: hobsub-generic 2012/05/28 v1.13 Bundle oberdiek, subset generic (HO)
Package: hobsub 2012/05/28 v1.13 Construct package bundles (HO)
Package hobsub Info: Skipping package `infwarerr' (already loaded).
Package hobsub Info: Skipping package `ltxcmds' (already loaded).
Package: ifluatex 2010/03/01 v1.3 Provides the ifluatex switch (HO)
Package ifluatex Info: LuaTeX not detected.
Package hobsub Info: Skipping package `ifvtex' (already loaded).
Package: intcalc 2007/09/27 v1.1 Expandable calculations with integers (HO)
Package hobsub Info: Skipping package `ifpdf' (already loaded).
Package: etexcmds 2011/02/16 v1.5 Avoid name clashes with e-TeX commands (HO)
Package etexcmds Info: Could not find \expanded.
(etexcmds)             That can mean that you are not using pdfTeX 1.50 or
(etexcmds)             that some package has redefined \expanded.
(etexcmds)             In the latter case, load this package earlier.
Package: kvsetkeys 2012/04/25 v1.16 Key value parser (HO)
Package: kvdefinekeys 2011/04/07 v1.3 Define keys (HO)
Package: pdftexcmds 2011/11/29 v0.20 Utility functions of pdfTeX for LuaTeX (HO
)
Package pdftexcmds Info: LuaTeX not detected.
Package pdftexcmds Info: \pdf@primitive is available.
Package pdftexcmds Info: \pdf@ifprimitive is available.
Package pdftexcmds Info: \pdfdraftmode found.
Package: pdfescape 2011/11/25 v1.13 Implements pdfTeX's escape features (HO)
Package: bigintcalc 2012/04/08 v1.3 Expandable calculations on big integers (HO
)
Package: bitset 2011/01/30 v1.1 Handle bit-vector datatype (HO)
Package: uniquecounter 2011/01/30 v1.2 Provide unlimited unique counter (HO)
)
Package hobsub Info: Skipping package `hobsub' (already loaded).
Package: letltxmacro 2010/09/02 v1.4 Let assignment for LaTeX macros (HO)
Package: hopatch 2012/05/28 v1.2 Wrapper for package hooks (HO)
Package: xcolor-patch 2011/01/30 xcolor patch
Package: atveryend 2011/06/30 v1.8 Hooks at the very end of document (HO)
Package atveryend Info: \enddocument detected (standard20110627).
Package: atbegshi 2011/10/05 v1.16 At begin shipout hook (HO)
Package: refcount 2011/10/16 v3.4 Data extraction from label references (HO)
Package: hycolor 2011/01/30 v1.7 Color options for hyperref/bookmark (HO)
)
(/usr/share/texlive/texmf-dist/tex/latex/oberdiek/auxhook.sty
Package: auxhook 2011/03/04 v1.3 Hooks for auxiliary files (HO)
)
(/usr/share/texlive/texmf-dist/tex/latex/oberdiek/kvoptions.sty
Package: kvoptions 2011/06/30 v3.11 Key value format for package options (HO)
)
\@linkdim=\dimen161
\Hy@linkcounter=\count118
\Hy@pagecounter=\count119

(/usr/share/texlive/texmf-dist/tex/latex/hyperref/pd1enc.def
File: pd1enc.def 2012/11/06 v6.83m Hyperref: PDFDocEncoding definition (HO)
)
\Hy@SavedSpaceFactor=\count120

(/usr/share/texlive/texmf-dist/tex/latex/latexconfig/hyperref.cfg
File: hyperref.cfg 2002/06/06 v1.2 hyperref configuration of TeXLive
)
Package hyperref Info: Option `bookmarks' set `true' on input line 4319.
Package hyperref Info: Option `bookmarksopen' set `true' on input line 4319.
Package hyperref Info: Option `implicit' set `false' on input line 4319.
Package hyperref Info: Hyper figures OFF on input line 4443.
Package hyperref Info: Link nesting OFF on input line 4448.
Package hyperref Info: Hyper index ON on input line 4451.
Package hyperref Info: Plain pages OFF on input line 4458.
Package hyperref Info: Backreferencing OFF on input line 4463.
Package hyperref Info: Implicit mode OFF; no redefinition of LaTeX internals.
Package hyperref Info: Bookmarks ON on input line 4688.
\c@Hy@tempcnt=\count121

(/usr/share/texlive/texmf-dist/tex/latex/url/url.sty
\Urlmuskip=\muskip10
Package: url 2013/09/16  ver 3.4  Verb mode for urls, etc.
)
LaTeX Info: Redefining \url on input line 5041.
\XeTeXLinkMargin=\dimen162
\Fld@menulength=\count122
\Field@Width=\dimen163
\Fld@charsize=\dimen164
Package hyperref Info: Hyper figures OFF on input line 6295.
Package hyperref Info: Link nesting OFF on input line 6300.
Package hyperref Info: Hyper index ON on input line 6303.
Package hyperref Info: backreferencing OFF on input line 6310.
Package hyperref Info: Link coloring OFF on input line 6315.
Package hyperref Info: Link coloring with OCG OFF on input line 6320.
Package hyperref Info: PDF/A mode OFF on input line 6325.
LaTeX Info: Redefining \ref on input line 6365.
LaTeX Info: Redefining \pageref on input line 6369.
\Hy@abspage=\count123


Package hyperref Message: Stopped early.

)

Package hyperref Message: Driver (autodetected): hpdftex.

(/usr/share/texlive/texmf-dist/tex/latex/hyperref/hpdftex.def
File: hpdftex.def 2012/11/06 v6.83m Hyperref driver for pdfTeX
\Fld@listcount=\count124
\c@bookmark@seq@number=\count125

(/usr/share/texlive/texmf-dist/tex/latex/oberdiek/rerunfilecheck.sty
Package: rerunfilecheck 2011/04/15 v1.7 Rerun checks for auxiliary files (HO)
Package uniquecounter Info: New unique counter `rerunfilecheck' on input line 2
82.
))
(/usr/share/texmf/tex/latex/beamer/base/beamerbaserequires.sty
Package: beamerbaserequires 2010/05/01  (rcs-revision efa082c6111d)

(/usr/share/texmf/tex/latex/beamer/base/beamerbasecompatibility.sty
Package: beamerbasecompatibility 2012/05/01  (rcs-revision 67c48b3b652d)
)
(/usr/share/texmf/tex/latex/beamer/base/beamerbasefont.sty
Package: beamerbasefont 2012/09/19  (rcs-revision 733629cd0c6c)

(/usr/share/texlive/texmf-dist/tex/latex/amsfonts/amssymb.sty
Package: amssymb 2013/01/14 v3.01 AMS font symbols

(/usr/share/texlive/texmf-dist/tex/latex/amsfonts/amsfonts.sty
Package: amsfonts 2013/01/14 v3.01 Basic AMSFonts support
\@emptytoks=\toks23
\symAMSa=\mathgroup4
\symAMSb=\mathgroup5
LaTeX Font Info:    Overwriting math alphabet `\mathfrak' in version `bold'
(Font)                  U/euf/m/n --> U/euf/b/n on input line 106.
)))
(/usr/share/texmf/tex/latex/beamer/base/beamerbasetranslator.sty
Package: beamerbasetranslator 2010/06/11  (rcs-revision 85fd1cc7fc42)

(/usr/share/texmf/tex/latex/beamer/base/translator/translator.sty
Package: translator 2010/06/12 ver 1.10

(/usr/share/texmf/tex/latex/beamer/base/translator/translator-language-mappings
.tex))) (/usr/share/texmf/tex/latex/beamer/base/beamerbasemisc.sty
Package: beamerbasemisc 2012/02/24  (rcs-revision 2ff5461be705)
)
(/usr/share/texmf/tex/latex/beamer/base/beamerbasetwoscreens.sty
Package: beamerbasetwoscreens 2010/05/01  (rcs-revision efa082c6111d)
)
(/usr/share/texmf/tex/latex/beamer/base/beamerbaseoverlay.sty
Package: beamerbaseoverlay 2012/11/11  (rcs-revision 6afbc49b1109)
\beamer@argscount=\count126
\beamer@lastskipcover=\skip44
\beamer@trivlistdepth=\count127
)
(/usr/share/texmf/tex/latex/beamer/base/beamerbasetitle.sty
Package: beamerbasetitle 2010/09/21  (rcs-revision f0446ed0b6ae)
)
(/usr/share/texmf/tex/latex/beamer/base/beamerbasesection.sty
Package: beamerbasesection 2012/11/11  (rcs-revision 0056eef6f17f)
\c@lecture=\count128
\c@part=\count129
\c@section=\count130
\c@subsection=\count131
\c@subsubsection=\count132
)
(/usr/share/texmf/tex/latex/beamer/base/beamerbaseframe.sty
Package: beamerbaseframe 2012/09/13  (rcs-revision dcd846607320)
\beamer@framebox=\box40
\beamer@frametitlebox=\box41
\beamer@zoombox=\box42
\beamer@zoomcount=\count133
\beamer@zoomframecount=\count134
\beamer@frametextheight=\dimen165
\c@subsectionslide=\count135
\beamer@frametopskip=\skip45
\beamer@framebottomskip=\skip46
\beamer@frametopskipautobreak=\skip47
\beamer@framebottomskipautobreak=\skip48
\beamer@envbody=\toks24
\framewidth=\dimen166
\c@framenumber=\count136
)
(/usr/share/texmf/tex/latex/beamer/base/beamerbaseverbatim.sty
Package: beamerbaseverbatim 2012/08/30  (rcs-revision dfdb135076b3)
\beamer@verbatimfileout=\write4
)
(/usr/share/texmf/tex/latex/beamer/base/beamerbaseframesize.sty
Package: beamerbaseframesize 2011/09/12  (rcs-revision 70f9d8411e54)
\beamer@splitbox=\box43
\beamer@autobreakcount=\count137
\beamer@autobreaklastheight=\dimen167
\beamer@frametitletoks=\toks25
\beamer@framesubtitletoks=\toks26
)
(/usr/share/texmf/tex/latex/beamer/base/beamerbaseframecomponents.sty
Package: beamerbaseframecomponents 2012/09/13  (rcs-revision dcd846607320)
\beamer@footins=\box44
)
(/usr/share/texmf/tex/latex/beamer/base/beamerbasecolor.sty
Package: beamerbasecolor 2010/06/06  (rcs-revision d1a9b48be06d)
)
(/usr/share/texmf/tex/latex/beamer/base/beamerbasenotes.sty
Package: beamerbasenotes 2010/05/01  (rcs-revision efa082c6111d)
\beamer@frameboxcopy=\box45
)
(/usr/share/texmf/tex/latex/beamer/base/beamerbasetoc.sty
Package: beamerbasetoc 2012/10/02  (rcs-revision 5ed0f4010e8a)
)
(/usr/share/texmf/tex/latex/beamer/base/beamerbasetemplates.sty
Package: beamerbasetemplates 2010/05/01  (rcs-revision efa082c6111d)
\beamer@sbttoks=\toks27

(/usr/share/texmf/tex/latex/beamer/base/beamerbaseauxtemplates.sty
Package: beamerbaseauxtemplates 2012/05/01  (rcs-revision 67c48b3b652d)

(/usr/share/texmf/tex/latex/beamer/base/beamerbaseboxes.sty
Package: beamerbaseboxes 2012/05/13  (rcs-revision 56972908a390)
\bmb@box=\box46
\bmb@colorbox=\box47
\bmb@boxshadow=\box48
\bmb@boxshadowball=\box49
\bmb@boxshadowballlarge=\box50
\bmb@temp=\dimen168
\bmb@dima=\dimen169
\bmb@dimb=\dimen170
\bmb@prevheight=\dimen171
)
\beamer@blockheadheight=\dimen172
))
(/usr/share/texmf/tex/latex/beamer/base/beamerbaselocalstructure.sty
Package: beamerbaselocalstructure 2012/11/13  (rcs-revision ddfba79dac19)

(/usr/share/texlive/texmf-dist/tex/latex/tools/enumerate.sty
Package: enumerate 1999/03/05 v3.00 enumerate extensions (DPC)
\@enLab=\toks28
)
\c@figure=\count138
\c@table=\count139
\abovecaptionskip=\skip49
\belowcaptionskip=\skip50
)
(/usr/share/texmf/tex/latex/beamer/base/beamerbasenavigation.sty
Package: beamerbasenavigation 2012/04/03  (rcs-revision 42a0f21a412d)
\beamer@section@min@dim=\dimen173
)
(/usr/share/texmf/tex/latex/beamer/base/beamerbasetheorems.sty
Package: beamerbasetheorems 2010/06/06  (rcs-revision 7e7cc5e53e9d)

(/usr/share/texlive/texmf-dist/tex/latex/amsmath/amsmath.sty
Package: amsmath 2013/01/14 v2.14 AMS math features
\@mathmargin=\skip51

For additional information on amsmath, use the `?' option.
(/usr/share/texlive/texmf-dist/tex/latex/amsmath/amstext.sty
Package: amstext 2000/06/29 v2.01

(/usr/share/texlive/texmf-dist/tex/latex/amsmath/amsgen.sty
File: amsgen.sty 1999/11/30 v2.0
\@emptytoks=\toks29
\ex@=\dimen174
))
(/usr/share/texlive/texmf-dist/tex/latex/amsmath/amsbsy.sty
Package: amsbsy 1999/11/29 v1.2d
\pmbraise@=\dimen175
)
(/usr/share/texlive/texmf-dist/tex/latex/amsmath/amsopn.sty
Package: amsopn 1999/12/14 v2.01 operator names
)
\inf@bad=\count140
LaTeX Info: Redefining \frac on input line 210.
\uproot@=\count141
\leftroot@=\count142
LaTeX Info: Redefining \overline on input line 306.
\classnum@=\count143
\DOTSCASE@=\count144
LaTeX Info: Redefining \ldots on input line 378.
LaTeX Info: Redefining \dots on input line 381.
LaTeX Info: Redefining \cdots on input line 466.
\Mathstrutbox@=\box51
\strutbox@=\box52
\big@size=\dimen176
LaTeX Font Info:    Redeclaring font encoding OML on input line 566.
LaTeX Font Info:    Redeclaring font encoding OMS on input line 567.
\macc@depth=\count145
\c@MaxMatrixCols=\count146
\dotsspace@=\muskip11
\c@parentequation=\count147
\dspbrk@lvl=\count148
\tag@help=\toks30
\row@=\count149
\column@=\count150
\maxfields@=\count151
\andhelp@=\toks31
\eqnshift@=\dimen177
\alignsep@=\dimen178
\tagshift@=\dimen179
\tagwidth@=\dimen180
\totwidth@=\dimen181
\lineht@=\dimen182
\@envbody=\toks32
\multlinegap=\skip52
\multlinetaggap=\skip53
\mathdisplay@stack=\toks33
LaTeX Info: Redefining \[ on input line 2665.
LaTeX Info: Redefining \] on input line 2666.
)
(/usr/share/texlive/texmf-dist/tex/latex/amscls/amsthm.sty
Package: amsthm 2004/08/06 v2.20
\thm@style=\toks34
\thm@bodyfont=\toks35
\thm@headfont=\toks36
\thm@notefont=\toks37
\thm@headpunct=\toks38
\thm@preskip=\skip54
\thm@postskip=\skip55
\thm@headsep=\skip56
\dth@everypar=\toks39
)
\c@theorem=\count152
)
(/usr/share/texmf/tex/latex/beamer/base/beamerbasethemes.sty
Package: beamerbasethemes 2010/05/01  (rcs-revision efa082c6111d)
))
(/usr/share/texmf/tex/latex/beamer/base/themes/theme/beamerthemedefault.sty
Package: beamerthemedefault 2010/06/17  (rcs-revision d02a7cf4d8ae)

(/usr/share/texmf/tex/latex/beamer/base/themes/font/beamerfontthemedefault.sty
Package: beamerfontthemedefault 2010/06/17  (rcs-revision d02a7cf4d8ae)
)
(/usr/share/texmf/tex/latex/beamer/base/themes/color/beamercolorthemedefault.st
y
Package: beamercolorthemedefault 2010/06/17  (rcs-revision d02a7cf4d8ae)
)
(/usr/share/texmf/tex/latex/beamer/base/themes/inner/beamerinnerthemedefault.st
y
Package: beamerinnerthemedefault 2012/05/01  (rcs-revision 67c48b3b652d)
\beamer@dima=\dimen183
\beamer@dimb=\dimen184
)
(/usr/share/texmf/tex/latex/beamer/base/themes/outer/beamerouterthemedefault.st
y
Package: beamerouterthemedefault 2012/10/02  (rcs-revision 5ed0f4010e8a)
))) (./beamerthemesthlm.sty
Package: beamerthemesthlm 2013/05/05

(/usr/share/texlive/texmf-dist/tex/latex/eso-pic/eso-pic.sty
Package: eso-pic 2013/10/06 v2.0d eso-pic (RN)
)
(/usr/share/texmf/tex/latex/beamer/base/themes/outer/beamerouterthememiniframes
.sty
Package: beamerouterthememiniframes 2010/06/17  (rcs-revision d02a7cf4d8ae)
)
\progressbar@tmpcounta=\count153
\progressbar@tmpcountb=\count154
\progressbar@pbht=\dimen185
\progressbar@pbwd=\dimen186
\progressbar@tmpdim=\dimen187
 (/usr/share/texlive/texmf-dist/tex/latex/environ/environ.sty
Package: environ 2013/04/01 v0.3 A new environment syntax

(/usr/share/texlive/texmf-dist/tex/latex/trimspaces/trimspaces.sty
Package: trimspaces 2009/09/17 v1.1 Trim spaces around a token list
))
\c@acolumn=\count155
\acolumnmaxheight=\skip57
\mytempbox=\box53
\mytempdimen=\dimen188
)
(/usr/share/texlive/texmf-dist/tex/latex/booktabs/booktabs.sty
Package: booktabs 2005/04/14 v1.61803 publication quality tables
\heavyrulewidth=\dimen189
\lightrulewidth=\dimen190
\cmidrulewidth=\dimen191
\belowrulesep=\dimen192
\belowbottomsep=\dimen193
\aboverulesep=\dimen194
\abovetopsep=\dimen195
\cmidrulesep=\dimen196
\cmidrulekern=\dimen197
\defaultaddspace=\dimen198
\@cmidla=\count156
\@cmidlb=\count157
\@aboverulesep=\dimen199
\@belowrulesep=\dimen200
\@thisruleclass=\count158
\@lastruleclass=\count159
\@thisrulewidth=\dimen201
)
(/usr/share/texlive/texmf-dist/tex/latex/datetime/datetime.sty
Package: datetime 2013/09/10 v2.59 Date Time Package

(/usr/share/texlive/texmf-dist/tex/latex/etoolbox/etoolbox.sty
Package: etoolbox 2011/01/03 v2.1 e-TeX tools for LaTeX

(/usr/share/texlive/texmf-dist/tex/latex/etex-pkg/etex.sty
Package: etex 1998/03/26 v2.0 eTeX basic definition package (PEB)
\et@xins=\count160
)
\etb@tempcnta=\count161
)
(/usr/share/texlive/texmf-dist/tex/latex/fmtcount/fmtcount.sty
Package: fmtcount 2013/08/17 v2.03

(/usr/share/texlive/texmf-dist/tex/latex/base/ifthen.sty
Package: ifthen 2001/05/26 v1.1c Standard LaTeX ifthen package (DPC)
)
(/usr/share/texlive/texmf-dist/tex/latex/fmtcount/fcprefix.sty
Package: fcprefix 2012/09/28

(/usr/share/texlive/texmf-dist/tex/latex/fmtcount/fcnumparser.sty
Package: fcnumparser 2012/09/28
\fc@digit@counter=\count162
))
\c@padzeroesN=\count163
\fc@tmpcatcode=\count164
\@DT@modctr=\count165
\@ordinalctr=\count166
\@orgargctr=\count167
\@strctr=\count168
\@tmpstrctr=\count169
\@DT@loopN=\count170
\@DT@X=\count171

(/usr/share/texlive/texmf-dist/tex/latex/fmtcount/fc-english.def
File: fc-english.def 2013/08/17
))
(/usr/share/texlive/texmf-dist/tex/latex/datetime/datetime-defaults.sty
Package: datetime-defaults 2013/09/10
)
\@day=\count172
\@month=\count173
\@year=\count174
\c@HOUR=\count175
\c@HOURXII=\count176
\c@MINUTE=\count177
\c@TOHOUR=\count178
\c@TOMINUTE=\count179
\c@SECOND=\count180
\currenthour=\count181
\currentminute=\count182
\currentsecond=\count183
Package datetime Info: No datetime.cfg file found, using default settings on in
put line 308.
\@dtctr=\count184
\dayofyear=\count185
\dayofweek=\count186
LaTeX Info: Redefining \today on input line 736.
\dt@a=\toks40
\dt@b=\toks41
)
(/usr/share/texlive/texmf-dist/tex/latex/dtk/dtklogos.sty
Package: dtklogos 2012/05/02 2.15 (hv)

(/usr/share/texlive/texmf-dist/tex/latex/metalogo/metalogo.sty
Package: metalogo 2010/05/29 v0.12 Extended TeX logo macros
\xl@everylogo=\toks42
\xl@@everylogo=\toks43
LaTeX Info: Redefining \TeX on input line 193.
LaTeX Info: Redefining \LaTeX on input line 202.
LaTeX Info: Redefining \LaTeXe on input line 219.
))
(/usr/share/texlive/texmf-dist/tex/latex/tools/multicol.sty
Package: multicol 2011/06/27 v1.7a multicolumn formatting (FMi)
\c@tracingmulticols=\count187
\mult@box=\box54
\multicol@leftmargin=\dimen202
\c@unbalance=\count188
\c@collectmore=\count189
\doublecol@number=\count190
\multicoltolerance=\count191
\multicolpretolerance=\count192
\full@width=\dimen203
\page@free=\dimen204
\premulticols=\dimen205
\postmulticols=\dimen206
\multicolsep=\skip58
\multicolbaselineskip=\skip59
\partial@page=\box55
\last@line=\box56
\mult@rightbox=\box57
\mult@grightbox=\box58
\mult@gfirstbox=\box59
\mult@firstbox=\box60
\@tempa=\box61
\@tempa=\box62
\@tempa=\box63
\@tempa=\box64
\@tempa=\box65
\@tempa=\box66
\@tempa=\box67
\@tempa=\box68
\@tempa=\box69
\@tempa=\box70
\@tempa=\box71
\@tempa=\box72
\@tempa=\box73
\@tempa=\box74
\@tempa=\box75
\@tempa=\box76
\@tempa=\box77
\c@columnbadness=\count193
\c@finalcolumnbadness=\count194
\last@try=\dimen207
\multicolovershoot=\dimen208
\multicolundershoot=\dimen209
\mult@nat@firstbox=\box78
\colbreak@box=\box79
\multicol@sort@counter=\count195
)
(/usr/share/texlive/texmf-dist/tex/latex/pgfplots/pgfplots.sty
(/usr/share/texlive/texmf-dist/tex/generic/pgfplots/pgfplots.revision.tex)
Package: pgfplots 2013/10/03 v1.9 Data Visualization (1.9)

(/usr/share/texmf/tex/latex/pgf/frontendlayer/tikz.sty
(/usr/share/texmf/tex/latex/pgf/basiclayer/pgf.sty
Package: pgf 2008/01/15 v2.10 (rcs-revision 1.12)

(/usr/share/texmf/tex/generic/pgf/modules/pgfmoduleshapes.code.tex
File: pgfmoduleshapes.code.tex 2010/09/09  (rcs-revision 1.13)
\pgfnodeparttextbox=\box80
)
(/usr/share/texmf/tex/generic/pgf/modules/pgfmoduleplot.code.tex
File: pgfmoduleplot.code.tex 2010/10/22  (rcs-revision 1.8)
)
(/usr/share/texmf/tex/latex/pgf/compatibility/pgfcomp-version-0-65.sty
Package: pgfcomp-version-0-65 2007/07/03 v2.10 (rcs-revision 1.7)
\pgf@nodesepstart=\dimen210
\pgf@nodesepend=\dimen211
)
(/usr/share/texmf/tex/latex/pgf/compatibility/pgfcomp-version-1-18.sty
Package: pgfcomp-version-1-18 2007/07/23 v2.10 (rcs-revision 1.1)
))
(/usr/share/texmf/tex/latex/pgf/utilities/pgffor.sty
(/usr/share/texmf/tex/latex/pgf/utilities/pgfkeys.sty
(/usr/share/texmf/tex/generic/pgf/utilities/pgfkeys.code.tex))
(/usr/share/texmf/tex/generic/pgf/utilities/pgffor.code.tex
Package: pgffor 2010/03/23 v2.10 (rcs-revision 1.18)
\pgffor@iter=\dimen212
\pgffor@skip=\dimen213
\pgffor@stack=\toks44
\pgffor@toks=\toks45
))
(/usr/share/texmf/tex/generic/pgf/frontendlayer/tikz/tikz.code.tex
Package: tikz 2010/10/13 v2.10 (rcs-revision 1.76)

(/usr/share/texmf/tex/generic/pgf/libraries/pgflibraryplothandlers.code.tex
File: pgflibraryplothandlers.code.tex 2010/05/31 v2.10 (rcs-revision 1.15)
\pgf@plot@mark@count=\count196
\pgfplotmarksize=\dimen214
)
\tikz@lastx=\dimen215
\tikz@lasty=\dimen216
\tikz@lastxsaved=\dimen217
\tikz@lastysaved=\dimen218
\tikzleveldistance=\dimen219
\tikzsiblingdistance=\dimen220
\tikz@figbox=\box81
\tikz@tempbox=\box82
\tikztreelevel=\count197
\tikznumberofchildren=\count198
\tikznumberofcurrentchild=\count199
\tikz@fig@count=\count200

(/usr/share/texmf/tex/generic/pgf/modules/pgfmodulematrix.code.tex
File: pgfmodulematrix.code.tex 2010/08/24  (rcs-revision 1.4)
\pgfmatrixcurrentrow=\count201
\pgfmatrixcurrentcolumn=\count202
\pgf@matrix@numberofcolumns=\count203
)
\tikz@expandcount=\count204

(/usr/share/texmf/tex/generic/pgf/frontendlayer/tikz/libraries/tikzlibrarytopat
hs.code.tex
File: tikzlibrarytopaths.code.tex 2008/06/17 v2.10 (rcs-revision 1.2)
)))
(/usr/share/texlive/texmf-dist/tex/generic/pgfplots/pgfplots.code.tex
(/usr/share/texlive/texmf-dist/tex/generic/pgfplots/pgfplotscore.code.tex
\t@pgfplots@toka=\toks46
\t@pgfplots@tokb=\toks47
\t@pgfplots@tokc=\toks48
\pgfplots@tmpa=\dimen221
\c@pgfplots@coordindex=\count205
\c@pgfplots@scanlineindex=\count206

(/usr/share/texlive/texmf-dist/tex/generic/pgfplots/sys/pgfplotssysgeneric.code
.tex))
(/usr/share/texlive/texmf-dist/tex/generic/pgfplots/libs/pgfplotslibrary.code.t
ex)
(/usr/share/texlive/texmf-dist/tex/generic/pgfplots/oldpgfcompatib/pgfplotsoldp
gfsupp_loader.code.tex
Package pgfplots: loading complementary code for your PGF version...

(/usr/share/texlive/texmf-dist/tex/generic/pgfplots/oldpgfcompatib/pgfplotsoldp
gfsupp_misc.code.tex)
(/usr/share/texlive/texmf-dist/tex/generic/pgfplots/oldpgfcompatib/pgfplotsoldp
gfsupp_pgfkeys.code.tex
\pgfkeys@pathtoks=\toks49
\pgfkeys@temptoks=\toks50

(/usr/share/texlive/texmf-dist/tex/generic/pgfplots/oldpgfcompatib/pgfplotsoldp
gfsupp_pgfkeysfiltered.code.tex
\pgfkeys@tmptoks=\toks51
))
(/usr/share/texlive/texmf-dist/tex/generic/pgfplots/oldpgfcompatib/pgfplotsoldp
gfsupp_pgfmathfloat.code.tex
\c@pgfmathroundto@lastzeros=\count207
)
(/usr/share/texlive/texmf-dist/tex/generic/pgfplots/oldpgfcompatib/pgfplotsoldp
gfsupp_pgflibraryplothandlers.code.tex
File: pgflibraryplothandlers.code.tex 2012/09/11 v2.10 (rcs-revision 1.17)
\pgf@plot@mark@count=\count208
\pgfplotmarksize=\dimen222
)
(/usr/share/texlive/texmf-dist/tex/generic/pgfplots/oldpgfcompatib/pgfplotsoldp
gfsupp_pgflibraryfpu.code.tex)
(/usr/share/texlive/texmf-dist/tex/generic/pgfplots/oldpgfcompatib/pgfplotsoldp
gfsupp_pgfcorescopes.code.tex
File: pgfcorescopes.code.tex 2012/11/30  (rcs-revision 1.38)
\pgfpic=\box83
\pgf@hbox=\box84
\pgf@layerbox@main=\box85
\pgf@picture@serial@count=\count209
)
(/usr/share/texlive/texmf-dist/tex/generic/pgfplots/oldpgfcompatib/pgfplotsoldp
gfsupp_pgfcorelayers.code.tex
File: pgfcorelayers.code.tex 2012/11/07  (rcs-revision 1.5)
))
(/usr/share/texlive/texmf-dist/tex/generic/pgfplots/util/pgfplotsutil.code.tex
(/usr/share/texlive/texmf-dist/tex/generic/pgfplots/liststructure/pgfplotslists
tructure.code.tex)
(/usr/share/texlive/texmf-dist/tex/generic/pgfplots/liststructure/pgfplotslists
tructureext.code.tex)
(/usr/share/texlive/texmf-dist/tex/generic/pgfplots/liststructure/pgfplotsarray
.code.tex
\c@pgfplotsarray@tmp=\count210
)
(/usr/share/texlive/texmf-dist/tex/generic/pgfplots/liststructure/pgfplotsmatri
x.code.tex)
(/usr/share/texlive/texmf-dist/tex/generic/pgfplots/numtable/pgfplotstableshare
d.code.tex
\c@pgfplotstable@counta=\count211
\t@pgfplotstable@a=\toks52
)
(/usr/share/texlive/texmf-dist/tex/generic/pgfplots/liststructure/pgfplotsdeque
.code.tex)
(/usr/share/texlive/texmf-dist/tex/generic/pgfplots/util/pgfplotsbinary.code.te
x
(/usr/share/texlive/texmf-dist/tex/generic/pgfplots/util/pgfplotsbinary.data.co
de.tex))
(/usr/share/texlive/texmf-dist/tex/generic/pgfplots/util/pgfplotsutil.verb.code
.tex)
(/usr/share/texlive/texmf-dist/tex/generic/pgfplots/libs/pgflibrarypgfplots.sur
fshading.code.tex
\c@pgfplotslibrarysurf@no=\count212

(/usr/share/texlive/texmf-dist/tex/generic/pgfplots/sys/pgflibrarypgfplots.surf
shading.pgfsys-pdftex.def)))
(/usr/share/texlive/texmf-dist/tex/generic/pgfplots/util/pgfplotscolormap.code.
tex
(/usr/share/texlive/texmf-dist/tex/generic/pgfplots/util/pgfplotscolor.code.tex
))
(/usr/share/texlive/texmf-dist/tex/generic/pgfplots/pgfplotsstackedplots.code.t
ex)
(/usr/share/texlive/texmf-dist/tex/generic/pgfplots/pgfplotsplothandlers.code.t
ex
(/usr/share/texlive/texmf-dist/tex/generic/pgfplots/pgfplotsmeshplothandler.cod
e.tex))
(/usr/share/texlive/texmf-dist/tex/generic/pgfplots/pgfplots.scaling.code.tex)
(/usr/share/texlive/texmf-dist/tex/generic/pgfplots/pgfplotscoordprocessing.cod
e.tex)
(/usr/share/texlive/texmf-dist/tex/generic/pgfplots/pgfplots.errorbars.code.tex
) (/usr/share/texlive/texmf-dist/tex/generic/pgfplots/pgfplots.markers.code.tex
) (/usr/share/texlive/texmf-dist/tex/generic/pgfplots/pgfplotsticks.code.tex)
(/usr/share/texlive/texmf-dist/tex/generic/pgfplots/pgfplots.paths.code.tex)
(/usr/share/texmf/tex/generic/pgf/frontendlayer/tikz/libraries/tikzlibrarydecor
ations.code.tex
(/usr/share/texmf/tex/generic/pgf/modules/pgfmoduledecorations.code.tex
\pgfdecoratedcompleteddistance=\dimen223
\pgfdecoratedremainingdistance=\dimen224
\pgfdecoratedinputsegmentcompleteddistance=\dimen225
\pgfdecoratedinputsegmentremainingdistance=\dimen226
\pgf@decorate@distancetomove=\dimen227
\pgf@decorate@repeatstate=\count213
\pgfdecorationsegmentamplitude=\dimen228
\pgfdecorationsegmentlength=\dimen229
)
\tikz@lib@dec@box=\box86
)
(/usr/share/texmf/tex/generic/pgf/frontendlayer/tikz/libraries/tikzlibrarydecor
ations.pathmorphing.code.tex
(/usr/share/texmf/tex/generic/pgf/libraries/decorations/pgflibrarydecorations.p
athmorphing.code.tex))
(/usr/share/texmf/tex/generic/pgf/frontendlayer/tikz/libraries/tikzlibrarydecor
ations.pathreplacing.code.tex
(/usr/share/texmf/tex/generic/pgf/libraries/decorations/pgflibrarydecorations.p
athreplacing.code.tex))
\pgfplots@numplots=\count214
\pgfplots@xmin@reg=\dimen230
\pgfplots@xmax@reg=\dimen231
\pgfplots@ymin@reg=\dimen232
\pgfplots@ymax@reg=\dimen233
Normal \dimen register pool exhausted, switching to extended pool.
\pgfplots@zmin@reg=\dimen256
\pgfplots@zmax@reg=\dimen257
)
(/usr/share/texmf/tex/generic/pgf/frontendlayer/tikz/libraries/tikzlibraryplotm
arks.code.tex
File: tikzlibraryplotmarks.code.tex 2008/01/09 v2.10 (rcs-revision 1.1)

(/usr/share/texmf/tex/generic/pgf/libraries/pgflibraryplotmarks.code.tex
File: pgflibraryplotmarks.code.tex 2010/10/15 v2.10 (rcs-revision 1.12)
)))
(/usr/share/texlive/texmf-dist/tex/latex/ms/ragged2e.sty
Package: ragged2e 2009/05/21 v2.1 ragged2e Package (MS)

(/usr/share/texlive/texmf-dist/tex/latex/ms/everysel.sty
Package: everysel 2011/10/28 v1.2 EverySelectfont Package (MS)
)
\CenteringLeftskip=\skip60
\RaggedLeftLeftskip=\skip61
\RaggedRightLeftskip=\skip62
\CenteringRightskip=\skip63
\RaggedLeftRightskip=\skip64
\RaggedRightRightskip=\skip65
\CenteringParfillskip=\skip66
\RaggedLeftParfillskip=\skip67
\RaggedRightParfillskip=\skip68
\JustifyingParfillskip=\skip69
\CenteringParindent=\skip70
\RaggedLeftParindent=\skip71
\RaggedRightParindent=\skip72
\JustifyingParindent=\skip73
)
(/usr/share/texlive/texmf-dist/tex/latex/tools/tabularx.sty
Package: tabularx 1999/01/07 v2.07 `tabularx' package (DPC)

(/usr/share/texlive/texmf-dist/tex/latex/tools/array.sty
Package: array 2008/09/09 v2.4c Tabular extension package (FMi)
\col@sep=\dimen258
\extrarowheight=\dimen259
\NC@list=\toks53
\extratabsurround=\skip74
\backup@length=\skip75
)
\TX@col@width=\dimen260
\TX@old@table=\dimen261
\TX@old@col=\dimen262
\TX@target=\dimen263
\TX@delta=\dimen264
\TX@cols=\count215
\TX@ftn=\toks54
)
(/usr/share/texlive/texmf-dist/tex/latex/wasysym/wasysym.sty
Package: wasysym 2003/10/30 v2.0 Wasy-2 symbol support package
\symwasy=\mathgroup6
LaTeX Font Info:    Overwriting symbol font `wasy' in version `bold'
(Font)                  U/wasy/m/n --> U/wasy/b/n on input line 90.
)
(/usr/share/texlive/texmf-dist/tex/latex/base/fontenc.sty
Package: fontenc 2005/09/27 v1.99g Standard LaTeX package

(/usr/share/texlive/texmf-dist/tex/latex/base/t1enc.def
File: t1enc.def 2005/09/27 v1.99g Standard LaTeX file
LaTeX Font Info:    Redeclaring font encoding T1 on input line 43.
))
(/usr/share/texlive/texmf-dist/tex/latex/newpx/newpxtext.sty
Package: newpxtext 2014/02/10 v1.11

`newpxtext' v1.11, 2014/02/10 Text macros based on pxfonts (msharpe)
(/usr/share/texlive/texmf-dist/tex/latex/fontaxes/fontaxes.sty
Package: fontaxes 2011/12/16 v1.0c Font selection axes
LaTeX Info: Redefining \upshape on input line 29.
LaTeX Info: Redefining \itshape on input line 31.
LaTeX Info: Redefining \slshape on input line 33.
LaTeX Info: Redefining \scshape on input line 37.
)
(/usr/share/texlive/texmf-dist/tex/latex/xkeyval/xkeyval.sty
Package: xkeyval 2012/10/14 v2.6b package option processing (HA)

(/usr/share/texlive/texmf-dist/tex/generic/xkeyval/xkeyval.tex
\XKV@toks=\toks55
\XKV@tempa@toks=\toks56
\XKV@depth=\count216
File: xkeyval.tex 2012/10/14 v2.6b key=value parser (HA)
))
(/usr/share/texlive/texmf-dist/tex/latex/base/fontenc.sty
Package: fontenc 2005/09/27 v1.99g Standard LaTeX package

(/usr/share/texlive/texmf-dist/tex/latex/base/t1enc.def
File: t1enc.def 2005/09/27 v1.99g Standard LaTeX file
LaTeX Font Info:    Redeclaring font encoding T1 on input line 43.
))
(/usr/share/texlive/texmf-dist/tex/latex/base/textcomp.sty
Package: textcomp 2005/09/27 v1.99g Standard LaTeX package
Package textcomp Info: Sub-encoding information:
(textcomp)               5 = only ISO-Adobe without \textcurrency
(textcomp)               4 = 5 + \texteuro
(textcomp)               3 = 4 + \textohm
(textcomp)               2 = 3 + \textestimated + \textcurrency
(textcomp)               1 = TS1 - \textcircled - \t
(textcomp)               0 = TS1 (full)
(textcomp)             Font families with sub-encoding setting implement
(textcomp)             only a restricted character set as indicated.
(textcomp)             Family '?' is the default used for unknown fonts.
(textcomp)             See the documentation for details.
Package textcomp Info: Setting ? sub-encoding to TS1/1 on input line 71.

(/usr/share/texlive/texmf-dist/tex/latex/base/ts1enc.def
File: ts1enc.def 2001/06/05 v3.0e (jk/car/fm) Standard LaTeX file
)
LaTeX Info: Redefining \oldstylenums on input line 266.
Package textcomp Info: Setting cmr sub-encoding to TS1/0 on input line 281.
Package textcomp Info: Setting cmss sub-encoding to TS1/0 on input line 282.
Package textcomp Info: Setting cmtt sub-encoding to TS1/0 on input line 283.
Package textcomp Info: Setting cmvtt sub-encoding to TS1/0 on input line 284.
Package textcomp Info: Setting cmbr sub-encoding to TS1/0 on input line 285.
Package textcomp Info: Setting cmtl sub-encoding to TS1/0 on input line 286.
Package textcomp Info: Setting ccr sub-encoding to TS1/0 on input line 287.
Package textcomp Info: Setting ptm sub-encoding to TS1/4 on input line 288.
Package textcomp Info: Setting pcr sub-encoding to TS1/4 on input line 289.
Package textcomp Info: Setting phv sub-encoding to TS1/4 on input line 290.
Package textcomp Info: Setting ppl sub-encoding to TS1/3 on input line 291.
Package textcomp Info: Setting pag sub-encoding to TS1/4 on input line 292.
Package textcomp Info: Setting pbk sub-encoding to TS1/4 on input line 293.
Package textcomp Info: Setting pnc sub-encoding to TS1/4 on input line 294.
Package textcomp Info: Setting pzc sub-encoding to TS1/4 on input line 295.
Package textcomp Info: Setting bch sub-encoding to TS1/4 on input line 296.
Package textcomp Info: Setting put sub-encoding to TS1/5 on input line 297.
Package textcomp Info: Setting uag sub-encoding to TS1/5 on input line 298.
Package textcomp Info: Setting ugq sub-encoding to TS1/5 on input line 299.
Package textcomp Info: Setting ul8 sub-encoding to TS1/4 on input line 300.
Package textcomp Info: Setting ul9 sub-encoding to TS1/4 on input line 301.
Package textcomp Info: Setting augie sub-encoding to TS1/5 on input line 302.
Package textcomp Info: Setting dayrom sub-encoding to TS1/3 on input line 303.
Package textcomp Info: Setting dayroms sub-encoding to TS1/3 on input line 304.

Package textcomp Info: Setting pxr sub-encoding to TS1/0 on input line 305.
Package textcomp Info: Setting pxss sub-encoding to TS1/0 on input line 306.
Package textcomp Info: Setting pxtt sub-encoding to TS1/0 on input line 307.
Package textcomp Info: Setting txr sub-encoding to TS1/0 on input line 308.
Package textcomp Info: Setting txss sub-encoding to TS1/0 on input line 309.
Package textcomp Info: Setting txtt sub-encoding to TS1/0 on input line 310.
Package textcomp Info: Setting lmr sub-encoding to TS1/0 on input line 311.
Package textcomp Info: Setting lmdh sub-encoding to TS1/0 on input line 312.
Package textcomp Info: Setting lmss sub-encoding to TS1/0 on input line 313.
Package textcomp Info: Setting lmssq sub-encoding to TS1/0 on input line 314.
Package textcomp Info: Setting lmvtt sub-encoding to TS1/0 on input line 315.
Package textcomp Info: Setting qhv sub-encoding to TS1/0 on input line 316.
Package textcomp Info: Setting qag sub-encoding to TS1/0 on input line 317.
Package textcomp Info: Setting qbk sub-encoding to TS1/0 on input line 318.
Package textcomp Info: Setting qcr sub-encoding to TS1/0 on input line 319.
Package textcomp Info: Setting qcs sub-encoding to TS1/0 on input line 320.
Package textcomp Info: Setting qpl sub-encoding to TS1/0 on input line 321.
Package textcomp Info: Setting qtm sub-encoding to TS1/0 on input line 322.
Package textcomp Info: Setting qzc sub-encoding to TS1/0 on input line 323.
Package textcomp Info: Setting qhvc sub-encoding to TS1/0 on input line 324.
Package textcomp Info: Setting futs sub-encoding to TS1/4 on input line 325.
Package textcomp Info: Setting futx sub-encoding to TS1/4 on input line 326.
Package textcomp Info: Setting futj sub-encoding to TS1/4 on input line 327.
Package textcomp Info: Setting hlh sub-encoding to TS1/3 on input line 328.
Package textcomp Info: Setting hls sub-encoding to TS1/3 on input line 329.
Package textcomp Info: Setting hlst sub-encoding to TS1/3 on input line 330.
Package textcomp Info: Setting hlct sub-encoding to TS1/5 on input line 331.
Package textcomp Info: Setting hlx sub-encoding to TS1/5 on input line 332.
Package textcomp Info: Setting hlce sub-encoding to TS1/5 on input line 333.
Package textcomp Info: Setting hlcn sub-encoding to TS1/5 on input line 334.
Package textcomp Info: Setting hlcw sub-encoding to TS1/5 on input line 335.
Package textcomp Info: Setting hlcf sub-encoding to TS1/5 on input line 336.
Package textcomp Info: Setting pplx sub-encoding to TS1/3 on input line 337.
Package textcomp Info: Setting pplj sub-encoding to TS1/3 on input line 338.
Package textcomp Info: Setting ptmx sub-encoding to TS1/4 on input line 339.
Package textcomp Info: Setting ptmj sub-encoding to TS1/4 on input line 340.
))
(/usr/share/texlive/texmf-dist/tex/latex/newpx/newpxmath.sty
Package: newpxmath 2014/02/10 v1.11

`newpxmath' v1.11, 2014/02/10 Math macros based on pxfonts (msharpe)
(/usr/share/texlive/texmf-dist/tex/generic/kastrup/binhex.tex)
\px@Isdigit=\count217
LaTeX Font Info:    Redeclaring symbol font `operators' on input line 57.
LaTeX Font Info:    Encoding `OT1' has changed to `T1' for symbol font
(Font)              `operators' in the math version `normal' on input line 57.
LaTeX Font Info:    Overwriting symbol font `operators' in version `normal'
(Font)                  OT1/cmr/m/n --> T1/zplx/m/n on input line 57.
LaTeX Font Info:    Encoding `OT1' has changed to `T1' for symbol font
(Font)              `operators' in the math version `bold' on input line 57.
LaTeX Font Info:    Overwriting symbol font `operators' in version `bold'
(Font)                  OT1/cmr/bx/n --> T1/zplx/m/n on input line 57.
LaTeX Font Info:    Overwriting symbol font `operators' in version `bold'
(Font)                  T1/zplx/m/n --> T1/zplx/b/n on input line 58.
LaTeX Font Info:    Redeclaring math alphabet \mathsf on input line 61.
LaTeX Font Info:    Overwriting math alphabet `\mathsf' in version `normal'
(Font)                  OT1/cmss/m/n --> T1/qhv/m/n on input line 61.
LaTeX Font Info:    Overwriting math alphabet `\mathsf' in version `bold'
(Font)                  OT1/cmss/bx/n --> T1/qhv/m/n on input line 61.
LaTeX Font Info:    Redeclaring math alphabet \mathit on input line 62.
LaTeX Font Info:    Overwriting math alphabet `\mathit' in version `normal'
(Font)                  OT1/cmr/m/it --> T1/zplx/m/it on input line 62.
LaTeX Font Info:    Overwriting math alphabet `\mathit' in version `bold'
(Font)                  OT1/cmr/bx/it --> T1/zplx/m/it on input line 62.
LaTeX Font Info:    Redeclaring math alphabet \mathtt on input line 63.
LaTeX Font Info:    Overwriting math alphabet `\mathtt' in version `normal'
(Font)                  OT1/cmtt/m/n --> T1/npxtt/m/n on input line 63.
LaTeX Font Info:    Overwriting math alphabet `\mathtt' in version `bold'
(Font)                  OT1/cmtt/m/n --> T1/npxtt/m/n on input line 63.
LaTeX Font Info:    Redeclaring math alphabet \mathbf on input line 65.
LaTeX Font Info:    Overwriting math alphabet `\mathbf' in version `normal'
(Font)                  OT1/cmr/bx/n --> T1/zplx/b/n on input line 65.
LaTeX Font Info:    Overwriting math alphabet `\mathbf' in version `bold'
(Font)                  OT1/cmr/bx/n --> T1/zplx/b/n on input line 65.
LaTeX Font Info:    Overwriting math alphabet `\mathit' in version `bold'
(Font)                  T1/zplx/m/it --> T1/zplx/b/it on input line 66.
LaTeX Font Info:    Overwriting math alphabet `\mathsf' in version `bold'
(Font)                  T1/qhv/m/n --> T1/qhv/b/n on input line 68.
LaTeX Font Info:    Overwriting math alphabet `\mathtt' in version `bold'
(Font)                  T1/npxtt/m/n --> T1/npxtt/b/n on input line 69.
LaTeX Font Info:    Redeclaring symbol font `letters' on input line 75.
LaTeX Font Info:    Overwriting symbol font `letters' in version `normal'
(Font)                  OML/cmm/m/it --> OML/npxmi/m/it on input line 75.
LaTeX Font Info:    Overwriting symbol font `letters' in version `bold'
(Font)                  OML/cmm/b/it --> OML/npxmi/m/it on input line 75.
LaTeX Font Info:    Overwriting symbol font `letters' in version `bold'
(Font)                  OML/npxmi/m/it --> OML/npxmi/b/it on input line 76.
\symlettersA=\mathgroup7
LaTeX Font Info:    Overwriting symbol font `lettersA' in version `bold'
(Font)                  U/npxmia/m/it --> U/npxmia/b/it on input line 83.
LaTeX Font Info:    Redeclaring math alphabet \mathfrak on input line 85.
LaTeX Font Info:    Redeclaring symbol font `symbols' on input line 92.
LaTeX Font Info:    Overwriting symbol font `symbols' in version `normal'
(Font)                  OMS/cmsy/m/n --> OMS/npxsy/m/n on input line 92.
LaTeX Font Info:    Overwriting symbol font `symbols' in version `bold'
(Font)                  OMS/cmsy/b/n --> OMS/npxsy/m/n on input line 92.
LaTeX Font Info:    Overwriting symbol font `symbols' in version `bold'
(Font)                  OMS/npxsy/m/n --> OMS/npxsy/b/n on input line 93.
LaTeX Font Info:    Redeclaring symbol font `AMSa' on input line 108.
LaTeX Font Info:    Overwriting symbol font `AMSa' in version `normal'
(Font)                  U/msa/m/n --> U/npxsya/m/n on input line 108.
LaTeX Font Info:    Overwriting symbol font `AMSa' in version `bold'
(Font)                  U/msa/m/n --> U/npxsya/m/n on input line 108.
LaTeX Font Info:    Overwriting symbol font `AMSa' in version `bold'
(Font)                  U/npxsya/m/n --> U/npxsya/b/n on input line 109.
LaTeX Font Info:    Redeclaring symbol font `AMSb' on input line 117.
LaTeX Font Info:    Overwriting symbol font `AMSb' in version `normal'
(Font)                  U/msb/m/n --> U/npxsyb/m/n on input line 117.
LaTeX Font Info:    Overwriting symbol font `AMSb' in version `bold'
(Font)                  U/msb/m/n --> U/npxsyb/m/n on input line 117.
LaTeX Font Info:    Overwriting symbol font `AMSb' in version `bold'
(Font)                  U/npxsyb/m/n --> U/npxsyb/b/n on input line 118.
\symsymbolsC=\mathgroup8
LaTeX Font Info:    Overwriting symbol font `symbolsC' in version `bold'
(Font)                  U/npxsyc/m/n --> U/npxsyc/b/n on input line 129.
LaTeX Font Info:    Redeclaring symbol font `largesymbols' on input line 149.
LaTeX Font Info:    Encoding `OMX' has changed to `LMX' for symbol font
(Font)              `largesymbols' in the math version `normal' on input line 1
49.
LaTeX Font Info:    Overwriting symbol font `largesymbols' in version `normal'
(Font)                  OMX/cmex/m/n --> LMX/npxexx/m/n on input line 149.
LaTeX Font Info:    Encoding `OMX' has changed to `LMX' for symbol font
(Font)              `largesymbols' in the math version `bold' on input line 149
.
LaTeX Font Info:    Overwriting symbol font `largesymbols' in version `bold'
(Font)                  OMX/cmex/m/n --> LMX/npxexx/m/n on input line 149.
LaTeX Font Info:    Overwriting symbol font `largesymbols' in version `bold'
(Font)                  LMX/npxexx/m/n --> LMX/npxexx/b/n on input line 150.
\symlargesymbolsPXA=\mathgroup9
LaTeX Font Info:    Overwriting symbol font `largesymbolsPXA' in version `bold'

(Font)                  U/npxexa/m/n --> U/npxexa/b/n on input line 165.
LaTeX Info: Redefining \not on input line 1358.
LaTeX Info: Redefining \textsquare on input line 1378.
LaTeX Info: Redefining \openbox on input line 1379.
)
(/usr/share/texlive/texmf-dist/tex/latex/psnfss/pifont.sty
Package: pifont 2005/04/12 PSNFSS-v9.2a Pi font support (SPQR) 
LaTeX Font Info:    Try loading font information for U+pzd on input line 63.

(/usr/share/texlive/texmf-dist/tex/latex/psnfss/upzd.fd
File: upzd.fd 2001/06/04 font definitions for U/pzd.
)
LaTeX Font Info:    Try loading font information for U+psy on input line 64.

(/usr/share/texlive/texmf-dist/tex/latex/psnfss/upsy.fd
File: upsy.fd 2001/06/04 font definitions for U/psy.
))
(/usr/share/texlive/texmf-dist/tex/latex/base/inputenc.sty
Package: inputenc 2008/03/30 v1.1d Input encoding file
\inpenc@prehook=\toks57
\inpenc@posthook=\toks58

(/usr/share/texlive/texmf-dist/tex/latex/ucs/utf8x.def
File: utf8x.def 2004/10/17 UCS: Input encoding UTF-8
))
(/usr/share/texlive/texmf-dist/tex/latex/ucs/ucs.sty
Package: ucs 2013/05/11 v2.2 UCS: Unicode input support

(/usr/share/texlive/texmf-dist/tex/latex/ucs/data/uni-global.def
File: uni-global.def 2013/05/13 UCS: Unicode global data
)
\uc@secondtry=\count218
\uc@combtoks=\toks59
\uc@combtoksb=\toks60
\uc@temptokena=\toks61
)
(/usr/share/texlive/texmf-dist/tex/latex/caption/caption.sty
Package: caption 2013/05/02 v3.3-89 Customizing captions (AR)

(/usr/share/texlive/texmf-dist/tex/latex/caption/caption3.sty
Package: caption3 2013/05/02 v1.6-88 caption3 kernel (AR)
Package caption3 Info: TeX engine: e-TeX on input line 57.
\captionmargin=\dimen265
\captionmargin@=\dimen266
\captionwidth=\dimen267
\caption@tempdima=\dimen268
\caption@indent=\dimen269
\caption@parindent=\dimen270
\caption@hangindent=\dimen271
)
\c@ContinuedFloat=\count219
Package caption Info: beamer document class.
Package caption Info: hyperref package is loaded.
Package caption Info: Hyperref support is turned off
(caption)             because hyperref has stopped early.
)
(/usr/share/texlive/texmf-dist/tex/latex/pgfgantt/pgfgantt.sty
Package: pgfgantt 2013/06/01 v4.0 Draw Gantt diagrams with TikZ

(/usr/share/texmf/tex/generic/pgf/frontendlayer/tikz/libraries/tikzlibraryarrow
s.code.tex
File: tikzlibraryarrows.code.tex 2008/01/09 v2.10 (rcs-revision 1.1)

(/usr/share/texmf/tex/generic/pgf/libraries/pgflibraryarrows.code.tex
File: pgflibraryarrows.code.tex 2008/10/27 v2.10 (rcs-revision 1.9)
\arrowsize=\dimen272
))
(/usr/share/texmf/tex/generic/pgf/frontendlayer/tikz/libraries/tikzlibrarybackg
rounds.code.tex
File: tikzlibrarybackgrounds.code.tex 2010/02/08 v2.10 (rcs-revision 1.2)
\pgf@layerbox@background=\box87
\pgf@layerboxsaved@background=\box88
)
(/usr/share/texmf/tex/generic/pgf/frontendlayer/tikz/libraries/tikzlibrarycalc.
code.tex
File: tikzlibrarycalc.code.tex 2009/09/04 v2.10 (rcs-revision 1.6)
)
(/usr/share/texmf/tex/generic/pgf/frontendlayer/tikz/libraries/tikzlibrarypatte
rns.code.tex
File: tikzlibrarypatterns.code.tex 2008/01/15 v2.10 (rcs-revision 1.2)

(/usr/share/texmf/tex/generic/pgf/libraries/pgflibrarypatterns.code.tex
File: pgflibrarypatterns.code.tex 2008/03/03 v2.10 (rcs-revision 1.13)
))
(/usr/share/texmf/tex/generic/pgf/frontendlayer/tikz/libraries/tikzlibraryposit
ioning.code.tex
File: tikzlibrarypositioning.code.tex 2008/10/06 v2.10 (rcs-revision 1.7)
)
(/usr/share/texmf/tex/generic/pgf/frontendlayer/tikz/libraries/tikzlibraryshape
s.geometric.code.tex
File: tikzlibraryshapes.geometric.code.tex 2008/01/09 v2.10 (rcs-revision 1.1)

(/usr/share/texmf/tex/generic/pgf/libraries/shapes/pgflibraryshapes.geometric.c
ode.tex
File: pgflibraryshapes.geometric.code.tex 2008/06/26 v2.10 (rcs-revision 1.1)
)) (/usr/share/texmf/tex/latex/pgf/utilities/pgfcalendar.sty
(/usr/share/texmf/tex/generic/pgf/utilities/pgfcalendar.code.tex
File: pgfcalendar.code.tex 2007/07/23 v2.10 (rcs-revision 1.11)
\pgfcalendarcurrentjulian=\count220
))
\gtt@currentline=\count221
\gtt@lasttitleline=\count222
\gtt@currgrid=\count223
\gtt@chartwidth=\count224
\gtt@lasttitleslot=\count225
\gtt@elementid=\count226
\gtt@today@slot=\count227
\gtt@startjulian=\count228
\gtt@endjulian=\count229
\gtt@calendar@slots=\count230
\gtt@calendar@weeknumber=\count231
\gtt@calendar@startofweek=\count232
\gtt@left@slot=\count233
Normal \count register pool exhausted, switching to extended pool.
\gtt@right@slot=\count277
)
(/usr/share/texlive/texmf-dist/tex/latex/listings/listings.sty
\lst@mode=\count278
\lst@gtempboxa=\box89
\lst@token=\toks62
\lst@length=\count279
\lst@currlwidth=\dimen273
\lst@column=\count280
\lst@pos=\count281
\lst@lostspace=\dimen274
\lst@width=\dimen275
\lst@newlines=\count282
\lst@lineno=\count283
\lst@maxwidth=\dimen276

(/usr/share/texlive/texmf-dist/tex/latex/listings/lstmisc.sty
File: lstmisc.sty 2013/08/26 1.5b (Carsten Heinz)
\c@lstnumber=\count284
\lst@skipnumbers=\count285
\lst@framebox=\box90
)
(/usr/share/texlive/texmf-dist/tex/latex/listings/listings.cfg
File: listings.cfg 2013/08/26 1.5b listings configuration
))
Package: listings 2013/08/26 1.5b (Carsten Heinz)

(/usr/share/texlive/texmf-dist/tex/latex/colortbl/colortbl.sty
Package: colortbl 2012/02/13 v1.0a Color table columns (DPC)
\everycr=\toks63
\minrowclearance=\skip76
)
(/usr/share/texlive/texmf-dist/tex/latex/listings/lstlang1.sty
File: lstlang1.sty 2013/08/26 1.5b listings language file
)
(/usr/share/texlive/texmf-dist/tex/latex/listings/lstlang2.sty
File: lstlang2.sty 2013/08/26 1.5b listings language file
)
(/usr/share/texlive/texmf-dist/tex/latex/listings/lstlang3.sty
File: lstlang3.sty 2013/08/26 1.5b listings language file
)
(/usr/share/texlive/texmf-dist/tex/latex/listings/lstlang1.sty
File: lstlang1.sty 2013/08/26 1.5b listings language file
)
(/usr/share/texlive/texmf-dist/tex/latex/listings/lstlang2.sty
File: lstlang2.sty 2013/08/26 1.5b listings language file
)
(/usr/share/texlive/texmf-dist/tex/latex/listings/lstlang3.sty
File: lstlang3.sty 2013/08/26 1.5b listings language file
)
(/usr/share/texlive/texmf-dist/tex/latex/listings/lstlang1.sty
File: lstlang1.sty 2013/08/26 1.5b listings language file
)
(/usr/share/texlive/texmf-dist/tex/latex/listings/lstlang2.sty
File: lstlang2.sty 2013/08/26 1.5b listings language file
)
(/usr/share/texlive/texmf-dist/tex/latex/listings/lstlang3.sty
File: lstlang3.sty 2013/08/26 1.5b listings language file
)
(/usr/share/texlive/texmf-dist/tex/latex/listings/lstmisc.sty
File: lstmisc.sty 2013/08/26 1.5b (Carsten Heinz)
)
(/usr/share/texmf/tex/generic/pgf/frontendlayer/tikz/libraries/tikzlibrarymindm
ap.code.tex
File: tikzlibrarymindmap.code.tex 2009/11/12 v2.10 (rcs-revision 1.9)

(/usr/share/texmf/tex/generic/pgf/frontendlayer/tikz/libraries/tikzlibrarytrees
.code.tex
File: tikzlibrarytrees.code.tex 2008/02/24 v2.10 (rcs-revision 1.2)
)) (./project.aux

LaTeX Warning: Label `arch' multiply defined.


LaTeX Warning: Label `concl' multiply defined.

)
\openout1 = `project.aux'.

LaTeX Font Info:    Checking defaults for OML/npxmi/m/it on input line 121.
LaTeX Font Info:    Try loading font information for OML+npxmi on input line 12
1.
 (/usr/share/texlive/texmf-dist/tex/latex/newpx/omlnpxmi.fd
File: omlnpxmi.fd 2013/03/21 Fontinst v1.933 font definitions for OML/npxmi.
)
LaTeX Font Info:    ... okay on input line 121.
LaTeX Font Info:    Checking defaults for T1/cmr/m/n on input line 121.
LaTeX Font Info:    ... okay on input line 121.
LaTeX Font Info:    Checking defaults for OT1/cmr/m/n on input line 121.
LaTeX Font Info:    ... okay on input line 121.
LaTeX Font Info:    Checking defaults for OMS/npxsy/m/n on input line 121.
LaTeX Font Info:    Try loading font information for OMS+npxsy on input line 12
1.

(/usr/share/texlive/texmf-dist/tex/latex/newpx/omsnpxsy.fd
File: omsnpxsy.fd 2013/03/24 Fontinst v1.933 font definitions for OMS/npxsy.
)
LaTeX Font Info:    ... okay on input line 121.
LaTeX Font Info:    Checking defaults for OMX/cmex/m/n on input line 121.
LaTeX Font Info:    ... okay on input line 121.
LaTeX Font Info:    Checking defaults for U/npxexa/m/n on input line 121.
LaTeX Font Info:    Try loading font information for U+npxexa on input line 121
.

(/usr/share/texlive/texmf-dist/tex/latex/newpx/unpxexa.fd
File: unpxexa.fd 2013/03/24 Fontinst v1.933 font definitions for U/npxexa.
)
LaTeX Font Info:    ... okay on input line 121.
LaTeX Font Info:    Checking defaults for PD1/pdf/m/n on input line 121.
LaTeX Font Info:    ... okay on input line 121.
LaTeX Font Info:    Checking defaults for TS1/cmr/m/n on input line 121.
LaTeX Font Info:    Try loading font information for TS1+cmr on input line 121.


(/usr/share/texlive/texmf-dist/tex/latex/base/ts1cmr.fd
File: ts1cmr.fd 1999/05/25 v2.5h Standard LaTeX font definitions
)
LaTeX Font Info:    ... okay on input line 121.
LaTeX Font Info:    Checking defaults for LMX/npxexx/m/n on input line 121.
LaTeX Font Info:    ... okay on input line 121.
LaTeX Font Info:    Try loading font information for T1+qhv on input line 121.

(/usr/share/texmf/tex/latex/tex-gyre/t1qhv.fd
File: t1qhv.fd 2009/09/25 v1.2 font definition file for T1/qhv
)
LaTeX Font Info:    Font shape `T1/qhv/m/n' will be
(Font)              scaled to size 10.29301pt on input line 121.

*geometry* driver: auto-detecting
*geometry* detected driver: pdftex
*geometry* verbose mode - [ preamble ] result:
* driver: pdftex
* paper: custom
* layout: <same size as paper>
* layoutoffset:(h,v)=(0.0pt,0.0pt)
* modes: includehead includefoot 
* h-part:(L,W,R)=(28.45274pt, 307.28987pt, 28.45274pt)
* v-part:(T,H,B)=(0.0pt, 273.14662pt, 0.0pt)
* \paperwidth=364.19536pt
* \paperheight=273.14662pt
* \textwidth=307.28987pt
* \textheight=244.6939pt
* \oddsidemargin=-43.81725pt
* \evensidemargin=-43.81725pt
* \topmargin=-72.26999pt
* \headheight=14.22636pt
* \headsep=0.0pt
* \topskip=11.0pt
* \footskip=14.22636pt
* \marginparwidth=4.0pt
* \marginparsep=10.0pt
* \columnsep=10.0pt
* \skip\footins=10.0pt plus 4.0pt minus 2.0pt
* \hoffset=0.0pt
* \voffset=0.0pt
* \mag=1000
* \@twocolumnfalse
* \@twosidefalse
* \@mparswitchfalse
* \@reversemarginfalse
* (1in=72.27pt=25.4mm, 1cm=28.453pt)

(/usr/share/texlive/texmf-dist/tex/context/base/supp-pdf.mkii
[Loading MPS to PDF converter (version 2006.09.02).]
\scratchcounter=\count286
\scratchdimen=\dimen277
\scratchbox=\box91
\nofMPsegments=\count287
\nofMParguments=\count288
\everyMPshowfont=\toks64
\MPscratchCnt=\count289
\MPscratchDim=\dimen278
\MPnumerator=\count290
\makeMPintoPDFobject=\count291
\everyMPtoPDFconversion=\toks65
) (/usr/share/texlive/texmf-dist/tex/latex/oberdiek/epstopdf-base.sty
Package: epstopdf-base 2010/02/09 v2.5 Base part for package epstopdf

(/usr/share/texlive/texmf-dist/tex/latex/oberdiek/grfext.sty
Package: grfext 2010/08/19 v1.1 Manage graphics extensions (HO)
)
Package grfext Info: Graphics extension search list:
(grfext)             [.png,.pdf,.jpg,.mps,.jpeg,.jbig2,.jb2,.PNG,.PDF,.JPG,.JPE
G,.JBIG2,.JB2,.eps]
(grfext)             \AppendGraphicsExtensions on input line 452.

(/usr/share/texlive/texmf-dist/tex/latex/latexconfig/epstopdf-sys.cfg
File: epstopdf-sys.cfg 2010/07/13 v1.3 Configuration of (r)epstopdf for TeX Liv
e
))
ABD: EveryShipout initializing macros
\AtBeginShipoutBox=\box92
Package hyperref Info: Link coloring OFF on input line 121.

(/usr/share/texlive/texmf-dist/tex/latex/hyperref/nameref.sty
Package: nameref 2012/10/27 v2.43 Cross-referencing by name of section

(/usr/share/texlive/texmf-dist/tex/generic/oberdiek/gettitlestring.sty
Package: gettitlestring 2010/12/03 v1.4 Cleanup title references (HO)
)
\c@section@level=\count292
)
LaTeX Info: Redefining \ref on input line 121.
LaTeX Info: Redefining \pageref on input line 121.
LaTeX Info: Redefining \nameref on input line 121.

(./project.out) (./project.out)
\@outlinefile=\write5
\openout5 = `project.out'.

LaTeX Font Info:    Encoding `T1' has changed to `OT1' for symbol font
(Font)              `operators' in the math version `normal' on input line 121.

LaTeX Font Info:    Overwriting symbol font `operators' in version `normal'
(Font)                  T1/zplx/m/n --> OT1/cmss/m/n on input line 121.
LaTeX Font Info:    Encoding `T1' has changed to `OT1' for symbol font
(Font)              `operators' in the math version `bold' on input line 121.
LaTeX Font Info:    Overwriting symbol font `operators' in version `bold'
(Font)                  T1/zplx/b/n --> OT1/cmss/bx/n on input line 121.
\symnumbers=\mathgroup10
\sympureletters=\mathgroup11
LaTeX Font Info:    Overwriting math alphabet `\mathrm' in version `normal'
(Font)                  OT1/cmss/m/n --> T1/zplx/m/n on input line 121.
LaTeX Font Info:    Redeclaring math alphabet \mathbf on input line 121.
LaTeX Font Info:    Overwriting math alphabet `\mathbf' in version `normal'
(Font)                  T1/zplx/b/n --> T1/qhv/bx/n on input line 121.
LaTeX Font Info:    Overwriting math alphabet `\mathbf' in version `bold'
(Font)                  T1/zplx/b/n --> T1/qhv/bx/n on input line 121.
LaTeX Font Info:    Redeclaring math alphabet \mathsf on input line 121.
LaTeX Font Info:    Overwriting math alphabet `\mathsf' in version `normal'
(Font)                  T1/qhv/m/n --> T1/qhv/m/n on input line 121.
LaTeX Font Info:    Overwriting math alphabet `\mathsf' in version `bold'
(Font)                  T1/qhv/b/n --> T1/qhv/m/n on input line 121.
LaTeX Font Info:    Redeclaring math alphabet \mathit on input line 121.
LaTeX Font Info:    Overwriting math alphabet `\mathit' in version `normal'
(Font)                  T1/zplx/m/it --> T1/qhv/m/it on input line 121.
LaTeX Font Info:    Overwriting math alphabet `\mathit' in version `bold'
(Font)                  T1/zplx/b/it --> T1/qhv/m/it on input line 121.
LaTeX Font Info:    Redeclaring math alphabet \mathtt on input line 121.
LaTeX Font Info:    Overwriting math alphabet `\mathtt' in version `normal'
(Font)                  T1/npxtt/m/n --> T1/npxtt/m/n on input line 121.
LaTeX Font Info:    Overwriting math alphabet `\mathtt' in version `bold'
(Font)                  T1/npxtt/b/n --> T1/npxtt/m/n on input line 121.
LaTeX Font Info:    Overwriting symbol font `numbers' in version `bold'
(Font)                  T1/qhv/m/n --> T1/qhv/bx/n on input line 121.
LaTeX Font Info:    Overwriting symbol font `pureletters' in version `bold'
(Font)                  T1/qhv/m/it --> T1/qhv/bx/it on input line 121.
LaTeX Font Info:    Overwriting math alphabet `\mathrm' in version `bold'
(Font)                  OT1/cmss/bx/n --> T1/zplx/bx/n on input line 121.
LaTeX Font Info:    Overwriting math alphabet `\mathbf' in version `bold'
(Font)                  T1/qhv/bx/n --> T1/qhv/bx/n on input line 121.
LaTeX Font Info:    Overwriting math alphabet `\mathsf' in version `bold'
(Font)                  T1/qhv/m/n --> T1/qhv/bx/n on input line 121.
LaTeX Font Info:    Overwriting math alphabet `\mathit' in version `bold'
(Font)                  T1/qhv/m/it --> T1/qhv/bx/it on input line 121.
LaTeX Font Info:    Overwriting math alphabet `\mathtt' in version `bold'
(Font)                  T1/npxtt/m/n --> T1/npxtt/bx/n on input line 121.

(/usr/share/texmf/tex/latex/beamer/base/translator/dicts/translator-basic-dicti
onary/translator-basic-dictionary-English.dict
Dictionary: translator-basic-dictionary, Language: English 
)
(/usr/share/texmf/tex/latex/beamer/base/translator/dicts/translator-bibliograph
y-dictionary/translator-bibliography-dictionary-English.dict
Dictionary: translator-bibliography-dictionary, Language: English 
)
(/usr/share/texmf/tex/latex/beamer/base/translator/dicts/translator-environment
-dictionary/translator-environment-dictionary-English.dict
Dictionary: translator-environment-dictionary, Language: English 
)
(/usr/share/texmf/tex/latex/beamer/base/translator/dicts/translator-months-dict
ionary/translator-months-dictionary-English.dict
Dictionary: translator-months-dictionary, Language: English 
)
(/usr/share/texmf/tex/latex/beamer/base/translator/dicts/translator-numbers-dic
tionary/translator-numbers-dictionary-English.dict
Dictionary: translator-numbers-dictionary, Language: English 
)
(/usr/share/texmf/tex/latex/beamer/base/translator/dicts/translator-theorem-dic
tionary/translator-theorem-dictionary-English.dict
Dictionary: translator-theorem-dictionary, Language: English 
)
LaTeX Info: Redefining \includegraphics on input line 121.

Package pgfplots notification 'compat/show suggested version=true': you might b
enefit from \pgfplotsset{compat=1.9} (current compat level: 1.8).

ABD: EverySelectfont initializing macros
LaTeX Info: Redefining \selectfont on input line 121.
\c@mv@tabular=\count293
\c@mv@boldtabular=\count294

(/usr/share/texlive/texmf-dist/tex/latex/ucs/ucsencs.def
File: ucsencs.def 2011/01/21 Fixes to fontencodings LGR, T3
)
Package caption Info: Begin \AtBeginDocument code.
Package caption Info: listings package is loaded.
Package caption Info: End \AtBeginDocument code.
\c@lstlisting=\count295
 (./project.nav)
LaTeX Font Info:    Font shape `T1/qhv/m/n' will be
(Font)              scaled to size 5.64001pt on input line 121.
LaTeX Font Info:    Font shape `T1/qhv/m/n' will be
(Font)              scaled to size 15.04004pt on input line 127.
LaTeX Font Info:    Font shape `T1/qhv/m/n' will be
(Font)              scaled to size 11.28003pt on input line 127.
LaTeX Font Info:    Font shape `T1/qhv/m/n' will be
(Font)              scaled to size 7.52002pt on input line 127.


LaTeX Font Warning: Font shape `OT1/cmss/m/n' in size <5.5> not available
(Font)              size <5> substituted on input line 127.

LaTeX Font Info:    Try loading font information for U+npxsya on input line 127
.
(/usr/share/texlive/texmf-dist/tex/latex/newpx/unpxsya.fd
File: unpxsya.fd 2013/03/24 Fontinst v1.933 font definitions for U/npxsya.
)
LaTeX Font Info:    Try loading font information for U+npxsyb on input line 127
.

(/usr/share/texlive/texmf-dist/tex/latex/newpx/unpxsyb.fd
File: unpxsyb.fd 2013/03/24 Fontinst v1.933 font definitions for U/npxsyb.
)
LaTeX Font Info:    Try loading font information for U+wasy on input line 127.

(/usr/share/texlive/texmf-dist/tex/latex/wasysym/uwasy.fd
File: uwasy.fd 2003/10/30 v2.0 Wasy-2 symbol font definitions
)

LaTeX Font Warning: Font shape `U/wasy/m/n' in size <5.5> not available
(Font)              size <5> substituted on input line 127.

LaTeX Font Info:    Try loading font information for U+npxmia on input line 127
.
(/usr/share/texlive/texmf-dist/tex/latex/newpx/unpxmia.fd
File: unpxmia.fd 2013/03/24 Fontinst v1.933 font definitions for U/npxmia.
)
LaTeX Font Info:    Try loading font information for U+npxsyc on input line 127
.

(/usr/share/texlive/texmf-dist/tex/latex/newpx/unpxsyc.fd
File: unpxsyc.fd 2013/03/24 Fontinst v1.933 font definitions for U/npxsyc.
)
LaTeX Font Info:    Font shape `T1/qhv/m/n' will be
(Font)              scaled to size 5.828pt on input line 127.
LaTeX Font Info:    Font shape `T1/qhv/m/n' will be
(Font)              scaled to size 5.17001pt on input line 127.
LaTeX Font Info:    Font shape `T1/qhv/m/it' will be
(Font)              scaled to size 7.52002pt on input line 127.
LaTeX Font Info:    Font shape `T1/qhv/m/it' will be
(Font)              scaled to size 5.828pt on input line 127.
LaTeX Font Info:    Font shape `T1/qhv/m/it' will be
(Font)              scaled to size 5.17001pt on input line 127.

(/usr/share/texlive/texmf-dist/tex/latex/ucs/data/uni-0.def
File: uni-0.def 2013/05/13 UCS: Unicode data U+0000..U+00FF
)
LaTeX Font Info:    Font shape `T1/qhv/m/n' will be
(Font)              scaled to size 9.40002pt on input line 127.

Underfull \hbox (badness 10000) in paragraph at lines 127--127

 []


Underfull \hbox (badness 10000) in paragraph at lines 127--127

 []


Overfull \vbox (24.20988pt too high) detected at line 127
 []

LaTeX Font Info:    Font shape `T1/qhv/m/n' will be
(Font)              scaled to size 3.76001pt on input line 127.
<background.pdf, id=111, 6323.625pt x 4746.69356pt>
File: background.pdf Graphic file (type pdf)
 <use background.pdf>
Package pdftex.def Info: background.pdf used on input line 127.
(pdftex.def)             Requested size: 364.19536pt x 273.34561pt.

[1

{/var/lib/texmf/fonts/map/pdftex/updmap/pdftex.map} <./background.pdf

pdfTeX warning: pdflatex (file ./background.pdf): PDF inclusion: multiple pdfs 
with page group included in a single page
>] (./project.toc) <logo.pdf, id=141, 845.0471pt x 597.51233pt>
File: logo.pdf Graphic file (type pdf)
 <use logo.pdf>
Package pdftex.def Info: logo.pdf used on input line 135.
(pdftex.def)             Requested size: 60.3585pt x 42.67912pt.

[2

 <./logo.pdf>]
LaTeX Font Info:    Font shape `T1/qhv/m/n' will be
(Font)              scaled to size 16.24324pt on input line 143.
 [3

]
LaTeX Font Info:    Font shape `T1/qhv/bx/n' in size <12> not available
(Font)              Font shape `T1/qhv/b/n' tried instead on input line 158.
LaTeX Font Info:    Font shape `T1/qhv/b/n' will be
(Font)              scaled to size 11.28003pt on input line 158.
File: logo.pdf Graphic file (type pdf)
 <use logo.pdf>
Package pdftex.def Info: logo.pdf used on input line 158.
(pdftex.def)             Requested size: 60.3585pt x 42.67912pt.
 [4

]
File: logo.pdf Graphic file (type pdf)
 <use logo.pdf>
Package pdftex.def Info: logo.pdf used on input line 169.
(pdftex.def)             Requested size: 60.3585pt x 42.67912pt.
 [5

]
File: logo.pdf Graphic file (type pdf)
 <use logo.pdf>
Package pdftex.def Info: logo.pdf used on input line 197.
(pdftex.def)             Requested size: 60.3585pt x 42.67912pt.

[6

] [7

]
LaTeX Font Info:    Font shape `T1/qhv/m/n' will be
(Font)              scaled to size 5.73401pt on input line 227.
LaTeX Font Info:    Font shape `T1/qhv/m/it' will be
(Font)              scaled to size 10.29301pt on input line 227.
LaTeX Font Info:    Font shape `T1/qhv/m/it' will be
(Font)              scaled to size 5.73401pt on input line 227.
 <figures/ice.pdf, id=197, 597.23125pt x 363.3575pt>
File: figures/ice.pdf Graphic file (type pdf)

<use figures/ice.pdf>
Package pdftex.def Info: figures/ice.pdf used on input line 227.
(pdftex.def)             Requested size: 169.01036pt x 102.8261pt.
File: logo.pdf Graphic file (type pdf)
 <use logo.pdf>
Package pdftex.def Info: logo.pdf used on input line 227.
(pdftex.def)             Requested size: 60.3585pt x 42.67912pt.
 [8

 <./figures/ice.pdf>]
<figures/webrtc.png, id=224, 250.9375pt x 250.9375pt>
File: figures/webrtc.png Graphic file (type png)
 <use figures/webrtc.png>
Package pdftex.def Info: figures/webrtc.png used on input line 254.
(pdftex.def)             Requested size: 61.45703pt x 61.45532pt.
File: logo.pdf Graphic file (type pdf)

<use logo.pdf>
Package pdftex.def Info: logo.pdf used on input line 254.
(pdftex.def)             Requested size: 60.3585pt x 42.67912pt.
 [9

 <./figures/webrtc.png>]
<figures/skype.png, id=234, 285.065pt x 284.06125pt>
File: figures/skype.png Graphic file (type png)
 <use figures/skype.png>
Package pdftex.def Info: figures/skype.png used on input line 277.
(pdftex.def)             Requested size: 61.45703pt x 61.23668pt.

<figures/hangouts.png, id=235, 1027.84pt x 1027.84pt>
File: figures/hangouts.png Graphic file (type png)

<use figures/hangouts.png>
Package pdftex.def Info: figures/hangouts.png used on input line 277.
(pdftex.def)             Requested size: 61.45703pt x 61.44817pt.

<figures/jitsi.png, id=236, 789.54974pt x 789.54974pt>
File: figures/jitsi.png Graphic file (type png)
 <use figures/jitsi.png>
Package pdftex.def Info: figures/jitsi.png used on input line 277.
(pdftex.def)             Requested size: 61.45703pt x 61.45451pt.

<figures/kurento.png, id=237, 350.30875pt x 350.30875pt>
File: figures/kurento.png Graphic file (type png)

<use figures/kurento.png>
Package pdftex.def Info: figures/kurento.png used on input line 277.
(pdftex.def)             Requested size: 61.45703pt x 61.4546pt.


LaTeX Font Warning: Font shape `OT1/cmss/m/n' in size <6.5> not available
(Font)              size <6> substituted on input line 277.


LaTeX Font Warning: Font shape `U/wasy/m/n' in size <6.5> not available
(Font)              size <6> substituted on input line 277.

LaTeX Font Info:    Font shape `T1/qhv/m/n' will be
(Font)              scaled to size 6.11002pt on input line 277.
LaTeX Font Info:    Font shape `T1/qhv/m/it' will be
(Font)              scaled to size 6.11002pt on input line 277.

Overfull \hbox (11.64381pt too wide) in paragraph at lines 277--277
 [] 
 []

File: logo.pdf Graphic file (type pdf)
<use logo.pdf>
Package pdftex.def Info: logo.pdf used on input line 277.
(pdftex.def)             Requested size: 60.3585pt x 42.67912pt.
 [10

 <./figures/skype.png> <./figures/hangouts.png> <./figures/jitsi.png> <./figure
s/kurento.png>]
LaTeX Font Info:    Font shape `T1/qhv/bx/n' in size <10.95> not available
(Font)              Font shape `T1/qhv/b/n' tried instead on input line 313.
LaTeX Font Info:    Font shape `T1/qhv/b/n' will be
(Font)              scaled to size 10.29301pt on input line 313.

<figures/hypercafe.png, id=249, 660.066pt x 582.978pt>
File: figures/hypercafe.png Graphic file (type png)

<use figures/hypercafe.png>
Package pdftex.def Info: figures/hypercafe.png used on input line 313.
(pdftex.def)             Requested size: 113.18669pt x 99.97316pt.
 <figures/space.png, id=250, 64.24pt x 64.24pt>
File: figures/space.png Graphic file (type png)

<use figures/space.png>
Package pdftex.def Info: figures/space.png used on input line 313.
(pdftex.def)             Requested size: 24.99565pt x 24.9952pt.

<figures/hitchcock.png, id=251, 483.8075pt x 414.54875pt>
File: figures/hitchcock.png Graphic file (type png)

<use figures/hitchcock.png>
Package pdftex.def Info: figures/hitchcock.png used on input line 313.
(pdftex.def)             Requested size: 116.66985pt x 99.97316pt.
File: logo.pdf Graphic file (type pdf)
 <use logo.pdf>
Package pdftex.def Info: logo.pdf used on input line 313.
(pdftex.def)             Requested size: 60.3585pt x 42.67912pt.
 [11

 <./figures/hypercafe.png> <./figures/space.png (PNG copy)> <./figures/hitchcoc
k.png>]
Overfull \hbox (0.98381pt too wide) in paragraph at lines 377--377
 []\T1/qhv/m/n/12 EXTENDING COL-LAB-O-RA-TION TOOLS WITH TIME MA-NIP-U-LA-TION 
 
 []

File: logo.pdf Graphic file (type pdf)
<use logo.pdf>
Package pdftex.def Info: logo.pdf used on input line 377.
(pdftex.def)             Requested size: 60.3585pt x 42.67912pt.
 [12

] [13

]
<figures/modules.pdf, id=274, 573.14125pt x 314.17375pt>
File: figures/modules.pdf Graphic file (type pdf)

<use figures/modules.pdf>
Package pdftex.def Info: figures/modules.pdf used on input line 401.
(pdftex.def)             Requested size: 245.83282pt x 134.7565pt.
File: logo.pdf Graphic file (type pdf)
 <use logo.pdf>
Package pdftex.def Info: logo.pdf used on input line 401.
(pdftex.def)             Requested size: 60.3585pt x 42.67912pt.
 [14

 <./figures/modules.pdf>]
<figures/infrastructure.pdf, id=313, 860.21375pt x 440.64626pt>
File: figures/infrastructure.pdf Graphic file (type pdf)

<use figures/infrastructure.pdf>
Package pdftex.def Info: figures/infrastructure.pdf used on input line 424.
(pdftex.def)             Requested size: 276.559pt x 141.6686pt.
LaTeX Font Info:    Font shape `T1/qhv/bx/n' in size <10> not available
(Font)              Font shape `T1/qhv/b/n' tried instead on input line 424.
LaTeX Font Info:    Font shape `T1/qhv/b/n' will be
(Font)              scaled to size 9.40002pt on input line 424.
LaTeX Font Info:    Font shape `T1/qhv/m/n' will be
(Font)              scaled to size 6.86201pt on input line 424.
LaTeX Font Info:    Font shape `T1/qhv/m/it' will be
(Font)              scaled to size 9.40002pt on input line 424.
LaTeX Font Info:    Font shape `T1/qhv/m/it' will be
(Font)              scaled to size 6.86201pt on input line 424.

Overfull \vbox (5.82758pt too high) detected at line 424
 []

File: logo.pdf Graphic file (type pdf)
<use logo.pdf>
Package pdftex.def Info: logo.pdf used on input line 424.
(pdftex.def)             Requested size: 60.3585pt x 42.67912pt.
 [15

 <./figures/infrastructure.pdf>]
File: logo.pdf Graphic file (type pdf)
 <use logo.pdf>
Package pdftex.def Info: logo.pdf used on input line 445.
(pdftex.def)             Requested size: 60.3585pt x 42.67912pt.
 [16

] [17

]
Package epstopdf Info: Source file: <figures/signaling.eps>
(epstopdf)                    date: 2016-03-27 23:57:36
(epstopdf)                    size: 132509 bytes
(epstopdf)             Output file: <figures/signaling-eps-converted-to.pdf>
(epstopdf)                    date: 2016-05-24 01:58:31
(epstopdf)                    size: 59450 bytes
(epstopdf)             Command: <repstopdf --outfile=figures/signaling-eps-conv
erted-to.pdf figures/signaling.eps>
(epstopdf)             \includegraphics on input line 461.
Package epstopdf Info: Output file is already uptodate.

<figures/signaling-eps-converted-to.pdf, id=364, 1028.84375pt x 1226.5825pt>
File: figures/signaling-eps-converted-to.pdf Graphic file (type pdf)

<use figures/signaling-eps-converted-to.pdf>
Package pdftex.def Info: figures/signaling-eps-converted-to.pdf used on input l
ine 461.
(pdftex.def)             Requested size: 169.01036pt x 201.479pt.

Overfull \vbox (20.71382pt too high) detected at line 461
 []

File: logo.pdf Graphic file (type pdf)
<use logo.pdf>
Package pdftex.def Info: logo.pdf used on input line 461.
(pdftex.def)             Requested size: 60.3585pt x 42.67912pt.
 [18

 <./figures/signaling-eps-converted-to.pdf>]
File: logo.pdf Graphic file (type pdf)
 <use logo.pdf>
Package pdftex.def Info: logo.pdf used on input line 479.
(pdftex.def)             Requested size: 60.3585pt x 42.67912pt.

[19

] <figures/wcomposite.pdf, id=380, 502.87875pt x 256.96pt>
File: figures/wcomposite.pdf Graphic file (type pdf)

<use figures/wcomposite.pdf>
Package pdftex.def Info: figures/wcomposite.pdf used on input line 490.
(pdftex.def)             Requested size: 153.64493pt x 78.50795pt.

<figures/devices.png, id=381, 954.56625pt x 525.965pt>
File: figures/devices.png Graphic file (type png)

<use figures/devices.png>
Package pdftex.def Info: figures/devices.png used on input line 490.
(pdftex.def)             Requested size: 153.64493pt x 84.6537pt.
File: logo.pdf Graphic file (type pdf)
 <use logo.pdf>
Package pdftex.def Info: logo.pdf used on input line 490.
(pdftex.def)             Requested size: 60.3585pt x 42.67912pt.
 [20

 <./figures/wcomposite.pdf> <./figures/devices.png (PNG copy)>]
<figures/edition.png, id=397, 615.29875pt x 563.10374pt>
File: figures/edition.png Graphic file (type png)

<use figures/edition.png>
Package pdftex.def Info: figures/edition.png used on input line 516.
(pdftex.def)             Requested size: 153.64493pt x 140.60374pt.
File: logo.pdf Graphic file (type pdf)
 <use logo.pdf>
Package pdftex.def Info: logo.pdf used on input line 516.
(pdftex.def)             Requested size: 60.3585pt x 42.67912pt.
 [21

 <./figures/edition.png (PNG copy)>] <figures/timeline.png, id=404, 961.5925pt 
x 171.64125pt>
File: figures/timeline.png Graphic file (type png)

<use figures/timeline.png>
Package pdftex.def Info: figures/timeline.png used on input line 539.
(pdftex.def)             Requested size: 307.28987pt x 54.85036pt.

<figures/search.png, id=405, 591.20876pt x 333.245pt>
File: figures/search.png Graphic file (type png)
 <use figures/search.png>
Package pdftex.def Info: figures/search.png used on input line 539.
(pdftex.def)             Requested size: 138.2795pt x 77.94138pt.
File: logo.pdf Graphic file (type pdf)

<use logo.pdf>
Package pdftex.def Info: logo.pdf used on input line 539.
(pdftex.def)             Requested size: 60.3585pt x 42.67912pt.
 [22

 <./figures/timeline.png> <./figures/search.png (PNG copy)>]
File: logo.pdf Graphic file (type pdf)

<use logo.pdf>
Package pdftex.def Info: logo.pdf used on input line 571.
(pdftex.def)             Requested size: 60.3585pt x 42.67912pt.
 [23

] [24

]pdfTeX warning (ext4): destination with the same identifier (name{arch}) has b
een already used, duplicate ignored
<to be read again> 
                   \relax 
l.591 	\end{frame}
                   <figures/cpu.pdf, id=423, 454.69875pt x 226.8475pt>
File: figures/cpu.pdf Graphic file (type pdf)

<use figures/cpu.pdf>
Package pdftex.def Info: figures/cpu.pdf used on input line 591.
(pdftex.def)             Requested size: 307.28987pt x 153.30582pt.
File: logo.pdf Graphic file (type pdf)
 <use logo.pdf>
Package pdftex.def Info: logo.pdf used on input line 591.
(pdftex.def)             Requested size: 60.3585pt x 42.67912pt.
 [25

 <./figures/cpu.pdf>]
<figures/cpu_avg.pdf, id=435, 454.69875pt x 226.8475pt>
File: figures/cpu_avg.pdf Graphic file (type pdf)

<use figures/cpu_avg.pdf>
Package pdftex.def Info: figures/cpu_avg.pdf used on input line 598.
(pdftex.def)             Requested size: 307.28987pt x 153.30582pt.
File: logo.pdf Graphic file (type pdf)
 <use logo.pdf>
Package pdftex.def Info: logo.pdf used on input line 598.
(pdftex.def)             Requested size: 60.3585pt x 42.67912pt.
 [26

 <./figures/cpu_avg.pdf>]
<figures/ram.pdf, id=446, 454.69875pt x 226.8475pt>
File: figures/ram.pdf Graphic file (type pdf)
 <use figures/ram.pdf>
Package pdftex.def Info: figures/ram.pdf used on input line 605.
(pdftex.def)             Requested size: 307.28987pt x 153.30582pt.
File: logo.pdf Graphic file (type pdf)

<use logo.pdf>
Package pdftex.def Info: logo.pdf used on input line 605.
(pdftex.def)             Requested size: 60.3585pt x 42.67912pt.
 [27

 <./figures/ram.pdf>]
<figures/net.pdf, id=457, 454.69875pt x 226.8475pt>
File: figures/net.pdf Graphic file (type pdf)
 <use figures/net.pdf>
Package pdftex.def Info: figures/net.pdf used on input line 612.
(pdftex.def)             Requested size: 307.28987pt x 153.30582pt.
File: logo.pdf Graphic file (type pdf)

<use logo.pdf>
Package pdftex.def Info: logo.pdf used on input line 612.
(pdftex.def)             Requested size: 60.3585pt x 42.67912pt.
 [28

 <./figures/net.pdf>]
<figures/net_avg.pdf, id=468, 454.69875pt x 226.8475pt>
File: figures/net_avg.pdf Graphic file (type pdf)

<use figures/net_avg.pdf>
Package pdftex.def Info: figures/net_avg.pdf used on input line 619.
(pdftex.def)             Requested size: 307.28987pt x 153.30582pt.
File: logo.pdf Graphic file (type pdf)
 <use logo.pdf>
Package pdftex.def Info: logo.pdf used on input line 619.
(pdftex.def)             Requested size: 60.3585pt x 42.67912pt.
 [29

 <./figures/net_avg.pdf>]
<figures/net_clt.pdf, id=479, 454.69875pt x 226.8475pt>
File: figures/net_clt.pdf Graphic file (type pdf)

<use figures/net_clt.pdf>
Package pdftex.def Info: figures/net_clt.pdf used on input line 626.
(pdftex.def)             Requested size: 307.28987pt x 153.30582pt.
File: logo.pdf Graphic file (type pdf)
 <use logo.pdf>
Package pdftex.def Info: logo.pdf used on input line 626.
(pdftex.def)             Requested size: 60.3585pt x 42.67912pt.
 [30

 <./figures/net_clt.pdf>]
<figures/user_ages.pdf, id=491, 226.8475pt x 226.8475pt>
File: figures/user_ages.pdf Graphic file (type pdf)

<use figures/user_ages.pdf>
Package pdftex.def Info: figures/user_ages.pdf used on input line 636.
(pdftex.def)             Requested size: 153.64493pt x 153.64503pt.
File: logo.pdf Graphic file (type pdf)
 <use logo.pdf>
Package pdftex.def Info: logo.pdf used on input line 636.
(pdftex.def)             Requested size: 60.3585pt x 42.67912pt.
 [31

 <./figures/user_ages.pdf>]
<figures/user_times.pdf, id=504, 226.8475pt x 226.8475pt>
File: figures/user_times.pdf Graphic file (type pdf)

<use figures/user_times.pdf>
Package pdftex.def Info: figures/user_times.pdf used on input line 648.
(pdftex.def)             Requested size: 153.64493pt x 153.64503pt.

<figures/user_clicks.pdf, id=505, 226.8475pt x 226.8475pt>
File: figures/user_clicks.pdf Graphic file (type pdf)

<use figures/user_clicks.pdf>
Package pdftex.def Info: figures/user_clicks.pdf used on input line 648.
(pdftex.def)             Requested size: 153.64493pt x 153.64503pt.

Overfull \vbox (9.1987pt too high) detected at line 648
 []

File: logo.pdf Graphic file (type pdf)
<use logo.pdf>
Package pdftex.def Info: logo.pdf used on input line 648.
(pdftex.def)             Requested size: 60.3585pt x 42.67912pt.
 [32

 <./figures/user_times.pdf> <./figures/user_clicks.pdf>]
<figures/user_evals.pdf, id=521, 454.69875pt x 226.8475pt>
File: figures/user_evals.pdf Graphic file (type pdf)

<use figures/user_evals.pdf>
Package pdftex.def Info: figures/user_evals.pdf used on input line 655.
(pdftex.def)             Requested size: 307.28987pt x 153.30582pt.
File: logo.pdf Graphic file (type pdf)
 <use logo.pdf>
Package pdftex.def Info: logo.pdf used on input line 655.
(pdftex.def)             Requested size: 60.3585pt x 42.67912pt.
 [33

 <./figures/user_evals.pdf>]
[34

]
File: logo.pdf Graphic file (type pdf)
 <use logo.pdf>
Package pdftex.def Info: logo.pdf used on input line 675.
(pdftex.def)             Requested size: 60.3585pt x 42.67912pt.
 [35

]
Package epstopdf Info: Source file: <video.eps>
(epstopdf)                    date: 2016-05-22 22:43:04
(epstopdf)                    size: 4085 bytes
(epstopdf)             Output file: <video-eps-converted-to.pdf>
(epstopdf)                    date: 2016-05-22 22:43:49
(epstopdf)                    size: 3280 bytes
(epstopdf)             Command: <repstopdf --outfile=video-eps-converted-to.pdf
 video.eps>
(epstopdf)             \includegraphics on input line 692.
Package epstopdf Info: Output file is already uptodate.

<video-eps-converted-to.pdf, id=542, 281.05pt x 281.05pt>
File: video-eps-converted-to.pdf Graphic file (type pdf)

<use video-eps-converted-to.pdf>
Package pdftex.def Info: video-eps-converted-to.pdf used on input line 692.
(pdftex.def)             Requested size: 70.26231pt x 70.26231pt.
File: logo.pdf Graphic file (type pdf)
 <use logo.pdf>
Package pdftex.def Info: logo.pdf used on input line 692.
(pdftex.def)             Requested size: 60.3585pt x 42.67912pt.
 [36

 <./video-eps-converted-to.pdf>] [37

]pdfTeX warning (ext4): destination with the same identifier (name{concl}) has 
been already used, duplicate ignored
<to be read again> 
                   \relax 
l.712 	\end{frame}
                  
File: logo.pdf Graphic file (type pdf)
 <use logo.pdf>
Package pdftex.def Info: logo.pdf used on input line 712.
(pdftex.def)             Requested size: 60.3585pt x 42.67912pt.
 [38

]
LaTeX Font Info:    Font shape `T1/qhv/m/n' will be
(Font)              scaled to size 23.38725pt on input line 724.
File: logo.pdf Graphic file (type pdf)
 <use logo.pdf>
Package pdftex.def Info: logo.pdf used on input line 724.
(pdftex.def)             Requested size: 60.3585pt x 42.67912pt.
 [39

]
\tf@nav=\write6
\openout6 = `project.nav'.

\tf@toc=\write7
\openout7 = `project.toc'.

\tf@snm=\write8
\openout8 = `project.snm'.

Package atveryend Info: Empty hook `BeforeClearDocument' on input line 728.
Package atveryend Info: Empty hook `AfterLastShipout' on input line 728.
 (./project.aux)
Package atveryend Info: Executing hook `AtVeryEndDocument' on input line 728.
Package atveryend Info: Executing hook `AtEndAfterFileList' on input line 728.


Package rerunfilecheck Warning: File `project.out' has changed.
(rerunfilecheck)                Rerun to get outlines right
(rerunfilecheck)                or use package `bookmark'.

Package rerunfilecheck Info: Checksums for `project.out':
(rerunfilecheck)             Before: 0A10BC2CEDC1672DA619E70F50FADCBD;1507
(rerunfilecheck)             After:  A790E928369AB6A9DB187374C5ACE7F5;1506.

LaTeX Font Warning: Size substitutions with differences
(Font)              up to 0.5pt have occurred.


LaTeX Warning: There were multiply-defined labels.

Package atveryend Info: Empty hook `AtVeryVeryEnd' on input line 728.
 ) 
Here is how much of TeX's memory you used:
 33965 strings out of 493304
 720070 string characters out of 6139871
 923959 words of memory out of 5000000
 36429 multiletter control sequences out of 15000+600000
 107726 words of font info for 121 fonts, out of 8000000 for 9000
 957 hyphenation exceptions out of 8191
 59i,17n,122p,989b,924s stack positions out of 5000i,500n,10000p,200000b,80000s
pdfTeX warning (dest): name{Outline0.5.2.32} has been referenced but does not
 exist, replaced by a fixed one

pdfTeX warning (dest): name{Outline0.5.1.26} has been referenced but does not e
xist, replaced by a fixed one

pdfTeX warning (dest): name{Outline0.4.6.24} has been referenced but does not e
xist, replaced by a fixed one

pdfTeX warning (dest): name{Outline0.4.5.23} has been referenced but does not e
xist, replaced by a fixed one

pdfTeX warning (dest): name{Outline0.4.4.22} has been referenced but does not e
xist, replaced by a fixed one

pdfTeX warning (dest): name{Outline0.4.3.21} has been referenced but does not e
xist, replaced by a fixed one

pdfTeX warning (dest): name{Outline0.4.2.20} has been referenced but does not e
xist, replaced by a fixed one

pdfTeX warning (dest): name{Outline0.4.1.19} has been referenced but does not e
xist, replaced by a fixed one

pdfTeX warning (dest): name{Outline0.3.2.16} has been referenced but does not e
xist, replaced by a fixed one

pdfTeX warning (dest): name{Outline0.3.1.15} has been referenced but does not e
xist, replaced by a fixed one

pdfTeX warning (dest): name{Outline0.2.4.13} has been referenced but does not e
xist, replaced by a fixed one

pdfTeX warning (dest): name{Outline0.2.3.12} has been referenced but does not e
xist, replaced by a fixed one

pdfTeX warning (dest): name{Outline0.2.2.10} has been referenced but does not e
xist, replaced by a fixed one

pdfTeX warning (dest): name{Outline0.2.1.9} has been referenced but does not ex
ist, replaced by a fixed one

pdfTeX warning (dest): name{Outline0.1.3.7} has been referenced but does not ex
ist, replaced by a fixed one

{/usr/share/texmf/fonts/enc/dvips/tex-gyre/q-ec.enc}</usr/share/texlive/texmf-d
ist/fonts/type1/public/pxfonts/pxsy.pfb></usr/share/texmf/fonts/type1/public/te
x-gyre/qhvb.pfb></usr/share/texmf/fonts/type1/public/tex-gyre/qhvr.pfb></usr/sh
are/texmf/fonts/type1/public/tex-gyre/qhvri.pfb></usr/share/texlive/texmf-dist/
fonts/type1/urw/zapfding/uzdr.pfb></usr/share/texlive/texmf-dist/fonts/type1/pu
blic/wasy/wasy10.pfb>
Output written on project.pdf (39 pages, 2431766 bytes).
PDF statistics:
 617 PDF objects out of 1000 (max. 8388607)
 462 compressed objects within 5 object streams
 124 named destinations out of 1000 (max. 500000)
 397 words of extra memory for PDF output out of 10000 (max. 10000000)

