2015-10-01 16:35:08,961 [INFO] from play.api.libs.concurrent.ActorSystemProvider in pool-7-thread-3 - Starting application default Akka system: application
2015-10-01 16:35:09,237 [INFO] from play.core.server.NettyServer in pool-7-thread-3 - Listening for HTTP on /0:0:0:0:0:0:0:0:2080
2015-10-01 16:35:09,239 [INFO] from play.core.server.NettyServer in pool-7-thread-3 - Listening for HTTPS on port /0:0:0:0:0:0:0:0:2443
2015-10-01 16:36:00,187 [WARN] from play.core.server.ssl.DefaultSSLEngineProvider in New I/O server boss #10 - Using generated key with self signed certificate for HTTPS. This should not be used in production.
2015-10-01 16:36:09,672 [INFO] from org.mongodb.driver.cluster in ForkJoinPool-1-worker-0 - Cluster created with settings {hosts=[127.0.0.1:27017], mode=SINGLE, requiredClusterType=UNKNOWN, serverSelectionTimeout='30000 ms', maxWaitQueueSize=500}
2015-10-01 16:36:09,706 [DEBUG] from javax.management.mbeanserver in ForkJoinPool-1-worker-0 - ObjectName = JMImplementation:type=MBeanServerDelegate
2015-10-01 16:36:09,707 [DEBUG] from javax.management.mbeanserver in ForkJoinPool-1-worker-0 - name = JMImplementation:type=MBeanServerDelegate
2015-10-01 16:36:09,708 [DEBUG] from javax.management.mbeanserver in ForkJoinPool-1-worker-0 - Send create notification of object JMImplementation:type=MBeanServerDelegate
2015-10-01 16:36:09,709 [DEBUG] from javax.management.mbeanserver in ForkJoinPool-1-worker-0 - JMX.mbean.registered JMImplementation:type=MBeanServerDelegate
2015-10-01 16:36:09,724 [DEBUG] from javax.management.mbeanserver in ForkJoinPool-1-worker-0 -  name = java.lang:type=ClassLoading
2015-10-01 16:36:09,742 [DEBUG] from javax.management.misc in ForkJoinPool-1-worker-0 - Building MBeanInfo for sun.management.ClassLoadingImpl
2015-10-01 16:36:09,743 [DEBUG] from javax.management.mbeanserver in ForkJoinPool-1-worker-0 - ObjectName = java.lang:type=ClassLoading
2015-10-01 16:36:09,748 [DEBUG] from javax.management.mbeanserver in ForkJoinPool-1-worker-0 - name = java.lang:type=ClassLoading
2015-10-01 16:36:09,748 [DEBUG] from javax.management.mbeanserver in ForkJoinPool-1-worker-0 - Send create notification of object java.lang:type=ClassLoading
2015-10-01 16:36:09,748 [DEBUG] from javax.management.mbeanserver in ForkJoinPool-1-worker-0 - JMX.mbean.registered java.lang:type=ClassLoading
2015-10-01 16:36:09,749 [DEBUG] from javax.management.mbeanserver in ForkJoinPool-1-worker-0 -  name = java.lang:type=Compilation
2015-10-01 16:36:09,751 [DEBUG] from javax.management.misc in ForkJoinPool-1-worker-0 - Building MBeanInfo for sun.management.CompilationImpl
2015-10-01 16:36:09,751 [DEBUG] from javax.management.mbeanserver in ForkJoinPool-1-worker-0 - ObjectName = java.lang:type=Compilation
2015-10-01 16:36:09,751 [DEBUG] from javax.management.mbeanserver in ForkJoinPool-1-worker-0 - name = java.lang:type=Compilation
2015-10-01 16:36:09,751 [DEBUG] from javax.management.mbeanserver in ForkJoinPool-1-worker-0 - Send create notification of object java.lang:type=Compilation
2015-10-01 16:36:09,752 [DEBUG] from javax.management.mbeanserver in ForkJoinPool-1-worker-0 - JMX.mbean.registered java.lang:type=Compilation
2015-10-01 16:36:09,753 [DEBUG] from javax.management.mbeanserver in ForkJoinPool-1-worker-0 -  name = java.lang:type=Memory
2015-10-01 16:36:09,768 [DEBUG] from javax.management.misc in ForkJoinPool-1-worker-0 - Building MBeanInfo for sun.management.MemoryImpl
2015-10-01 16:36:09,769 [DEBUG] from javax.management.mbeanserver in ForkJoinPool-1-worker-0 - ObjectName = java.lang:type=Memory
2015-10-01 16:36:09,769 [DEBUG] from javax.management.mbeanserver in ForkJoinPool-1-worker-0 - name = java.lang:type=Memory
2015-10-01 16:36:09,769 [DEBUG] from javax.management.mbeanserver in ForkJoinPool-1-worker-0 - Send create notification of object java.lang:type=Memory
2015-10-01 16:36:09,769 [DEBUG] from javax.management.mbeanserver in ForkJoinPool-1-worker-0 - JMX.mbean.registered java.lang:type=Memory
2015-10-01 16:36:09,771 [DEBUG] from javax.management.mbeanserver in ForkJoinPool-1-worker-0 -  name = java.lang:type=GarbageCollector,name=PS Scavenge
2015-10-01 16:36:09,795 [DEBUG] from javax.management.misc in ForkJoinPool-1-worker-0 - Building MBeanInfo for sun.management.GarbageCollectorImpl
2015-10-01 16:36:09,796 [DEBUG] from javax.management.mbeanserver in ForkJoinPool-1-worker-0 - ObjectName = java.lang:type=GarbageCollector,name=PS Scavenge
2015-10-01 16:36:09,797 [DEBUG] from javax.management.mbeanserver in ForkJoinPool-1-worker-0 - name = java.lang:type=GarbageCollector,name=PS Scavenge
2015-10-01 16:36:09,797 [DEBUG] from javax.management.mbeanserver in ForkJoinPool-1-worker-0 - Send create notification of object java.lang:name=PS Scavenge,type=GarbageCollector
2015-10-01 16:36:09,797 [DEBUG] from javax.management.mbeanserver in ForkJoinPool-1-worker-0 - JMX.mbean.registered java.lang:type=GarbageCollector,name=PS Scavenge
2015-10-01 16:36:09,797 [DEBUG] from javax.management.mbeanserver in ForkJoinPool-1-worker-0 -  name = java.lang:type=GarbageCollector,name=PS MarkSweep
2015-10-01 16:36:09,798 [DEBUG] from javax.management.misc in ForkJoinPool-1-worker-0 - Building MBeanInfo for sun.management.GarbageCollectorImpl
2015-10-01 16:36:09,798 [DEBUG] from javax.management.mbeanserver in ForkJoinPool-1-worker-0 - ObjectName = java.lang:type=GarbageCollector,name=PS MarkSweep
2015-10-01 16:36:09,799 [DEBUG] from javax.management.mbeanserver in ForkJoinPool-1-worker-0 - name = java.lang:type=GarbageCollector,name=PS MarkSweep
2015-10-01 16:36:09,799 [DEBUG] from javax.management.mbeanserver in ForkJoinPool-1-worker-0 - Send create notification of object java.lang:name=PS MarkSweep,type=GarbageCollector
2015-10-01 16:36:09,799 [DEBUG] from javax.management.mbeanserver in ForkJoinPool-1-worker-0 - JMX.mbean.registered java.lang:type=GarbageCollector,name=PS MarkSweep
2015-10-01 16:36:09,799 [DEBUG] from javax.management.mbeanserver in ForkJoinPool-1-worker-0 -  name = java.lang:type=MemoryManager,name=CodeCacheManager
2015-10-01 16:36:09,800 [DEBUG] from javax.management.misc in ForkJoinPool-1-worker-0 - Building MBeanInfo for sun.management.MemoryManagerImpl
2015-10-01 16:36:09,801 [DEBUG] from javax.management.mbeanserver in ForkJoinPool-1-worker-0 - ObjectName = java.lang:type=MemoryManager,name=CodeCacheManager
2015-10-01 16:36:09,812 [DEBUG] from javax.management.mbeanserver in ForkJoinPool-1-worker-0 - name = java.lang:type=MemoryManager,name=CodeCacheManager
2015-10-01 16:36:09,812 [DEBUG] from javax.management.mbeanserver in ForkJoinPool-1-worker-0 - Send create notification of object java.lang:name=CodeCacheManager,type=MemoryManager
2015-10-01 16:36:09,812 [DEBUG] from javax.management.mbeanserver in ForkJoinPool-1-worker-0 - JMX.mbean.registered java.lang:type=MemoryManager,name=CodeCacheManager
2015-10-01 16:36:09,812 [DEBUG] from javax.management.mbeanserver in ForkJoinPool-1-worker-0 -  name = java.lang:type=MemoryManager,name=Metaspace Manager
2015-10-01 16:36:09,813 [DEBUG] from javax.management.misc in ForkJoinPool-1-worker-0 - Building MBeanInfo for sun.management.MemoryManagerImpl
2015-10-01 16:36:09,814 [DEBUG] from javax.management.mbeanserver in ForkJoinPool-1-worker-0 - ObjectName = java.lang:type=MemoryManager,name=Metaspace Manager
2015-10-01 16:36:09,815 [DEBUG] from javax.management.mbeanserver in ForkJoinPool-1-worker-0 - name = java.lang:type=MemoryManager,name=Metaspace Manager
2015-10-01 16:36:09,815 [DEBUG] from javax.management.mbeanserver in ForkJoinPool-1-worker-0 - Send create notification of object java.lang:name=Metaspace Manager,type=MemoryManager
2015-10-01 16:36:09,815 [DEBUG] from javax.management.mbeanserver in ForkJoinPool-1-worker-0 - JMX.mbean.registered java.lang:type=MemoryManager,name=Metaspace Manager
2015-10-01 16:36:09,815 [DEBUG] from javax.management.mbeanserver in ForkJoinPool-1-worker-0 -  name = java.lang:type=GarbageCollector,name=PS Scavenge
2015-10-01 16:36:09,815 [DEBUG] from javax.management.mbeanserver in ForkJoinPool-1-worker-0 -  name = java.lang:type=GarbageCollector,name=PS MarkSweep
2015-10-01 16:36:09,817 [DEBUG] from javax.management.mbeanserver in ForkJoinPool-1-worker-0 -  name = java.lang:type=MemoryPool,name=Code Cache
2015-10-01 16:36:09,820 [DEBUG] from javax.management.misc in ForkJoinPool-1-worker-0 - Building MBeanInfo for sun.management.MemoryPoolImpl
2015-10-01 16:36:09,821 [DEBUG] from javax.management.mbeanserver in ForkJoinPool-1-worker-0 - ObjectName = java.lang:type=MemoryPool,name=Code Cache
2015-10-01 16:36:09,821 [DEBUG] from javax.management.mbeanserver in ForkJoinPool-1-worker-0 - name = java.lang:type=MemoryPool,name=Code Cache
2015-10-01 16:36:09,821 [DEBUG] from javax.management.mbeanserver in ForkJoinPool-1-worker-0 - Send create notification of object java.lang:name=Code Cache,type=MemoryPool
2015-10-01 16:36:09,821 [DEBUG] from javax.management.mbeanserver in ForkJoinPool-1-worker-0 - JMX.mbean.registered java.lang:type=MemoryPool,name=Code Cache
2015-10-01 16:36:09,832 [DEBUG] from javax.management.mbeanserver in ForkJoinPool-1-worker-0 -  name = java.lang:type=MemoryPool,name=Metaspace
2015-10-01 16:36:09,832 [DEBUG] from javax.management.misc in ForkJoinPool-1-worker-0 - Building MBeanInfo for sun.management.MemoryPoolImpl
2015-10-01 16:36:09,833 [DEBUG] from javax.management.mbeanserver in ForkJoinPool-1-worker-0 - ObjectName = java.lang:type=MemoryPool,name=Metaspace
2015-10-01 16:36:09,833 [DEBUG] from javax.management.mbeanserver in ForkJoinPool-1-worker-0 - name = java.lang:type=MemoryPool,name=Metaspace
2015-10-01 16:36:09,833 [DEBUG] from javax.management.mbeanserver in ForkJoinPool-1-worker-0 - Send create notification of object java.lang:name=Metaspace,type=MemoryPool
2015-10-01 16:36:09,833 [DEBUG] from javax.management.mbeanserver in ForkJoinPool-1-worker-0 - JMX.mbean.registered java.lang:type=MemoryPool,name=Metaspace
2015-10-01 16:36:09,834 [DEBUG] from javax.management.mbeanserver in ForkJoinPool-1-worker-0 -  name = java.lang:type=MemoryPool,name=Compressed Class Space
2015-10-01 16:36:09,834 [DEBUG] from javax.management.misc in ForkJoinPool-1-worker-0 - Building MBeanInfo for sun.management.MemoryPoolImpl
2015-10-01 16:36:09,834 [DEBUG] from javax.management.mbeanserver in ForkJoinPool-1-worker-0 - ObjectName = java.lang:type=MemoryPool,name=Compressed Class Space
2015-10-01 16:36:09,835 [DEBUG] from javax.management.mbeanserver in ForkJoinPool-1-worker-0 - name = java.lang:type=MemoryPool,name=Compressed Class Space
2015-10-01 16:36:09,835 [DEBUG] from javax.management.mbeanserver in ForkJoinPool-1-worker-0 - Send create notification of object java.lang:name=Compressed Class Space,type=MemoryPool
2015-10-01 16:36:09,835 [DEBUG] from javax.management.mbeanserver in ForkJoinPool-1-worker-0 - JMX.mbean.registered java.lang:type=MemoryPool,name=Compressed Class Space
2015-10-01 16:36:09,835 [DEBUG] from javax.management.mbeanserver in ForkJoinPool-1-worker-0 -  name = java.lang:type=MemoryPool,name=PS Eden Space
2015-10-01 16:36:09,835 [DEBUG] from javax.management.misc in ForkJoinPool-1-worker-0 - Building MBeanInfo for sun.management.MemoryPoolImpl
2015-10-01 16:36:09,836 [DEBUG] from javax.management.mbeanserver in ForkJoinPool-1-worker-0 - ObjectName = java.lang:type=MemoryPool,name=PS Eden Space
2015-10-01 16:36:09,836 [DEBUG] from javax.management.mbeanserver in ForkJoinPool-1-worker-0 - name = java.lang:type=MemoryPool,name=PS Eden Space
2015-10-01 16:36:09,836 [DEBUG] from javax.management.mbeanserver in ForkJoinPool-1-worker-0 - Send create notification of object java.lang:name=PS Eden Space,type=MemoryPool
2015-10-01 16:36:09,836 [DEBUG] from javax.management.mbeanserver in ForkJoinPool-1-worker-0 - JMX.mbean.registered java.lang:type=MemoryPool,name=PS Eden Space
2015-10-01 16:36:09,836 [DEBUG] from javax.management.mbeanserver in ForkJoinPool-1-worker-0 -  name = java.lang:type=MemoryPool,name=PS Survivor Space
2015-10-01 16:36:09,837 [DEBUG] from javax.management.misc in ForkJoinPool-1-worker-0 - Building MBeanInfo for sun.management.MemoryPoolImpl
2015-10-01 16:36:09,837 [DEBUG] from javax.management.mbeanserver in ForkJoinPool-1-worker-0 - ObjectName = java.lang:type=MemoryPool,name=PS Survivor Space
2015-10-01 16:36:09,837 [DEBUG] from javax.management.mbeanserver in ForkJoinPool-1-worker-0 - name = java.lang:type=MemoryPool,name=PS Survivor Space
2015-10-01 16:36:09,837 [DEBUG] from javax.management.mbeanserver in ForkJoinPool-1-worker-0 - Send create notification of object java.lang:name=PS Survivor Space,type=MemoryPool
2015-10-01 16:36:09,838 [DEBUG] from javax.management.mbeanserver in ForkJoinPool-1-worker-0 - JMX.mbean.registered java.lang:type=MemoryPool,name=PS Survivor Space
2015-10-01 16:36:09,838 [DEBUG] from javax.management.mbeanserver in ForkJoinPool-1-worker-0 -  name = java.lang:type=MemoryPool,name=PS Old Gen
2015-10-01 16:36:09,838 [DEBUG] from javax.management.misc in ForkJoinPool-1-worker-0 - Building MBeanInfo for sun.management.MemoryPoolImpl
2015-10-01 16:36:09,838 [DEBUG] from javax.management.mbeanserver in ForkJoinPool-1-worker-0 - ObjectName = java.lang:type=MemoryPool,name=PS Old Gen
2015-10-01 16:36:09,839 [DEBUG] from javax.management.mbeanserver in ForkJoinPool-1-worker-0 - name = java.lang:type=MemoryPool,name=PS Old Gen
2015-10-01 16:36:09,839 [DEBUG] from javax.management.mbeanserver in ForkJoinPool-1-worker-0 - Send create notification of object java.lang:name=PS Old Gen,type=MemoryPool
2015-10-01 16:36:09,839 [DEBUG] from javax.management.mbeanserver in ForkJoinPool-1-worker-0 - JMX.mbean.registered java.lang:type=MemoryPool,name=PS Old Gen
2015-10-01 16:36:09,841 [DEBUG] from javax.management.mbeanserver in ForkJoinPool-1-worker-0 -  name = java.lang:type=OperatingSystem
2015-10-01 16:36:09,847 [DEBUG] from javax.management.misc in ForkJoinPool-1-worker-0 - Building MBeanInfo for sun.management.OperatingSystemImpl
2015-10-01 16:36:09,848 [DEBUG] from javax.management.mbeanserver in ForkJoinPool-1-worker-0 - ObjectName = java.lang:type=OperatingSystem
2015-10-01 16:36:09,848 [DEBUG] from javax.management.mbeanserver in ForkJoinPool-1-worker-0 - name = java.lang:type=OperatingSystem
2015-10-01 16:36:09,848 [DEBUG] from javax.management.mbeanserver in ForkJoinPool-1-worker-0 - Send create notification of object java.lang:type=OperatingSystem
2015-10-01 16:36:09,848 [DEBUG] from javax.management.mbeanserver in ForkJoinPool-1-worker-0 - JMX.mbean.registered java.lang:type=OperatingSystem
2015-10-01 16:36:09,849 [DEBUG] from javax.management.mbeanserver in ForkJoinPool-1-worker-0 -  name = java.lang:type=Runtime
2015-10-01 16:36:09,862 [DEBUG] from javax.management.misc in ForkJoinPool-1-worker-0 - Building MBeanInfo for sun.management.RuntimeImpl
2015-10-01 16:36:09,863 [DEBUG] from javax.management.mbeanserver in ForkJoinPool-1-worker-0 - ObjectName = java.lang:type=Runtime
2015-10-01 16:36:09,863 [DEBUG] from javax.management.mbeanserver in ForkJoinPool-1-worker-0 - name = java.lang:type=Runtime
2015-10-01 16:36:09,864 [DEBUG] from javax.management.mbeanserver in ForkJoinPool-1-worker-0 - Send create notification of object java.lang:type=Runtime
2015-10-01 16:36:09,864 [DEBUG] from javax.management.mbeanserver in ForkJoinPool-1-worker-0 - JMX.mbean.registered java.lang:type=Runtime
2015-10-01 16:36:09,866 [DEBUG] from javax.management.mbeanserver in ForkJoinPool-1-worker-0 -  name = java.lang:type=Threading
2015-10-01 16:36:09,884 [DEBUG] from javax.management.misc in ForkJoinPool-1-worker-0 - Building MBeanInfo for sun.management.ThreadImpl
2015-10-01 16:36:09,885 [DEBUG] from javax.management.mbeanserver in ForkJoinPool-1-worker-0 - ObjectName = java.lang:type=Threading
2015-10-01 16:36:09,886 [DEBUG] from javax.management.mbeanserver in ForkJoinPool-1-worker-0 - name = java.lang:type=Threading
2015-10-01 16:36:09,886 [DEBUG] from javax.management.mbeanserver in ForkJoinPool-1-worker-0 - Send create notification of object java.lang:type=Threading
2015-10-01 16:36:09,886 [DEBUG] from javax.management.mbeanserver in ForkJoinPool-1-worker-0 - JMX.mbean.registered java.lang:type=Threading
2015-10-01 16:36:09,887 [DEBUG] from javax.management.mbeanserver in ForkJoinPool-1-worker-0 -  name = java.util.logging:type=Logging
2015-10-01 16:36:09,891 [DEBUG] from javax.management.misc in ForkJoinPool-1-worker-0 - Building MBeanInfo for sun.management.ManagementFactoryHelper$PlatformLoggingImpl
2015-10-01 16:36:09,892 [DEBUG] from javax.management.mbeanserver in ForkJoinPool-1-worker-0 - ObjectName = java.util.logging:type=Logging
2015-10-01 16:36:09,902 [DEBUG] from javax.management.mbeanserver in ForkJoinPool-1-worker-0 - name = java.util.logging:type=Logging
2015-10-01 16:36:09,904 [DEBUG] from javax.management.mbeanserver in ForkJoinPool-1-worker-0 - Send create notification of object java.util.logging:type=Logging
2015-10-01 16:36:09,904 [DEBUG] from javax.management.mbeanserver in ForkJoinPool-1-worker-0 - JMX.mbean.registered java.util.logging:type=Logging
2015-10-01 16:36:09,905 [DEBUG] from javax.management.mbeanserver in ForkJoinPool-1-worker-0 -  name = java.nio:type=BufferPool,name=direct
2015-10-01 16:36:09,907 [DEBUG] from javax.management.misc in ForkJoinPool-1-worker-0 - Building MBeanInfo for sun.management.ManagementFactoryHelper$1
2015-10-01 16:36:09,908 [DEBUG] from javax.management.mbeanserver in ForkJoinPool-1-worker-0 - ObjectName = java.nio:type=BufferPool,name=direct
2015-10-01 16:36:09,908 [DEBUG] from javax.management.mbeanserver in ForkJoinPool-1-worker-0 - name = java.nio:type=BufferPool,name=direct
2015-10-01 16:36:09,908 [DEBUG] from javax.management.mbeanserver in ForkJoinPool-1-worker-0 - Send create notification of object java.nio:name=direct,type=BufferPool
2015-10-01 16:36:09,909 [DEBUG] from javax.management.mbeanserver in ForkJoinPool-1-worker-0 - JMX.mbean.registered java.nio:type=BufferPool,name=direct
2015-10-01 16:36:09,909 [DEBUG] from javax.management.mbeanserver in ForkJoinPool-1-worker-0 -  name = java.nio:type=BufferPool,name=mapped
2015-10-01 16:36:09,909 [DEBUG] from javax.management.misc in ForkJoinPool-1-worker-0 - Building MBeanInfo for sun.management.ManagementFactoryHelper$1
2015-10-01 16:36:09,910 [DEBUG] from javax.management.mbeanserver in ForkJoinPool-1-worker-0 - ObjectName = java.nio:type=BufferPool,name=mapped
2015-10-01 16:36:09,910 [DEBUG] from javax.management.mbeanserver in ForkJoinPool-1-worker-0 - name = java.nio:type=BufferPool,name=mapped
2015-10-01 16:36:09,910 [DEBUG] from javax.management.mbeanserver in ForkJoinPool-1-worker-0 - Send create notification of object java.nio:name=mapped,type=BufferPool
2015-10-01 16:36:09,911 [DEBUG] from javax.management.mbeanserver in ForkJoinPool-1-worker-0 - JMX.mbean.registered java.nio:type=BufferPool,name=mapped
2015-10-01 16:36:09,911 [DEBUG] from javax.management.mbeanserver in ForkJoinPool-1-worker-0 -  name = java.lang:type=GarbageCollector,name=PS Scavenge
2015-10-01 16:36:09,918 [DEBUG] from javax.management.mbeanserver in ForkJoinPool-1-worker-0 -  name = java.lang:type=GarbageCollector,name=PS MarkSweep
2015-10-01 16:36:09,922 [DEBUG] from javax.management.mbeanserver in ForkJoinPool-1-worker-0 -  name = java.lang:type=OperatingSystem
2015-10-01 16:36:09,922 [DEBUG] from javax.management.mbeanserver in ForkJoinPool-1-worker-0 -  name = java.lang:type=OperatingSystem
2015-10-01 16:36:09,923 [DEBUG] from javax.management.mbeanserver in ForkJoinPool-1-worker-0 -  name = com.sun.management:type=HotSpotDiagnostic
2015-10-01 16:36:09,934 [DEBUG] from javax.management.misc in ForkJoinPool-1-worker-0 - Building MBeanInfo for sun.management.HotSpotDiagnostic
2015-10-01 16:36:09,934 [DEBUG] from javax.management.mbeanserver in ForkJoinPool-1-worker-0 - ObjectName = com.sun.management:type=HotSpotDiagnostic
2015-10-01 16:36:09,934 [DEBUG] from javax.management.mbeanserver in ForkJoinPool-1-worker-0 - name = com.sun.management:type=HotSpotDiagnostic
2015-10-01 16:36:09,935 [DEBUG] from javax.management.mbeanserver in ForkJoinPool-1-worker-0 - Send create notification of object com.sun.management:type=HotSpotDiagnostic
2015-10-01 16:36:09,945 [DEBUG] from javax.management.mbeanserver in ForkJoinPool-1-worker-0 - JMX.mbean.registered com.sun.management:type=HotSpotDiagnostic
2015-10-01 16:36:09,970 [DEBUG] from javax.management.mbeanserver in ForkJoinPool-1-worker-0 - ObjectName = com.sun.management:type=DiagnosticCommand
2015-10-01 16:36:09,970 [DEBUG] from javax.management.mbeanserver in ForkJoinPool-1-worker-0 - name = com.sun.management:type=DiagnosticCommand
2015-10-01 16:36:09,970 [DEBUG] from javax.management.mbeanserver in ForkJoinPool-1-worker-0 - Send create notification of object com.sun.management:type=DiagnosticCommand
2015-10-01 16:36:09,970 [DEBUG] from javax.management.mbeanserver in ForkJoinPool-1-worker-0 - JMX.mbean.registered com.sun.management:type=DiagnosticCommand
2015-10-01 16:36:09,986 [DEBUG] from javax.management.mbeanserver in ForkJoinPool-1-worker-0 - ObjectName = org.mongodb.driver:type=ConnectionPool,clusterId=560d52e95600de0600f8e7b4,host=127.0.0.1,port=27017
2015-10-01 16:36:09,986 [DEBUG] from javax.management.mbeanserver in ForkJoinPool-1-worker-0 - name = org.mongodb.driver:type=ConnectionPool,clusterId=560d52e95600de0600f8e7b4,host=127.0.0.1,port=27017
2015-10-01 16:36:09,986 [DEBUG] from javax.management.mbeanserver in ForkJoinPool-1-worker-0 - Send create notification of object org.mongodb.driver:clusterId=560d52e95600de0600f8e7b4,host=127.0.0.1,port=27017,type=ConnectionPool
2015-10-01 16:36:09,986 [DEBUG] from javax.management.mbeanserver in ForkJoinPool-1-worker-0 - JMX.mbean.registered org.mongodb.driver:type=ConnectionPool,clusterId=560d52e95600de0600f8e7b4,host=127.0.0.1,port=27017
2015-10-01 16:36:10,010 [DEBUG] from org.mongodb.driver.cluster in ForkJoinPool-1-worker-0 - Updating cluster description to  {type=UNKNOWN, servers=[{address=127.0.0.1:27017, type=UNKNOWN, state=CONNECTING}]
2015-10-01 16:36:10,335 [INFO] from org.mongodb.driver.cluster in ForkJoinPool-1-worker-0 - No server chosen by ReadPreferenceServerSelector{readPreference=primary} from cluster description ClusterDescription{type=UNKNOWN, connectionMode=SINGLE, all=[ServerDescription{address=127.0.0.1:27017, type=UNKNOWN, state=CONNECTING}]}. Waiting for 30000 ms before timing out
2015-10-01 16:36:10,382 [INFO] from org.mongodb.driver.connection in cluster-ClusterId{value='560d52e95600de0600f8e7b4', description='null'}-127.0.0.1:27017 - Opened connection [connectionId{localValue:1, serverValue:1}] to 127.0.0.1:27017
2015-10-01 16:36:10,382 [DEBUG] from org.mongodb.driver.cluster in cluster-ClusterId{value='560d52e95600de0600f8e7b4', description='null'}-127.0.0.1:27017 - Checking status of 127.0.0.1:27017
2015-10-01 16:36:10,384 [INFO] from org.mongodb.driver.cluster in cluster-ClusterId{value='560d52e95600de0600f8e7b4', description='null'}-127.0.0.1:27017 - Monitor thread successfully connected to server with description ServerDescription{address=127.0.0.1:27017, type=STANDALONE, state=CONNECTED, ok=true, version=ServerVersion{versionList=[3, 0, 6]}, minWireVersion=0, maxWireVersion=3, electionId=null, maxDocumentSize=16777216, roundTripTimeNanos=1158225}
2015-10-01 16:36:10,392 [DEBUG] from org.mongodb.driver.cluster in cluster-ClusterId{value='560d52e95600de0600f8e7b4', description='null'}-127.0.0.1:27017 - Updating cluster description to  {type=STANDALONE, servers=[{address=127.0.0.1:27017, type=STANDALONE, roundTripTime=1.2 ms, state=CONNECTED}]
2015-10-01 16:36:10,395 [TRACE] from org.mongodb.driver.connection in ForkJoinPool-1-worker-0 - Checked out connection [connectionId{localValue:2}] to server 127.0.0.1:27017
2015-10-01 16:36:10,405 [INFO] from org.mongodb.driver.connection in ForkJoinPool-1-worker-0 - Opened connection [connectionId{localValue:2, serverValue:2}] to 127.0.0.1:27017
2015-10-01 16:36:10,415 [DEBUG] from org.mongodb.driver.protocol.command in ForkJoinPool-1-worker-0 - Sending command {count : BsonString{value='fs.files'}} to database webrtc on connection [connectionId{localValue:2, serverValue:2}] to server 127.0.0.1:27017
2015-10-01 16:36:10,428 [DEBUG] from org.mongodb.driver.protocol.command in ForkJoinPool-1-worker-0 - Command execution completed
2015-10-01 16:36:10,433 [TRACE] from org.mongodb.driver.connection in ForkJoinPool-1-worker-0 - Checked in connection [connectionId{localValue:2, serverValue:2}] to server 127.0.0.1:27017
2015-10-01 16:36:10,448 [TRACE] from org.mongodb.driver.connection in ForkJoinPool-1-worker-0 - Checked out connection [connectionId{localValue:2, serverValue:2}] to server 127.0.0.1:27017
2015-10-01 16:36:10,470 [DEBUG] from org.mongodb.driver.protocol.command in ForkJoinPool-1-worker-0 - Sending command {createIndexes : BsonString{value='fs.files'}} to database webrtc on connection [connectionId{localValue:2, serverValue:2}] to server 127.0.0.1:27017
2015-10-01 16:36:10,487 [DEBUG] from org.mongodb.driver.protocol.command in ForkJoinPool-1-worker-0 - Command execution completed
2015-10-01 16:36:10,487 [TRACE] from org.mongodb.driver.connection in ForkJoinPool-1-worker-0 - Checked in connection [connectionId{localValue:2, serverValue:2}] to server 127.0.0.1:27017
2015-10-01 16:36:10,488 [TRACE] from org.mongodb.driver.connection in ForkJoinPool-1-worker-0 - Checked out connection [connectionId{localValue:2, serverValue:2}] to server 127.0.0.1:27017
2015-10-01 16:36:10,488 [DEBUG] from org.mongodb.driver.protocol.command in ForkJoinPool-1-worker-0 - Sending command {count : BsonString{value='fs.chunks'}} to database webrtc on connection [connectionId{localValue:2, serverValue:2}] to server 127.0.0.1:27017
2015-10-01 16:36:10,491 [DEBUG] from org.mongodb.driver.protocol.command in ForkJoinPool-1-worker-0 - Command execution completed
2015-10-01 16:36:10,491 [TRACE] from org.mongodb.driver.connection in ForkJoinPool-1-worker-0 - Checked in connection [connectionId{localValue:2, serverValue:2}] to server 127.0.0.1:27017
2015-10-01 16:36:10,616 [INFO] from org.kurento.client.KurentoClient in ForkJoinPool-1-worker-0 - Connecting to kms in ws://localhost:8888/kurento
2015-10-01 16:36:10,717 [DEBUG] from org.kurento.jsonrpc.client.JsonRpcClientWebSocket in ForkJoinPool-1-worker-0 - [KurentoClient]  Connecting webSocket client to server ws://localhost:8888/kurento
2015-10-01 16:36:10,754 [DEBUG] from org.eclipse.jetty.util.log in ForkJoinPool-1-worker-0 - Logging to Logger[org.eclipse.jetty.util.log] via org.eclipse.jetty.util.log.Slf4jLog
2015-10-01 16:36:10,760 [INFO] from org.eclipse.jetty.util.log in ForkJoinPool-1-worker-0 - Logging initialized @111095ms
2015-10-01 16:36:10,808 [DEBUG] from org.eclipse.jetty.util.component.ContainerLifeCycle in ForkJoinPool-1-worker-0 - org.eclipse.jetty.websocket.client.WebSocketClient@4bb7710 added {null,POJO}
2015-10-01 16:36:10,809 [DEBUG] from org.eclipse.jetty.util.component.ContainerLifeCycle in ForkJoinPool-1-worker-0 - org.eclipse.jetty.websocket.client.WebSocketClient@4bb7710 added {org.eclipse.jetty.io.MappedByteBufferPool@7447a023,POJO}
2015-10-01 16:36:10,809 [DEBUG] from org.eclipse.jetty.util.component.AbstractLifeCycle in ForkJoinPool-1-worker-0 - starting org.eclipse.jetty.websocket.client.WebSocketClient@4bb7710
2015-10-01 16:36:10,810 [DEBUG] from org.eclipse.jetty.websocket.client.WebSocketClient in ForkJoinPool-1-worker-0 - Starting org.eclipse.jetty.websocket.client.WebSocketClient@4bb7710
2015-10-01 16:36:10,812 [DEBUG] from org.eclipse.jetty.util.component.ContainerLifeCycle in ForkJoinPool-1-worker-0 - org.eclipse.jetty.websocket.client.WebSocketClient@4bb7710 added {org.eclipse.jetty.util.thread.ScheduledExecutorScheduler@70967a3d,AUTO}
2015-10-01 16:36:10,814 [DEBUG] from org.eclipse.jetty.util.component.AbstractLifeCycle in ForkJoinPool-1-worker-0 - starting org.eclipse.jetty.util.thread.ScheduledExecutorScheduler@70967a3d
2015-10-01 16:36:10,815 [DEBUG] from org.eclipse.jetty.util.component.AbstractLifeCycle in ForkJoinPool-1-worker-0 - STARTED @111150ms org.eclipse.jetty.util.thread.ScheduledExecutorScheduler@70967a3d
2015-10-01 16:36:10,816 [DEBUG] from org.eclipse.jetty.websocket.client.WebSocketClient in ForkJoinPool-1-worker-0 - Started org.eclipse.jetty.websocket.client.WebSocketClient@4bb7710
2015-10-01 16:36:10,816 [DEBUG] from org.eclipse.jetty.util.component.AbstractLifeCycle in ForkJoinPool-1-worker-0 - STARTED @111151ms org.eclipse.jetty.websocket.client.WebSocketClient@4bb7710
2015-10-01 16:36:10,835 [DEBUG] from org.eclipse.jetty.websocket.client.WebSocketClient in ForkJoinPool-1-worker-0 - connect websocket org.kurento.jsonrpc.client.JsonRpcClientWebSocket$WebSocketClientSocket@1af40de6 to ws://localhost:8888/kurento
2015-10-01 16:36:10,849 [DEBUG] from org.eclipse.jetty.util.component.ContainerLifeCycle in ForkJoinPool-1-worker-0 - org.eclipse.jetty.websocket.client.WebSocketClient@4bb7710 added {WebSocketClient@79394576{STOPPED,8<=0<=200,i=0,q=0},MANAGED}
2015-10-01 16:36:10,849 [DEBUG] from org.eclipse.jetty.util.component.AbstractLifeCycle in ForkJoinPool-1-worker-0 - starting WebSocketClient@79394576{STOPPED,8<=0<=200,i=0,q=0}
2015-10-01 16:36:10,857 [DEBUG] from org.eclipse.jetty.util.component.AbstractLifeCycle in ForkJoinPool-1-worker-0 - STARTED @111191ms WebSocketClient@79394576{STARTED,8<=8<=200,i=7,q=0}
2015-10-01 16:36:10,863 [DEBUG] from org.eclipse.jetty.util.component.ContainerLifeCycle in ForkJoinPool-1-worker-0 - org.eclipse.jetty.websocket.client.WebSocketClient@4bb7710 added {org.eclipse.jetty.websocket.client.io.ConnectionManager@59060cf4,MANAGED}
2015-10-01 16:36:10,863 [DEBUG] from org.eclipse.jetty.util.component.AbstractLifeCycle in ForkJoinPool-1-worker-0 - starting org.eclipse.jetty.websocket.client.io.ConnectionManager@59060cf4
2015-10-01 16:36:10,871 [DEBUG] from org.eclipse.jetty.util.component.ContainerLifeCycle in ForkJoinPool-1-worker-0 - org.eclipse.jetty.websocket.client.io.ConnectionManager@59060cf4 added {org.eclipse.jetty.websocket.client.io.WebSocketClientSelectorManager@10579d2e,AUTO}
2015-10-01 16:36:10,872 [DEBUG] from org.eclipse.jetty.util.component.AbstractLifeCycle in ForkJoinPool-1-worker-0 - starting org.eclipse.jetty.websocket.client.io.WebSocketClientSelectorManager@10579d2e
2015-10-01 16:36:10,875 [DEBUG] from org.eclipse.jetty.util.component.AbstractLifeCycle in ForkJoinPool-1-worker-0 - starting org.eclipse.jetty.io.SelectorManager$ManagedSelector@71b2e75f keys=-1 selected=-1
2015-10-01 16:36:10,876 [DEBUG] from org.eclipse.jetty.util.component.AbstractLifeCycle in ForkJoinPool-1-worker-0 - STARTED @111210ms org.eclipse.jetty.io.SelectorManager$ManagedSelector@71b2e75f keys=0 selected=0
2015-10-01 16:36:10,878 [DEBUG] from org.eclipse.jetty.io.SelectorManager in WebSocketClient@79394576-153-selector-WebSocketClientSelectorManager@10579d2e/0 - Starting Thread[WebSocketClient@79394576-153-selector-WebSocketClientSelectorManager@10579d2e/0,5,main] on org.eclipse.jetty.io.SelectorManager$ManagedSelector@71b2e75f keys=0 selected=0
2015-10-01 16:36:10,879 [DEBUG] from org.eclipse.jetty.util.component.AbstractLifeCycle in ForkJoinPool-1-worker-0 - STARTED @111214ms org.eclipse.jetty.websocket.client.io.WebSocketClientSelectorManager@10579d2e
2015-10-01 16:36:10,879 [DEBUG] from org.eclipse.jetty.util.component.AbstractLifeCycle in ForkJoinPool-1-worker-0 - STARTED @111214ms org.eclipse.jetty.websocket.client.io.ConnectionManager@59060cf4
2015-10-01 16:36:10,882 [DEBUG] from org.eclipse.jetty.io.SelectorManager in WebSocketClient@79394576-153-selector-WebSocketClientSelectorManager@10579d2e/0 - Selector loop waiting on select
2015-10-01 16:36:10,911 [DEBUG] from org.eclipse.jetty.websocket.common.events.JettyAnnotatedScanner in ForkJoinPool-1-worker-0 - onMethodAnnotation(JettyPojoMetadata[onConnect=null,onBinary=null,onText=null,onFrame=null,onError=null,onClose=null], class org.kurento.jsonrpc.client.JsonRpcClientWebSocket$WebSocketClientSocket, public void org.kurento.jsonrpc.client.JsonRpcClientWebSocket$WebSocketClientSocket.onConnect(org.eclipse.jetty.websocket.api.Session), @org.eclipse.jetty.websocket.api.annotations.OnWebSocketConnect())
2015-10-01 16:36:10,935 [DEBUG] from org.eclipse.jetty.websocket.common.events.JettyAnnotatedScanner in ForkJoinPool-1-worker-0 - onMethodAnnotation(JettyPojoMetadata[onConnect=CallableMethod[public void org.kurento.jsonrpc.client.JsonRpcClientWebSocket$WebSocketClientSocket.onConnect(org.eclipse.jetty.websocket.api.Session)],onBinary=null,onText=null,onFrame=null,onError=null,onClose=null], class org.kurento.jsonrpc.client.JsonRpcClientWebSocket$WebSocketClientSocket, public void org.kurento.jsonrpc.client.JsonRpcClientWebSocket$WebSocketClientSocket.onMessage(java.lang.String), @org.eclipse.jetty.websocket.api.annotations.OnWebSocketMessage())
2015-10-01 16:36:10,948 [DEBUG] from org.eclipse.jetty.websocket.common.events.JettyAnnotatedScanner in ForkJoinPool-1-worker-0 - onMethodAnnotation(JettyPojoMetadata[onConnect=CallableMethod[public void org.kurento.jsonrpc.client.JsonRpcClientWebSocket$WebSocketClientSocket.onConnect(org.eclipse.jetty.websocket.api.Session)],onBinary=null,onText=OptionalSessionCallableMethod[public void org.kurento.jsonrpc.client.JsonRpcClientWebSocket$WebSocketClientSocket.onMessage(java.lang.String)],onFrame=null,onError=null,onClose=null], class org.kurento.jsonrpc.client.JsonRpcClientWebSocket$WebSocketClientSocket, public void org.kurento.jsonrpc.client.JsonRpcClientWebSocket$WebSocketClientSocket.onClose(int,java.lang.String), @org.eclipse.jetty.websocket.api.annotations.OnWebSocketClose())
2015-10-01 16:36:10,982 [DEBUG] from org.eclipse.jetty.websocket.client.WebSocketClient in ForkJoinPool-1-worker-0 - Connect Promise: FutureCallback@783f450b{false,false,null}
2015-10-01 16:36:11,003 [DEBUG] from org.eclipse.jetty.io.SelectorManager in WebSocketClient@79394576-154 - Queued change org.eclipse.jetty.io.SelectorManager$ManagedSelector$Connect@2efd80c5
2015-10-01 16:36:11,003 [DEBUG] from org.eclipse.jetty.io.SelectorManager in WebSocketClient@79394576-153-selector-WebSocketClientSelectorManager@10579d2e/0 - Selector loop woken up from select, 0/0 selected
2015-10-01 16:36:11,004 [DEBUG] from org.eclipse.jetty.io.SelectorManager in WebSocketClient@79394576-153-selector-WebSocketClientSelectorManager@10579d2e/0 - Running change org.eclipse.jetty.io.SelectorManager$ManagedSelector$Connect@2efd80c5
2015-10-01 16:36:11,004 [DEBUG] from org.eclipse.jetty.io.SelectorManager in WebSocketClient@79394576-153-selector-WebSocketClientSelectorManager@10579d2e/0 - Selector loop waiting on select
2015-10-01 16:36:11,004 [DEBUG] from org.eclipse.jetty.io.SelectorManager in WebSocketClient@79394576-153-selector-WebSocketClientSelectorManager@10579d2e/0 - Selector loop woken up from select, 1/1 selected
2015-10-01 16:36:11,006 [DEBUG] from org.eclipse.jetty.websocket.client.io.WebSocketClientSelectorManager in WebSocketClient@79394576-153-selector-WebSocketClientSelectorManager@10579d2e/0 - newEndPoint(java.nio.channels.SocketChannel[connected local=localhost/127.0.0.1:60930 remote=localhost/127.0.0.1:8888], org.eclipse.jetty.io.SelectorManager$ManagedSelector@71b2e75f keys=1 selected=1, sun.nio.ch.SelectionKeyImpl@6f9c4b6b)
2015-10-01 16:36:11,086 [DEBUG] from org.eclipse.jetty.io.AbstractEndPoint in WebSocketClient@79394576-153-selector-WebSocketClientSelectorManager@10579d2e/0 - onOpen SelectChannelEndPoint@6de7b71f{localhost/127.0.0.1:8888<->60930,Open,in,out,-,-,300000,null}{io=0,kio=0,kro=8}
2015-10-01 16:36:11,087 [DEBUG] from org.eclipse.jetty.io.IdleTimeout in WebSocketClient@79394576-153-selector-WebSocketClientSelectorManager@10579d2e/0 - SelectChannelEndPoint@6de7b71f{localhost/127.0.0.1:8888<->60930,Open,in,out,-,-,300000,null}{io=0,kio=0,kro=8} idle timeout check, elapsed: 32 ms, remaining: 299968 ms
2015-10-01 16:36:11,092 [DEBUG] from org.eclipse.jetty.websocket.client.io.WebSocketClientSelectorManager in WebSocketClient@79394576-153-selector-WebSocketClientSelectorManager@10579d2e/0 - newConnection(java.nio.channels.SocketChannel[connected local=localhost/127.0.0.1:60930 remote=localhost/127.0.0.1:8888],SelectChannelEndPoint@6de7b71f{localhost/127.0.0.1:8888<->60930,Open,in,out,-,-,300000,null}{io=0,kio=0,kro=8},FutureCallback@783f450b{false,false,null})
2015-10-01 16:36:11,144 [DEBUG] from org.eclipse.jetty.io.AbstractConnection in WebSocketClient@79394576-153-selector-WebSocketClientSelectorManager@10579d2e/0 - onOpen UpgradeConnection@31c2bc7a{IDLE}
2015-10-01 16:36:11,151 [DEBUG] from org.eclipse.jetty.io.SelectorManager in WebSocketClient@79394576-153-selector-WebSocketClientSelectorManager@10579d2e/0 - Created SelectChannelEndPoint@6de7b71f{localhost/127.0.0.1:8888<->60930,Open,in,out,-,-,300000,UpgradeConnection}{io=0,kio=0,kro=8}
2015-10-01 16:36:11,151 [DEBUG] from org.eclipse.jetty.io.SelectChannelEndPoint in WebSocketClient@79394576-153-selector-WebSocketClientSelectorManager@10579d2e/0 - Updating key, state UPDATED for SelectChannelEndPoint@6de7b71f{localhost/127.0.0.1:8888<->60930,Open,in,out,-,-,300000,UpgradeConnection}{io=0,kio=0,kro=8}
2015-10-01 16:36:11,151 [DEBUG] from org.eclipse.jetty.io.WriteFlusher in WebSocketClient@79394576-155 - write: WriteFlusher@479c8566{IDLE} [HeapByteBuffer@1ec2932c[p=0,l=203,c=203,r=203]={<<<GET /kurento HTTP...l: no-cache\r\n\r\n>>>}]
2015-10-01 16:36:11,152 [DEBUG] from org.eclipse.jetty.io.SelectChannelEndPoint in WebSocketClient@79394576-153-selector-WebSocketClientSelectorManager@10579d2e/0 - Key interests update 0 -> 0 for SelectChannelEndPoint@6de7b71f{localhost/127.0.0.1:8888<->60930,Open,in,out,-,W,300000,UpgradeConnection}{io=0,kio=0,kro=8}
2015-10-01 16:36:11,153 [DEBUG] from org.eclipse.jetty.io.SelectorManager in WebSocketClient@79394576-153-selector-WebSocketClientSelectorManager@10579d2e/0 - Selector loop waiting on select
2015-10-01 16:36:11,159 [DEBUG] from org.eclipse.jetty.io.WriteFlusher in WebSocketClient@79394576-155 - update WriteFlusher@479c8566{WRITING}:IDLE-->WRITING
2015-10-01 16:36:11,161 [DEBUG] from org.eclipse.jetty.io.ChannelEndPoint in WebSocketClient@79394576-155 - flushed 203 SelectChannelEndPoint@6de7b71f{localhost/127.0.0.1:8888<->60930,Open,in,out,-,W,300000,UpgradeConnection}{io=0,kio=0,kro=8}
2015-10-01 16:36:11,162 [DEBUG] from org.eclipse.jetty.io.WriteFlusher in WebSocketClient@79394576-155 - update WriteFlusher@479c8566{IDLE}:WRITING-->IDLE
2015-10-01 16:36:11,162 [DEBUG] from org.eclipse.jetty.io.AbstractConnection in WebSocketClient@79394576-155 - fillInterested UpgradeConnection@31c2bc7a{IDLE}
2015-10-01 16:36:11,162 [DEBUG] from org.eclipse.jetty.io.AbstractConnection in WebSocketClient@79394576-155 - IDLE-->FILL_INTERESTED UpgradeConnection@31c2bc7a{FILL_INTERESTED}
2015-10-01 16:36:11,163 [DEBUG] from org.eclipse.jetty.io.SelectChannelEndPoint in WebSocketClient@79394576-155 - Changing interests in state UPDATED for SelectChannelEndPoint@6de7b71f{localhost/127.0.0.1:8888<->60930,Open,in,out,R,-,300000,UpgradeConnection}{io=0,kio=0,kro=8}
2015-10-01 16:36:11,163 [DEBUG] from org.eclipse.jetty.io.SelectChannelEndPoint in WebSocketClient@79394576-155 - changeInterests s=UPDATED 0->1 for SelectChannelEndPoint@6de7b71f{localhost/127.0.0.1:8888<->60930,Open,in,out,R,-,300000,UpgradeConnection}{io=0,kio=0,kro=8}
2015-10-01 16:36:11,163 [DEBUG] from org.eclipse.jetty.io.SelectorManager in WebSocketClient@79394576-155 - Queued change org.eclipse.jetty.io.SelectChannelEndPoint$1@29e13f1
2015-10-01 16:36:11,165 [DEBUG] from org.eclipse.jetty.io.SelectorManager in WebSocketClient@79394576-153-selector-WebSocketClientSelectorManager@10579d2e/0 - Selector loop woken up from select, 0/1 selected
2015-10-01 16:36:11,177 [DEBUG] from org.eclipse.jetty.io.SelectorManager in WebSocketClient@79394576-153-selector-WebSocketClientSelectorManager@10579d2e/0 - Running change org.eclipse.jetty.io.SelectChannelEndPoint$1@29e13f1
2015-10-01 16:36:11,178 [DEBUG] from org.eclipse.jetty.io.SelectChannelEndPoint in WebSocketClient@79394576-153-selector-WebSocketClientSelectorManager@10579d2e/0 - Updating key, state UPDATE_PENDING for SelectChannelEndPoint@6de7b71f{localhost/127.0.0.1:8888<->60930,Open,in,out,R,-,300000,UpgradeConnection}{io=1,kio=0,kro=8}
2015-10-01 16:36:11,178 [DEBUG] from org.eclipse.jetty.io.SelectChannelEndPoint in WebSocketClient@79394576-153-selector-WebSocketClientSelectorManager@10579d2e/0 - Key interests update 0 -> 1 for SelectChannelEndPoint@6de7b71f{localhost/127.0.0.1:8888<->60930,Open,in,out,R,-,300000,UpgradeConnection}{io=1,kio=0,kro=8}
2015-10-01 16:36:11,178 [DEBUG] from org.eclipse.jetty.io.SelectorManager in WebSocketClient@79394576-153-selector-WebSocketClientSelectorManager@10579d2e/0 - Selector loop waiting on select
2015-10-01 16:36:11,178 [DEBUG] from org.eclipse.jetty.io.SelectorManager in WebSocketClient@79394576-153-selector-WebSocketClientSelectorManager@10579d2e/0 - Selector loop woken up from select, 1/1 selected
2015-10-01 16:36:11,179 [DEBUG] from org.eclipse.jetty.io.SelectChannelEndPoint in WebSocketClient@79394576-153-selector-WebSocketClientSelectorManager@10579d2e/0 - Processing, state UPDATED for SelectChannelEndPoint@6de7b71f{localhost/127.0.0.1:8888<->60930,Open,in,out,R,-,300000,UpgradeConnection}{io=1,kio=1,kro=1}
2015-10-01 16:36:11,179 [DEBUG] from org.eclipse.jetty.io.SelectChannelEndPoint in WebSocketClient@79394576-153-selector-WebSocketClientSelectorManager@10579d2e/0 - onSelected 1->0 for SelectChannelEndPoint@6de7b71f{localhost/127.0.0.1:8888<->60930,Open,in,out,R,-,300000,UpgradeConnection}{io=0,kio=1,kro=1}
2015-10-01 16:36:11,179 [DEBUG] from org.eclipse.jetty.io.AbstractConnection in WebSocketClient@79394576-153-selector-WebSocketClientSelectorManager@10579d2e/0 - FILL_INTERESTED-->FILLING UpgradeConnection@31c2bc7a{FILLING}
2015-10-01 16:36:11,182 [DEBUG] from org.eclipse.jetty.io.ChannelEndPoint in WebSocketClient@79394576-156 - filled 156 SelectChannelEndPoint@6de7b71f{localhost/127.0.0.1:8888<->60930,Open,in,out,-,-,300000,UpgradeConnection}{io=0,kio=1,kro=1}
2015-10-01 16:36:11,185 [DEBUG] from org.eclipse.jetty.io.SelectChannelEndPoint in WebSocketClient@79394576-153-selector-WebSocketClientSelectorManager@10579d2e/0 - Updating key, state UPDATE_PENDING for SelectChannelEndPoint@6de7b71f{localhost/127.0.0.1:8888<->60930,Open,in,out,-,-,300000,UpgradeConnection}{io=0,kio=1,kro=1}
2015-10-01 16:36:11,185 [DEBUG] from org.eclipse.jetty.io.SelectChannelEndPoint in WebSocketClient@79394576-153-selector-WebSocketClientSelectorManager@10579d2e/0 - Key interests update 1 -> 0 for SelectChannelEndPoint@6de7b71f{localhost/127.0.0.1:8888<->60930,Open,in,out,-,-,300000,UpgradeConnection}{io=0,kio=1,kro=1}
2015-10-01 16:36:11,185 [DEBUG] from org.eclipse.jetty.io.SelectorManager in WebSocketClient@79394576-153-selector-WebSocketClientSelectorManager@10579d2e/0 - Selector loop waiting on select
2015-10-01 16:36:11,191 [DEBUG] from org.eclipse.jetty.websocket.client.io.UpgradeConnection in WebSocketClient@79394576-156 - Filled 156 bytes - HeapByteBuffer@8daefb35[p=0,l=156,c=2048,r=156]={<<<HTTP/1.1 101 Swit...: websocket\r\n\r\n>>>\x00\x00\x00\x00\x00\x00\x00\x00\x00\x00\x00\x00\x00\x00\x00\x00\x00...\x00\x00\x00\x00\x00\x00\x00\x00\x00\x00\x00\x00\x00\x00\x00}
2015-10-01 16:36:11,294 [DEBUG] from org.eclipse.jetty.websocket.common.extensions.ExtensionStack in WebSocketClient@79394576-156 - Extension Configs=[]
2015-10-01 16:36:11,298 [DEBUG] from org.eclipse.jetty.util.component.ContainerLifeCycle in WebSocketClient@79394576-156 - WebSocketSession[websocket=JettyAnnotatedEventDriver[org.kurento.jsonrpc.client.JsonRpcClientWebSocket$WebSocketClientSocket@1af40de6],behavior=CLIENT,connection=WebSocketClientConnection@6d47f7d2{IDLE}{f=Flusher[queueSize=0,aggregateSize=0,failure=null],g=Generator[CLIENT,validating],p=Parser@69383659[ExtensionStack,s=START,c=0,len=0,f=null,p=WebSocketPolicy@67f63a7f[behavior=CLIENT,maxTextMessageSize=65536,maxTextMessageBufferSize=32768,maxBinaryMessageSize=65536,maxBinaryMessageBufferSize=32768,asyncWriteTimeout=60000,idleTimeout=300000,inputBufferSize=4096]]},remote=null,incoming=JettyAnnotatedEventDriver[org.kurento.jsonrpc.client.JsonRpcClientWebSocket$WebSocketClientSocket@1af40de6],outgoing=ExtensionStack[queueSize=0,extensions=[],incoming=org.eclipse.jetty.websocket.common.WebSocketSession,outgoing=org.eclipse.jetty.websocket.client.io.WebSocketClientConnection]] added {ExtensionStack[queueSize=0,extensions=[],incoming=org.eclipse.jetty.websocket.common.WebSocketSession,outgoing=org.eclipse.jetty.websocket.client.io.WebSocketClientConnection],AUTO}
2015-10-01 16:36:11,298 [DEBUG] from org.eclipse.jetty.util.component.ContainerLifeCycle in WebSocketClient@79394576-156 - org.eclipse.jetty.websocket.client.WebSocketClient@4bb7710 added {WebSocketSession[websocket=JettyAnnotatedEventDriver[org.kurento.jsonrpc.client.JsonRpcClientWebSocket$WebSocketClientSocket@1af40de6],behavior=CLIENT,connection=WebSocketClientConnection@6d47f7d2{IDLE}{f=Flusher[queueSize=0,aggregateSize=0,failure=null],g=Generator[CLIENT,validating],p=Parser@69383659[ExtensionStack,s=START,c=0,len=0,f=null,p=WebSocketPolicy@67f63a7f[behavior=CLIENT,maxTextMessageSize=65536,maxTextMessageBufferSize=32768,maxBinaryMessageSize=65536,maxBinaryMessageBufferSize=32768,asyncWriteTimeout=60000,idleTimeout=300000,inputBufferSize=4096]]},remote=null,incoming=JettyAnnotatedEventDriver[org.kurento.jsonrpc.client.JsonRpcClientWebSocket$WebSocketClientSocket@1af40de6],outgoing=ExtensionStack[queueSize=0,extensions=[],incoming=org.eclipse.jetty.websocket.common.WebSocketSession,outgoing=org.eclipse.jetty.websocket.client.io.WebSocketClientConnection]],MANAGED}
2015-10-01 16:36:11,299 [DEBUG] from org.eclipse.jetty.util.component.AbstractLifeCycle in WebSocketClient@79394576-156 - starting WebSocketSession[websocket=JettyAnnotatedEventDriver[org.kurento.jsonrpc.client.JsonRpcClientWebSocket$WebSocketClientSocket@1af40de6],behavior=CLIENT,connection=WebSocketClientConnection@6d47f7d2{IDLE}{f=Flusher[queueSize=0,aggregateSize=0,failure=null],g=Generator[CLIENT,validating],p=Parser@69383659[ExtensionStack,s=START,c=0,len=0,f=null,p=WebSocketPolicy@67f63a7f[behavior=CLIENT,maxTextMessageSize=65536,maxTextMessageBufferSize=32768,maxBinaryMessageSize=65536,maxBinaryMessageBufferSize=32768,asyncWriteTimeout=60000,idleTimeout=300000,inputBufferSize=4096]]},remote=null,incoming=JettyAnnotatedEventDriver[org.kurento.jsonrpc.client.JsonRpcClientWebSocket$WebSocketClientSocket@1af40de6],outgoing=ExtensionStack[queueSize=0,extensions=[],incoming=org.eclipse.jetty.websocket.common.WebSocketSession,outgoing=org.eclipse.jetty.websocket.client.io.WebSocketClientConnection]]
2015-10-01 16:36:11,299 [DEBUG] from org.eclipse.jetty.util.component.AbstractLifeCycle in WebSocketClient@79394576-156 - starting ExtensionStack[queueSize=0,extensions=[],incoming=org.eclipse.jetty.websocket.common.WebSocketSession,outgoing=org.eclipse.jetty.websocket.client.io.WebSocketClientConnection]
2015-10-01 16:36:11,299 [DEBUG] from org.eclipse.jetty.util.component.AbstractLifeCycle in WebSocketClient@79394576-156 - STARTED @111634ms ExtensionStack[queueSize=0,extensions=[],incoming=org.eclipse.jetty.websocket.common.WebSocketSession,outgoing=org.eclipse.jetty.websocket.client.io.WebSocketClientConnection]
2015-10-01 16:36:11,300 [DEBUG] from org.eclipse.jetty.util.component.AbstractLifeCycle in WebSocketClient@79394576-156 - STARTED @111634ms WebSocketSession[websocket=JettyAnnotatedEventDriver[org.kurento.jsonrpc.client.JsonRpcClientWebSocket$WebSocketClientSocket@1af40de6],behavior=CLIENT,connection=WebSocketClientConnection@6d47f7d2{IDLE}{f=Flusher[queueSize=0,aggregateSize=0,failure=null],g=Generator[CLIENT,validating],p=Parser@69383659[ExtensionStack,s=START,c=0,len=0,f=null,p=WebSocketPolicy@67f63a7f[behavior=CLIENT,maxTextMessageSize=65536,maxTextMessageBufferSize=32768,maxBinaryMessageSize=65536,maxBinaryMessageBufferSize=32768,asyncWriteTimeout=60000,idleTimeout=300000,inputBufferSize=4096]]},remote=null,incoming=JettyAnnotatedEventDriver[org.kurento.jsonrpc.client.JsonRpcClientWebSocket$WebSocketClientSocket@1af40de6],outgoing=ExtensionStack[queueSize=0,extensions=[],incoming=org.eclipse.jetty.websocket.common.WebSocketSession,outgoing=org.eclipse.jetty.websocket.client.io.WebSocketClientConnection]]
2015-10-01 16:36:11,301 [DEBUG] from org.eclipse.jetty.websocket.common.io.IOState in WebSocketClient@79394576-156 - Notify State Listeners: CONNECTED
2015-10-01 16:36:11,301 [DEBUG] from org.eclipse.jetty.websocket.common.io.IOState in WebSocketClient@79394576-156 - WebSocketClientConnection.onConnectionStateChange(CONNECTED)
2015-10-01 16:36:11,301 [DEBUG] from org.eclipse.jetty.websocket.common.io.AbstractWebSocketConnection in WebSocketClient@79394576-156 - CLIENT Connection State Change: CONNECTED
2015-10-01 16:36:11,314 [DEBUG] from org.eclipse.jetty.websocket.common.io.IOState in WebSocketClient@79394576-156 - WebSocketSession.onConnectionStateChange(CONNECTED)
2015-10-01 16:36:11,329 [DEBUG] from org.eclipse.jetty.websocket.common.events.AbstractEventDriver in WebSocketClient@79394576-156 - openSession(WebSocketSession[websocket=JettyAnnotatedEventDriver[org.kurento.jsonrpc.client.JsonRpcClientWebSocket$WebSocketClientSocket@1af40de6],behavior=CLIENT,connection=WebSocketClientConnection@6d47f7d2{IDLE}{f=Flusher[queueSize=0,aggregateSize=0,failure=null],g=Generator[CLIENT,validating],p=Parser@69383659[ExtensionStack,s=START,c=0,len=0,f=null,p=WebSocketPolicy@67f63a7f[behavior=CLIENT,maxTextMessageSize=65536,maxTextMessageBufferSize=32768,maxBinaryMessageSize=65536,maxBinaryMessageBufferSize=32768,asyncWriteTimeout=60000,idleTimeout=300000,inputBufferSize=4096]]},remote=WebSocketRemoteEndpoint@44acdf39[batching=true],incoming=JettyAnnotatedEventDriver[org.kurento.jsonrpc.client.JsonRpcClientWebSocket$WebSocketClientSocket@1af40de6],outgoing=ExtensionStack[queueSize=0,extensions=[],incoming=org.eclipse.jetty.websocket.common.WebSocketSession,outgoing=org.eclipse.jetty.websocket.client.io.WebSocketClientConnection]])
2015-10-01 16:36:11,331 [DEBUG] from org.eclipse.jetty.websocket.common.io.IOState in WebSocketClient@79394576-156 - Notify State Listeners: OPEN
2015-10-01 16:36:11,331 [DEBUG] from org.eclipse.jetty.websocket.common.io.IOState in WebSocketClient@79394576-156 - WebSocketClientConnection.onConnectionStateChange(OPEN)
2015-10-01 16:36:11,331 [DEBUG] from org.eclipse.jetty.websocket.common.io.AbstractWebSocketConnection in WebSocketClient@79394576-156 - CLIENT Connection State Change: OPEN
2015-10-01 16:36:11,331 [DEBUG] from org.eclipse.jetty.websocket.common.io.AbstractWebSocketConnection in WebSocketClient@79394576-156 - fillInterested
2015-10-01 16:36:11,331 [DEBUG] from org.eclipse.jetty.io.AbstractConnection in WebSocketClient@79394576-156 - fillInterested WebSocketClientConnection@6d47f7d2{IDLE}{f=Flusher[queueSize=0,aggregateSize=0,failure=null],g=Generator[CLIENT,validating],p=Parser@69383659[ExtensionStack,s=START,c=0,len=0,f=null,p=WebSocketPolicy@67f63a7f[behavior=CLIENT,maxTextMessageSize=65536,maxTextMessageBufferSize=32768,maxBinaryMessageSize=65536,maxBinaryMessageBufferSize=32768,asyncWriteTimeout=60000,idleTimeout=300000,inputBufferSize=4096]]}
2015-10-01 16:36:11,332 [DEBUG] from org.eclipse.jetty.io.AbstractConnection in WebSocketClient@79394576-156 - IDLE-->FILL_INTERESTED WebSocketClientConnection@6d47f7d2{FILL_INTERESTED}{f=Flusher[queueSize=0,aggregateSize=0,failure=null],g=Generator[CLIENT,validating],p=Parser@69383659[ExtensionStack,s=START,c=0,len=0,f=null,p=WebSocketPolicy@67f63a7f[behavior=CLIENT,maxTextMessageSize=65536,maxTextMessageBufferSize=32768,maxBinaryMessageSize=65536,maxBinaryMessageBufferSize=32768,asyncWriteTimeout=60000,idleTimeout=300000,inputBufferSize=4096]]}
2015-10-01 16:36:11,332 [DEBUG] from org.eclipse.jetty.io.SelectChannelEndPoint in WebSocketClient@79394576-156 - Changing interests in state UPDATED for SelectChannelEndPoint@6de7b71f{localhost/127.0.0.1:8888<->60930,Open,in,out,R,-,300000,WebSocketClientConnection}{io=0,kio=0,kro=1}
2015-10-01 16:36:11,332 [DEBUG] from org.eclipse.jetty.io.SelectChannelEndPoint in WebSocketClient@79394576-156 - changeInterests s=UPDATED 0->1 for SelectChannelEndPoint@6de7b71f{localhost/127.0.0.1:8888<->60930,Open,in,out,R,-,300000,WebSocketClientConnection}{io=0,kio=0,kro=1}
2015-10-01 16:36:11,332 [DEBUG] from org.eclipse.jetty.io.SelectorManager in WebSocketClient@79394576-156 - Queued change org.eclipse.jetty.io.SelectChannelEndPoint$1@29e13f1
2015-10-01 16:36:11,333 [DEBUG] from org.eclipse.jetty.websocket.common.io.IOState in WebSocketClient@79394576-156 - WebSocketSession.onConnectionStateChange(OPEN)
2015-10-01 16:36:11,333 [DEBUG] from org.eclipse.jetty.websocket.client.WebSocketClient in WebSocketClient@79394576-156 - Session Opened: WebSocketSession[websocket=JettyAnnotatedEventDriver[org.kurento.jsonrpc.client.JsonRpcClientWebSocket$WebSocketClientSocket@1af40de6],behavior=CLIENT,connection=WebSocketClientConnection@6d47f7d2{FILL_INTERESTED}{f=Flusher[queueSize=0,aggregateSize=0,failure=null],g=Generator[CLIENT,validating],p=Parser@69383659[ExtensionStack,s=START,c=0,len=0,f=null,p=WebSocketPolicy@67f63a7f[behavior=CLIENT,maxTextMessageSize=65536,maxTextMessageBufferSize=32768,maxBinaryMessageSize=65536,maxBinaryMessageBufferSize=32768,asyncWriteTimeout=60000,idleTimeout=300000,inputBufferSize=4096]]},remote=WebSocketRemoteEndpoint@44acdf39[batching=true],incoming=JettyAnnotatedEventDriver[org.kurento.jsonrpc.client.JsonRpcClientWebSocket$WebSocketClientSocket@1af40de6],outgoing=ExtensionStack[queueSize=0,extensions=[],incoming=org.eclipse.jetty.websocket.common.WebSocketSession,outgoing=org.eclipse.jetty.websocket.client.io.WebSocketClientConnection]]
2015-10-01 16:36:11,334 [DEBUG] from org.eclipse.jetty.io.SelectorManager in WebSocketClient@79394576-153-selector-WebSocketClientSelectorManager@10579d2e/0 - Selector loop woken up from select, 0/1 selected
2015-10-01 16:36:11,335 [DEBUG] from org.eclipse.jetty.io.SelectorManager in WebSocketClient@79394576-153-selector-WebSocketClientSelectorManager@10579d2e/0 - Running change org.eclipse.jetty.io.SelectChannelEndPoint$1@29e13f1
2015-10-01 16:36:11,335 [DEBUG] from org.eclipse.jetty.io.SelectChannelEndPoint in WebSocketClient@79394576-153-selector-WebSocketClientSelectorManager@10579d2e/0 - Updating key, state UPDATE_PENDING for SelectChannelEndPoint@6de7b71f{localhost/127.0.0.1:8888<->60930,Open,in,out,R,-,300000,WebSocketClientConnection}{io=1,kio=0,kro=1}
2015-10-01 16:36:11,336 [DEBUG] from org.eclipse.jetty.io.SelectChannelEndPoint in WebSocketClient@79394576-153-selector-WebSocketClientSelectorManager@10579d2e/0 - Key interests update 0 -> 1 for SelectChannelEndPoint@6de7b71f{localhost/127.0.0.1:8888<->60930,Open,in,out,R,-,300000,WebSocketClientConnection}{io=1,kio=0,kro=1}
2015-10-01 16:36:11,336 [DEBUG] from org.eclipse.jetty.io.SelectorManager in WebSocketClient@79394576-153-selector-WebSocketClientSelectorManager@10579d2e/0 - Selector loop waiting on select
2015-10-01 16:36:11,343 [DEBUG] from org.eclipse.jetty.websocket.common.WebSocketSession in WebSocketClient@79394576-156 - open -> WebSocketSession[websocket=JettyAnnotatedEventDriver[org.kurento.jsonrpc.client.JsonRpcClientWebSocket$WebSocketClientSocket@1af40de6],behavior=CLIENT,connection=WebSocketClientConnection@6d47f7d2{FILL_INTERESTED}{f=Flusher[queueSize=0,aggregateSize=0,failure=null],g=Generator[CLIENT,validating],p=Parser@69383659[ExtensionStack,s=START,c=0,len=0,f=null,p=WebSocketPolicy@67f63a7f[behavior=CLIENT,maxTextMessageSize=65536,maxTextMessageBufferSize=32768,maxBinaryMessageSize=65536,maxBinaryMessageBufferSize=32768,asyncWriteTimeout=60000,idleTimeout=300000,inputBufferSize=4096]]},remote=WebSocketRemoteEndpoint@44acdf39[batching=true],incoming=JettyAnnotatedEventDriver[org.kurento.jsonrpc.client.JsonRpcClientWebSocket$WebSocketClientSocket@1af40de6],outgoing=ExtensionStack[queueSize=0,extensions=[],incoming=org.eclipse.jetty.websocket.common.WebSocketSession,outgoing=org.eclipse.jetty.websocket.client.io.WebSocketClientConnection]] - STARTED
 +- incomingHandler : JettyAnnotatedEventDriver[org.kurento.jsonrpc.client.JsonRpcClientWebSocket$WebSocketClientSocket@1af40de6]
 +- outgoingHandler : ExtensionStack[queueSize=0,extensions=[],incoming=org.eclipse.jetty.websocket.common.WebSocketSession,outgoing=org.eclipse.jetty.websocket.client.io.WebSocketClientConnection] - STARTED
     +- Stack
         +- Network  : WebSocketClientConnection@6d47f7d2{FILL_INTERESTED}{f=Flusher[queueSize=0,aggregateSize=0,failure=null],g=Generator[CLIENT,validating],p=Parser@69383659[ExtensionStack,s=START,c=0,len=0,f=null,p=WebSocketPolicy@67f63a7f[behavior=CLIENT,maxTextMessageSize=65536,maxTextMessageBufferSize=32768,maxBinaryMessageSize=65536,maxBinaryMessageBufferSize=32768,asyncWriteTimeout=60000,idleTimeout=300000,inputBufferSize=4096]]}
         +- Websocket: WebSocketSession[websocket=JettyAnnotatedEventDriver[org.kurento.jsonrpc.client.JsonRpcClientWebSocket$WebSocketClientSocket@1af40de6],behavior=CLIENT,connection=WebSocketClientConnection@6d47f7d2{FILL_INTERESTED}{f=Flusher[queueSize=0,aggregateSize=0,failure=null],g=Generator[CLIENT,validating],p=Parser@69383659[ExtensionStack,s=START,c=0,len=0,f=null,p=WebSocketPolicy@67f63a7f[behavior=CLIENT,maxTextMessageSize=65536,maxTextMessageBufferSize=32768,maxBinaryMessageSize=65536,maxBinaryMessageBufferSize=32768,asyncWriteTimeout=60000,idleTimeout=300000,inputBufferSize=4096]]},remote=WebSocketRemoteEndpoint@44acdf39[batching=true],incoming=JettyAnnotatedEventDriver[org.kurento.jsonrpc.client.JsonRpcClientWebSocket$WebSocketClientSocket@1af40de6],outgoing=ExtensionStack[queueSize=0,extensions=[],incoming=org.eclipse.jetty.websocket.common.WebSocketSession,outgoing=org.eclipse.jetty.websocket.client.io.WebSocketClientConnection]]

2015-10-01 16:36:11,344 [DEBUG] from org.eclipse.jetty.io.AbstractConnection in WebSocketClient@79394576-156 - onOpen WebSocketClientConnection@6d47f7d2{FILL_INTERESTED}{f=Flusher[queueSize=0,aggregateSize=0,failure=null],g=Generator[CLIENT,validating],p=Parser@69383659[ExtensionStack,s=START,c=0,len=0,f=null,p=WebSocketPolicy@67f63a7f[behavior=CLIENT,maxTextMessageSize=65536,maxTextMessageBufferSize=32768,maxBinaryMessageSize=65536,maxBinaryMessageBufferSize=32768,asyncWriteTimeout=60000,idleTimeout=300000,inputBufferSize=4096]]}
2015-10-01 16:36:11,354 [DEBUG] from org.eclipse.jetty.io.AbstractConnection in WebSocketClient@79394576-156 - FILLING-->IDLE UpgradeConnection@31c2bc7a{IDLE}
2015-10-01 16:36:11,469 [TRACE] from org.kurento.client.internal.client.RemoteObjectInvocationHandler in ForkJoinPool-1-worker-0 - Invoking method public abstract java.util.List org.kurento.client.ServerManager.getPipelines() on object [RemoteObject: type=ServerManager remoteRef=manager_ServerManager
2015-10-01 16:36:11,694 [DEBUG] from org.kurento.jsonrpc.client.JsonRpcClientWebSocket in ForkJoinPool-1-worker-0 - [KurentoClient]  Req-> {"id":1,"method":"invoke","params":{"object":"manager_ServerManager","operation":"getPipelines"},"jsonrpc":"2.0"}
2015-10-01 16:36:11,697 [DEBUG] from org.eclipse.jetty.websocket.common.WebSocketRemoteEndpoint in ForkJoinPool-1-worker-0 - sendString with HeapByteBuffer@b71925b0[p=0,l=113,c=113,r=113]={<<<{"id":1,"method":...jsonrpc":"2.0"}>>>}
2015-10-01 16:36:11,708 [DEBUG] from org.eclipse.jetty.websocket.common.extensions.ExtensionStack in ForkJoinPool-1-worker-0 - Queuing TEXT[len=113,fin=true,rsv=...,masked=false]
2015-10-01 16:36:11,711 [DEBUG] from org.eclipse.jetty.websocket.common.extensions.ExtensionStack in ForkJoinPool-1-worker-0 - Processing TEXT[len=113,fin=true,rsv=...,masked=false]
2015-10-01 16:36:11,711 [DEBUG] from org.eclipse.jetty.websocket.common.io.AbstractWebSocketConnection in ForkJoinPool-1-worker-0 - outgoingFrame(TEXT[len=113,fin=true,rsv=...,masked=true], org.eclipse.jetty.websocket.common.extensions.ExtensionStack$Flusher@1847e0f2[PROCESSING])
2015-10-01 16:36:11,722 [DEBUG] from org.eclipse.jetty.websocket.common.io.FrameFlusher in ForkJoinPool-1-worker-0 - Flusher[queueSize=1,aggregateSize=0,failure=null] queued FrameEntry[TEXT[len=113,fin=true,rsv=...,masked=true],org.eclipse.jetty.websocket.common.extensions.ExtensionStack$Flusher@1847e0f2[PROCESSING],AUTO,null]
2015-10-01 16:36:11,723 [DEBUG] from org.eclipse.jetty.websocket.common.io.FrameFlusher in ForkJoinPool-1-worker-0 - Flusher[queueSize=0,aggregateSize=0,failure=null] processing 1 entries: [FrameEntry[TEXT[len=113,fin=true,rsv=...,masked=true],org.eclipse.jetty.websocket.common.extensions.ExtensionStack$Flusher@1847e0f2[PROCESSING],AUTO,null]]
2015-10-01 16:36:11,723 [DEBUG] from org.eclipse.jetty.websocket.common.io.FrameFlusher in ForkJoinPool-1-worker-0 - Flusher[queueSize=0,aggregateSize=0,failure=null] acquired aggregate buffer java.nio.DirectByteBuffer[pos=0 lim=0 cap=32768]
2015-10-01 16:36:11,724 [DEBUG] from org.eclipse.jetty.websocket.common.io.FrameFlusher in ForkJoinPool-1-worker-0 - Flusher[queueSize=0,aggregateSize=0,failure=null] aggregated 1 frames: [FrameEntry[TEXT[len=0,fin=true,rsv=...,masked=true],org.eclipse.jetty.websocket.common.extensions.ExtensionStack$Flusher@1847e0f2[PROCESSING],AUTO,null]]
2015-10-01 16:36:11,725 [DEBUG] from org.eclipse.jetty.websocket.common.io.FrameFlusher in ForkJoinPool-1-worker-0 - Flusher[queueSize=0,aggregateSize=0,failure=null] processing 0 entries: []
2015-10-01 16:36:11,725 [DEBUG] from org.eclipse.jetty.websocket.common.io.FrameFlusher in ForkJoinPool-1-worker-0 - Flusher[queueSize=0,aggregateSize=0,failure=null] auto flushing
2015-10-01 16:36:11,725 [DEBUG] from org.eclipse.jetty.websocket.common.io.FrameFlusher in ForkJoinPool-1-worker-0 - Flusher[queueSize=0,aggregateSize=0,failure=null] flushing aggregate java.nio.DirectByteBuffer[pos=0 lim=119 cap=32768]
2015-10-01 16:36:11,725 [DEBUG] from org.eclipse.jetty.websocket.common.io.FrameFlusher in ForkJoinPool-1-worker-0 - Flusher[queueSize=0,aggregateSize=0,failure=null] flushing 0 frames: []
2015-10-01 16:36:11,726 [DEBUG] from org.eclipse.jetty.io.WriteFlusher in ForkJoinPool-1-worker-0 - write: WriteFlusher@479c8566{IDLE} [DirectByteBuffer@6b7e7ef9[p=0,l=119,c=32768,r=119]={<<<\x81\xF1Of4\x064D]bm\\\x05*m\x0bQ...^u \x08Fv,D\x0e$}H\x04$2>>>\x00\x00\x00\x00\x00\x00\x00\x00\x00\x00\x00\x00\x00\x00\x00\x00\x00...\x00\x00\x00\x00\x00\x00\x00\x00\x00\x00\x00\x00\x00\x00\x00}]
2015-10-01 16:36:11,726 [DEBUG] from org.eclipse.jetty.io.WriteFlusher in ForkJoinPool-1-worker-0 - update WriteFlusher@479c8566{WRITING}:IDLE-->WRITING
2015-10-01 16:36:11,727 [DEBUG] from org.eclipse.jetty.io.ChannelEndPoint in ForkJoinPool-1-worker-0 - flushed 119 SelectChannelEndPoint@6de7b71f{localhost/127.0.0.1:8888<->60930,Open,in,out,R,W,300000,WebSocketClientConnection}{io=1,kio=1,kro=1}
2015-10-01 16:36:11,727 [DEBUG] from org.eclipse.jetty.io.WriteFlusher in ForkJoinPool-1-worker-0 - update WriteFlusher@479c8566{IDLE}:WRITING-->IDLE
2015-10-01 16:36:11,727 [DEBUG] from org.eclipse.jetty.websocket.common.io.FrameFlusher in ForkJoinPool-1-worker-0 - Flusher[queueSize=0,aggregateSize=119,failure=null] processing 0 entries: []
2015-10-01 16:36:11,728 [DEBUG] from org.eclipse.jetty.websocket.common.io.FrameFlusher in ForkJoinPool-1-worker-0 - Flusher[queueSize=0,aggregateSize=119,failure=null] auto flushing
2015-10-01 16:36:11,728 [DEBUG] from org.eclipse.jetty.websocket.common.io.FrameFlusher in ForkJoinPool-1-worker-0 - Flusher[queueSize=0,aggregateSize=119,failure=null] flushing 0 frames: []
2015-10-01 16:36:11,728 [DEBUG] from org.eclipse.jetty.io.SelectorManager in WebSocketClient@79394576-153-selector-WebSocketClientSelectorManager@10579d2e/0 - Selector loop woken up from select, 1/1 selected
2015-10-01 16:36:11,728 [DEBUG] from org.eclipse.jetty.websocket.common.extensions.ExtensionStack in ForkJoinPool-1-worker-0 - Entering IDLE
2015-10-01 16:36:11,728 [DEBUG] from org.eclipse.jetty.io.SelectChannelEndPoint in WebSocketClient@79394576-153-selector-WebSocketClientSelectorManager@10579d2e/0 - Processing, state UPDATED for SelectChannelEndPoint@6de7b71f{localhost/127.0.0.1:8888<->60930,Open,in,out,R,-,300000,WebSocketClientConnection}{io=1,kio=1,kro=1}
2015-10-01 16:36:11,729 [DEBUG] from org.eclipse.jetty.io.SelectChannelEndPoint in WebSocketClient@79394576-153-selector-WebSocketClientSelectorManager@10579d2e/0 - onSelected 1->0 for SelectChannelEndPoint@6de7b71f{localhost/127.0.0.1:8888<->60930,Open,in,out,R,-,300000,WebSocketClientConnection}{io=0,kio=1,kro=1}
2015-10-01 16:36:11,729 [DEBUG] from org.eclipse.jetty.io.AbstractConnection in WebSocketClient@79394576-153-selector-WebSocketClientSelectorManager@10579d2e/0 - FILL_INTERESTED-->FILLING WebSocketClientConnection@6d47f7d2{FILLING}{f=Flusher[queueSize=0,aggregateSize=0,failure=null],g=Generator[CLIENT,validating],p=Parser@69383659[ExtensionStack,s=START,c=0,len=0,f=null,p=WebSocketPolicy@67f63a7f[behavior=CLIENT,maxTextMessageSize=65536,maxTextMessageBufferSize=32768,maxBinaryMessageSize=65536,maxBinaryMessageBufferSize=32768,asyncWriteTimeout=60000,idleTimeout=300000,inputBufferSize=4096]]}
2015-10-01 16:36:11,730 [DEBUG] from org.eclipse.jetty.websocket.common.io.AbstractWebSocketConnection in WebSocketClient@79394576-157 - CLIENT onFillable()
2015-10-01 16:36:11,730 [DEBUG] from org.eclipse.jetty.io.ChannelEndPoint in WebSocketClient@79394576-157 - filled 100 SelectChannelEndPoint@6de7b71f{localhost/127.0.0.1:8888<->60930,Open,in,out,-,-,300000,WebSocketClientConnection}{io=0,kio=1,kro=1}
2015-10-01 16:36:11,731 [DEBUG] from org.eclipse.jetty.websocket.common.io.AbstractWebSocketConnection in WebSocketClient@79394576-157 - Filled 100 bytes - DirectByteBuffer@67e04d0c[p=0,l=100,c=4096,r=100]={<<<\x81b{"id":1,"jsonrp...","value":[]}}\n>>>\x00\x00\x00\x00\x00\x00\x00\x00\x00\x00\x00\x00\x00\x00\x00\x00\x00...\x00\x00\x00\x00\x00\x00\x00\x00\x00\x00\x00\x00\x00\x00\x00}
2015-10-01 16:36:11,731 [DEBUG] from org.eclipse.jetty.websocket.common.Parser in WebSocketClient@79394576-157 - CLIENT Parsing 100 bytes
2015-10-01 16:36:11,736 [DEBUG] from org.eclipse.jetty.io.SelectChannelEndPoint in WebSocketClient@79394576-153-selector-WebSocketClientSelectorManager@10579d2e/0 - Updating key, state UPDATE_PENDING for SelectChannelEndPoint@6de7b71f{localhost/127.0.0.1:8888<->60930,Open,in,out,-,-,300000,WebSocketClientConnection}{io=0,kio=1,kro=1}
2015-10-01 16:36:11,737 [DEBUG] from org.eclipse.jetty.io.SelectChannelEndPoint in WebSocketClient@79394576-153-selector-WebSocketClientSelectorManager@10579d2e/0 - Key interests update 1 -> 0 for SelectChannelEndPoint@6de7b71f{localhost/127.0.0.1:8888<->60930,Open,in,out,-,-,300000,WebSocketClientConnection}{io=0,kio=1,kro=1}
2015-10-01 16:36:11,737 [DEBUG] from org.eclipse.jetty.io.SelectorManager in WebSocketClient@79394576-153-selector-WebSocketClientSelectorManager@10579d2e/0 - Selector loop waiting on select
2015-10-01 16:36:11,747 [DEBUG] from org.eclipse.jetty.websocket.common.Parser in WebSocketClient@79394576-157 - CLIENT OpCode TEXT, fin=true rsv=...
2015-10-01 16:36:11,747 [DEBUG] from org.eclipse.jetty.websocket.common.Parser in WebSocketClient@79394576-157 - CLIENT Payload Length: 98 - Parser@69383659[ExtensionStack,s=PAYLOAD_LEN,c=0,len=98,f=TEXT[len=0,fin=true,rsv=...,masked=false],p=WebSocketPolicy@67f63a7f[behavior=CLIENT,maxTextMessageSize=65536,maxTextMessageBufferSize=32768,maxBinaryMessageSize=65536,maxBinaryMessageBufferSize=32768,asyncWriteTimeout=60000,idleTimeout=300000,inputBufferSize=4096]]
2015-10-01 16:36:11,748 [DEBUG] from org.eclipse.jetty.websocket.common.Parser in WebSocketClient@79394576-157 - CLIENT Window: DirectByteBuffer@281ab5bb[p=0,l=98,c=98,r=98]={<<<{"id":1,"jsonrpc"...","value":[]}}\n>>>}
2015-10-01 16:36:11,748 [DEBUG] from org.eclipse.jetty.websocket.common.Parser in WebSocketClient@79394576-157 - CLIENT Parsed Frame: TEXT[len=98,fin=true,rsv=...,masked=false]
2015-10-01 16:36:11,748 [DEBUG] from org.eclipse.jetty.websocket.common.Parser in WebSocketClient@79394576-157 - CLIENT Notify ExtensionStack[queueSize=0,extensions=[],incoming=org.eclipse.jetty.websocket.common.WebSocketSession,outgoing=org.eclipse.jetty.websocket.client.io.WebSocketClientConnection]
2015-10-01 16:36:11,749 [DEBUG] from org.eclipse.jetty.websocket.common.events.AbstractEventDriver in WebSocketClient@79394576-157 - incomingFrame(TEXT[len=98,fin=true,rsv=...,masked=false])
2015-10-01 16:36:11,783 [DEBUG] from org.eclipse.jetty.websocket.common.Parser in WebSocketClient@79394576-157 - CLIENT Parsing 0 bytes
2015-10-01 16:36:11,784 [DEBUG] from org.eclipse.jetty.io.ChannelEndPoint in WebSocketClient@79394576-157 - filled 0 SelectChannelEndPoint@6de7b71f{localhost/127.0.0.1:8888<->60930,Open,in,out,-,-,300000,WebSocketClientConnection}{io=0,kio=0,kro=1}
2015-10-01 16:36:11,784 [DEBUG] from org.eclipse.jetty.io.AbstractConnection in WebSocketClient@79394576-157 - fillInterested WebSocketClientConnection@6d47f7d2{FILLING}{f=Flusher[queueSize=0,aggregateSize=0,failure=null],g=Generator[CLIENT,validating],p=Parser@69383659[ExtensionStack,s=START,c=0,len=98,f=null,p=WebSocketPolicy@67f63a7f[behavior=CLIENT,maxTextMessageSize=65536,maxTextMessageBufferSize=32768,maxBinaryMessageSize=65536,maxBinaryMessageBufferSize=32768,asyncWriteTimeout=60000,idleTimeout=300000,inputBufferSize=4096]]}
2015-10-01 16:36:11,785 [DEBUG] from org.eclipse.jetty.io.AbstractConnection in WebSocketClient@79394576-157 - FILLING-->FILLING_FILL_INTERESTED WebSocketClientConnection@6d47f7d2{FILLING_FILL_INTERESTED}{f=Flusher[queueSize=0,aggregateSize=0,failure=null],g=Generator[CLIENT,validating],p=Parser@69383659[ExtensionStack,s=START,c=0,len=98,f=null,p=WebSocketPolicy@67f63a7f[behavior=CLIENT,maxTextMessageSize=65536,maxTextMessageBufferSize=32768,maxBinaryMessageSize=65536,maxBinaryMessageBufferSize=32768,asyncWriteTimeout=60000,idleTimeout=300000,inputBufferSize=4096]]}
2015-10-01 16:36:11,785 [DEBUG] from org.eclipse.jetty.io.AbstractConnection in WebSocketClient@79394576-157 - FILLING_FILL_INTERESTED-->FILL_INTERESTED WebSocketClientConnection@6d47f7d2{FILL_INTERESTED}{f=Flusher[queueSize=0,aggregateSize=0,failure=null],g=Generator[CLIENT,validating],p=Parser@69383659[ExtensionStack,s=START,c=0,len=98,f=null,p=WebSocketPolicy@67f63a7f[behavior=CLIENT,maxTextMessageSize=65536,maxTextMessageBufferSize=32768,maxBinaryMessageSize=65536,maxBinaryMessageBufferSize=32768,asyncWriteTimeout=60000,idleTimeout=300000,inputBufferSize=4096]]}
2015-10-01 16:36:11,785 [DEBUG] from org.eclipse.jetty.io.SelectChannelEndPoint in WebSocketClient@79394576-157 - Changing interests in state UPDATED for SelectChannelEndPoint@6de7b71f{localhost/127.0.0.1:8888<->60930,Open,in,out,R,-,300000,WebSocketClientConnection}{io=0,kio=0,kro=1}
2015-10-01 16:36:11,786 [DEBUG] from org.eclipse.jetty.io.SelectChannelEndPoint in WebSocketClient@79394576-157 - changeInterests s=UPDATED 0->1 for SelectChannelEndPoint@6de7b71f{localhost/127.0.0.1:8888<->60930,Open,in,out,R,-,300000,WebSocketClientConnection}{io=0,kio=0,kro=1}
2015-10-01 16:36:11,786 [DEBUG] from org.eclipse.jetty.io.SelectorManager in WebSocketClient@79394576-157 - Queued change org.eclipse.jetty.io.SelectChannelEndPoint$1@29e13f1
2015-10-01 16:36:11,786 [DEBUG] from org.eclipse.jetty.io.SelectorManager in WebSocketClient@79394576-153-selector-WebSocketClientSelectorManager@10579d2e/0 - Selector loop woken up from select, 0/1 selected
2015-10-01 16:36:11,788 [DEBUG] from org.kurento.jsonrpc.client.JsonRpcClientWebSocket in ForkJoinPool-1-worker-0 - [KurentoClient]  <-Res {"id":1,"result":{"value":[],"sessionId":"818258f0-75bf-4d66-85a7-076b11fdff02"},"jsonrpc":"2.0"}
2015-10-01 16:36:11,789 [DEBUG] from org.eclipse.jetty.io.SelectorManager in WebSocketClient@79394576-153-selector-WebSocketClientSelectorManager@10579d2e/0 - Running change org.eclipse.jetty.io.SelectChannelEndPoint$1@29e13f1
2015-10-01 16:36:11,790 [DEBUG] from org.eclipse.jetty.io.SelectChannelEndPoint in WebSocketClient@79394576-153-selector-WebSocketClientSelectorManager@10579d2e/0 - Updating key, state UPDATE_PENDING for SelectChannelEndPoint@6de7b71f{localhost/127.0.0.1:8888<->60930,Open,in,out,R,-,300000,WebSocketClientConnection}{io=1,kio=0,kro=1}
2015-10-01 16:36:11,790 [DEBUG] from org.eclipse.jetty.io.SelectChannelEndPoint in WebSocketClient@79394576-153-selector-WebSocketClientSelectorManager@10579d2e/0 - Key interests update 0 -> 1 for SelectChannelEndPoint@6de7b71f{localhost/127.0.0.1:8888<->60930,Open,in,out,R,-,300000,WebSocketClientConnection}{io=1,kio=0,kro=1}
2015-10-01 16:36:11,791 [DEBUG] from org.eclipse.jetty.io.SelectorManager in WebSocketClient@79394576-153-selector-WebSocketClientSelectorManager@10579d2e/0 - Selector loop waiting on select
