\BOOKMARK [1][-]{section.1}{Introduction}{}% 1
\BOOKMARK [2][-]{subsection.1.1}{Background}{section.1}% 2
\BOOKMARK [2][-]{subsection.1.2}{Proposed Solution}{section.1}% 3
\BOOKMARK [2][-]{subsection.1.3}{Thesis Contribution}{section.1}% 4
\BOOKMARK [2][-]{subsection.1.4}{Outline}{section.1}% 5
\BOOKMARK [1][-]{section.2}{Related Work}{}% 6
\BOOKMARK [2][-]{subsection.2.1}{Early days of the Internet and its remaining flaws}{section.2}% 7
\BOOKMARK [2][-]{subsection.2.2}{Real time communications}{section.2}% 8
\BOOKMARK [2][-]{subsection.2.3}{Signaling: meet and get to know}{section.2}% 9
\BOOKMARK [3][-]{subsubsection.2.3.1}{WebRTC}{subsection.2.3}% 10
\BOOKMARK [3][-]{subsubsection.2.3.2}{Session Initiation Protocol}{subsection.2.3}% 11
\BOOKMARK [3][-]{subsubsection.2.3.3}{Extensible Messaging and Presence Protocol}{subsection.2.3}% 12
\BOOKMARK [2][-]{subsection.2.4}{Hypermedia: more than words, more than images}{section.2}% 13
\BOOKMARK [2][-]{subsection.2.5}{Extending collaboration tools with time manipulation}{section.2}% 14
\BOOKMARK [3][-]{subsubsection.2.5.1}{Streaming and Recording}{subsection.2.5}% 15
\BOOKMARK [3][-]{subsubsection.2.5.2}{Media Types}{subsection.2.5}% 16
\BOOKMARK [3][-]{subsubsection.2.5.3}{Collaborative Environment}{subsection.2.5}% 17
\BOOKMARK [2][-]{subsection.2.6}{Chapter Summary}{section.2}% 18
\BOOKMARK [1][-]{section.3}{Conclusion}{}% 19
\BOOKMARK [1][-]{section*.2}{References}{}% 20
